###############################################################################
#                                                                             #
# IAR C/C++ Compiler V7.51A/W32 for 8051                08/Jun/2011  10:49:50 #
# Copyright 2004-2009 IAR Systems AB.                                         #
#                                                                             #
#    Core               =  plain                                              #
#    Code model         =  banked                                             #
#    Data model         =  large                                              #
#    Calling convention =  xdata reentrant                                    #
#    Constant location  =  data_rom                                           #
#    Dptr setup         =  1,16                                               #
#    Source file        =  C:\Texas Instruments\ZStack-CC2530-2.3.1\Component #
#                          s\hal\common\hal_assert.c                          #
#    Command line       =  -f "C:\Texas Instruments\ZStack-CC2530-2.3.1\Proje #
#                          cts\zstack\Samples\SampleApp\CC2530DB\..\..\..\Too #
#                          ls\CC2530DB\f8wCoord.cfg" (-DCPU32MHZ              #
#                          -DROOT=__near_func -DMAC_CFG_APP_PENDING_QUEUE=TRU #
#                          E -DMAC_CFG_TX_DATA_MAX=5 -DMAC_CFG_TX_MAX=8       #
#                          -DMAC_CFG_RX_MAX=5 -DZDO_COORDINATOR -DRTR_NWK)    #
#                          -f "C:\Texas Instruments\ZStack-CC2530-2.3.1\Proje #
#                          cts\zstack\Samples\SampleApp\CC2530DB\..\..\..\Too #
#                          ls\CC2530DB\f8wConfig.cfg" (-DSECURE=0             #
#                          -DZG_SECURE_DYNAMIC=0 -DREFLECTOR                  #
#                          -DDEFAULT_CHANLIST=0x00000800                      #
#                          -DZDAPP_CONFIG_PAN_ID=0xFFFF                       #
#                          -DNWK_START_DELAY=100 -DEXTENDED_JOINING_RANDOM_MA #
#                          SK=0x007F -DBEACON_REQUEST_DELAY=100               #
#                          -DBEACON_REQ_DELAY_MASK=0x00FF                     #
#                          -DLINK_STATUS_JITTER_MASK=0x007F                   #
#                          -DROUTE_EXPIRY_TIME=30 -DAPSC_ACK_WAIT_DURATION_PO #
#                          LLED=3000 -DNWK_INDIRECT_MSG_TIMEOUT=7             #
#                          -DMAX_RREQ_ENTRIES=8 -DAPSC_MAX_FRAME_RETRIES=3    #
#                          -DNWK_MAX_DATA_RETRIES=2                           #
#                          -DMAX_POLL_FAILURE_RETRIES=2 -DMAX_BCAST=9         #
#                          -DAPS_MAX_GROUPS=16 -DMAX_RTG_ENTRIES=40           #
#                          -DNWK_MAX_BINDING_ENTRIES=4                        #
#                          -DMAX_BINDING_CLUSTER_IDS=4 "-DDEFAULT_KEY={0x01,  #
#                          0x03, 0x05, 0x07, 0x09, 0x0B, 0x0D, 0x0F, 0x00,    #
#                          0x02, 0x04, 0x06, 0x08, 0x0A, 0x0C, 0x0D}"         #
#                          -DMAC_MAX_FRAME_SIZE=116                           #
#                          -DZDNWKMGR_MIN_TRANSMISSIONS=20 "-DCONST=const     #
#                          __code" -DGENERIC=__generic                        #
#                          -DRFD_RCVC_ALWAYS_ON=FALSE -DPOLL_RATE=1000        #
#                          -DQUEUED_POLL_RATE=100 -DRESPONSE_POLL_RATE=100)   #
#                          -DREJOIN_POLL_RATE=440 "C:\Texas                   #
#                          Instruments\ZStack-CC2530-2.3.1\Components\hal\com #
#                          mon\hal_assert.c" -D BUILD_ALL_DEVICES -D          #
#                          HOLD_AUTO_START -D LCD_SUPPORTED -D                #
#                          HAL_UART=FALSE -lC "C:\Texas                       #
#                          Instruments\ZStack-CC2530-2.3.1\Projects\zstack\Sa #
#                          mples\SampleApp\CC2530DB\DemoEB\List\" -lA         #
#                          "C:\Texas Instruments\ZStack-CC2530-2.3.1\Projects #
#                          \zstack\Samples\SampleApp\CC2530DB\DemoEB\List\"   #
#                          --diag_suppress Pe001,Pa010 -o "C:\Texas           #
#                          Instruments\ZStack-CC2530-2.3.1\Projects\zstack\Sa #
#                          mples\SampleApp\CC2530DB\DemoEB\Obj\" -e           #
#                          --require_prototypes --debug --core=plain          #
#                          --dptr=16,1 --data_model=large                     #
#                          --code_model=banked --calling_convention=xdata_ree #
#                          ntrant --place_constants=data_rom                  #
#                          --nr_virtual_regs 16 -I "C:\Texas                  #
#                          Instruments\ZStack-CC2530-2.3.1\Projects\zstack\Sa #
#                          mples\SampleApp\CC2530DB\" -I "C:\Texas            #
#                          Instruments\ZStack-CC2530-2.3.1\Projects\zstack\Sa #
#                          mples\SampleApp\CC2530DB\..\SOURCE\" -I "C:\Texas  #
#                          Instruments\ZStack-CC2530-2.3.1\Projects\zstack\Sa #
#                          mples\SampleApp\CC2530DB\..\..\..\ZMAIN\TI2530DB\" #
#                           -I "C:\Texas Instruments\ZStack-CC2530-2.3.1\Proj #
#                          ects\zstack\Samples\SampleApp\CC2530DB\..\..\..\.. #
#                          \..\COMPONENTS\MT\" -I "C:\Texas                   #
#                          Instruments\ZStack-CC2530-2.3.1\Projects\zstack\Sa #
#                          mples\SampleApp\CC2530DB\..\..\..\..\..\COMPONENTS #
#                          \HAL\INCLUDE\" -I "C:\Texas                        #
#                          Instruments\ZStack-CC2530-2.3.1\Projects\zstack\Sa #
#                          mples\SampleApp\CC2530DB\..\..\..\..\..\COMPONENTS #
#                          \HAL\TARGET\CC2530EB\" -I "C:\Texas                #
#                          Instruments\ZStack-CC2530-2.3.1\Projects\zstack\Sa #
#                          mples\SampleApp\CC2530DB\..\..\..\..\..\COMPONENTS #
#                          \OSAL\MCU\CCSOC\" -I "C:\Texas                     #
#                          Instruments\ZStack-CC2530-2.3.1\Projects\zstack\Sa #
#                          mples\SampleApp\CC2530DB\..\..\..\..\..\COMPONENTS #
#                          \OSAL\INCLUDE\" -I "C:\Texas                       #
#                          Instruments\ZStack-CC2530-2.3.1\Projects\zstack\Sa #
#                          mples\SampleApp\CC2530DB\..\..\..\..\..\COMPONENTS #
#                          \STACK\AF\" -I "C:\Texas                           #
#                          Instruments\ZStack-CC2530-2.3.1\Projects\zstack\Sa #
#                          mples\SampleApp\CC2530DB\..\..\..\..\..\COMPONENTS #
#                          \STACK\NWK\" -I "C:\Texas                          #
#                          Instruments\ZStack-CC2530-2.3.1\Projects\zstack\Sa #
#                          mples\SampleApp\CC2530DB\..\..\..\..\..\COMPONENTS #
#                          \STACK\SEC\" -I "C:\Texas                          #
#                          Instruments\ZStack-CC2530-2.3.1\Projects\zstack\Sa #
#                          mples\SampleApp\CC2530DB\..\..\..\..\..\COMPONENTS #
#                          \STACK\SAPI\" -I "C:\Texas                         #
#                          Instruments\ZStack-CC2530-2.3.1\Projects\zstack\Sa #
#                          mples\SampleApp\CC2530DB\..\..\..\..\..\COMPONENTS #
#                          \STACK\SYS\" -I "C:\Texas                          #
#                          Instruments\ZStack-CC2530-2.3.1\Projects\zstack\Sa #
#                          mples\SampleApp\CC2530DB\..\..\..\..\..\COMPONENTS #
#                          \STACK\ZDO\" -I "C:\Texas                          #
#                          Instruments\ZStack-CC2530-2.3.1\Projects\zstack\Sa #
#                          mples\SampleApp\CC2530DB\..\..\..\..\..\COMPONENTS #
#                          \ZMAC\F8W\" -I "C:\Texas                           #
#                          Instruments\ZStack-CC2530-2.3.1\Projects\zstack\Sa #
#                          mples\SampleApp\CC2530DB\..\..\..\..\..\COMPONENTS #
#                          \ZMAC\" -I "C:\Texas Instruments\ZStack-CC2530-2.3 #
#                          .1\Projects\zstack\Samples\SampleApp\CC2530DB\..\. #
#                          .\..\..\..\COMPONENTS\SERVICES\SADDR\" -I          #
#                          "C:\Texas Instruments\ZStack-CC2530-2.3.1\Projects #
#                          \zstack\Samples\SampleApp\CC2530DB\..\..\..\..\..\ #
#                          COMPONENTS\SERVICES\SDATA\" -I "C:\Texas           #
#                          Instruments\ZStack-CC2530-2.3.1\Projects\zstack\Sa #
#                          mples\SampleApp\CC2530DB\..\..\..\..\..\COMPONENTS #
#                          \MAC\INCLUDE\" -I "C:\Texas                        #
#                          Instruments\ZStack-CC2530-2.3.1\Projects\zstack\Sa #
#                          mples\SampleApp\CC2530DB\..\..\..\..\..\COMPONENTS #
#                          \MAC\HIGH_LEVEL\" -I "C:\Texas                     #
#                          Instruments\ZStack-CC2530-2.3.1\Projects\zstack\Sa #
#                          mples\SampleApp\CC2530DB\..\..\..\..\..\COMPONENTS #
#                          \MAC\LOW_LEVEL\srf04\" -I "C:\Texas                #
#                          Instruments\ZStack-CC2530-2.3.1\Projects\zstack\Sa #
#                          mples\SampleApp\CC2530DB\..\..\..\..\..\COMPONENTS #
#                          \MAC\LOW_LEVEL\srf04\SINGLE_CHIP\" -I "C:\Program  #
#                          Files\IAR Systems\Embedded Workbench               #
#                          5.3\8051\INC\" -I "C:\Program Files\IAR            #
#                          Systems\Embedded Workbench 5.3\8051\INC\CLIB\"     #
#                          -Ohz                                               #
#    List file          =  C:\Texas Instruments\ZStack-CC2530-2.3.1\Projects\ #
#                          zstack\Samples\SampleApp\CC2530DB\DemoEB\List\hal_ #
#                          assert.lst                                         #
#    Object file        =  C:\Texas Instruments\ZStack-CC2530-2.3.1\Projects\ #
#                          zstack\Samples\SampleApp\CC2530DB\DemoEB\Obj\hal_a #
#                          ssert.r51                                          #
#                                                                             #
#                                                                             #
###############################################################################

C:\Texas Instruments\ZStack-CC2530-2.3.1\Components\hal\common\hal_assert.c
      1          /**************************************************************************************************
      2            Filename:       hal_assert.c
      3            Revised:        $Date: 2010-03-26 18:16:44 -0700 (Fri, 26 Mar 2010) $
      4            Revision:       $Revision: 22029 $
      5          
      6            Description:    Describe the purpose and contents of the file.
      7          
      8          
      9            Copyright 2006-2010 Texas Instruments Incorporated. All rights reserved.
     10          
     11            IMPORTANT: Your use of this Software is limited to those specific rights
     12            granted under the terms of a software license agreement between the user
     13            who downloaded the software, his/her employer (which must be your employer)
     14            and Texas Instruments Incorporated (the "License").  You may not use this
     15            Software unless you agree to abide by the terms of the License. The License
     16            limits your use, and you acknowledge, that the Software may not be modified,
     17            copied or distributed unless embedded on a Texas Instruments microcontroller
     18            or used solely and exclusively in conjunction with a Texas Instruments radio
     19            frequency transceiver, which is integrated into your product.  Other than for
     20            the foregoing purpose, you may not use, reproduce, copy, prepare derivative
     21            works of, modify, distribute, perform, display or sell this Software and/or
     22            its documentation for any purpose.
     23          
     24            YOU FURTHER ACKNOWLEDGE AND AGREE THAT THE SOFTWARE AND DOCUMENTATION ARE
     25            PROVIDED “AS IS” WITHOUT WARRANTY OF ANY KIND, EITHER EXPRESS OR IMPLIED,
     26            INCLUDING WITHOUT LIMITATION, ANY WARRANTY OF MERCHANTABILITY, TITLE,
     27            NON-INFRINGEMENT AND FITNESS FOR A PARTICULAR PURPOSE. IN NO EVENT SHALL
     28            TEXAS INSTRUMENTS OR ITS LICENSORS BE LIABLE OR OBLIGATED UNDER CONTRACT,
     29            NEGLIGENCE, STRICT LIABILITY, CONTRIBUTION, BREACH OF WARRANTY, OR OTHER
     30            LEGAL EQUITABLE THEORY ANY DIRECT OR INDIRECT DAMAGES OR EXPENSES
     31            INCLUDING BUT NOT LIMITED TO ANY INCIDENTAL, SPECIAL, INDIRECT, PUNITIVE
     32            OR CONSEQUENTIAL DAMAGES, LOST PROFITS OR LOST DATA, COST OF PROCUREMENT
     33            OF SUBSTITUTE GOODS, TECHNOLOGY, SERVICES, OR ANY CLAIMS BY THIRD PARTIES
     34            (INCLUDING BUT NOT LIMITED TO ANY DEFENSE THEREOF), OR OTHER SIMILAR COSTS.
     35          
     36            Should you have any questions regarding your right to use this Software,
     37            contact Texas Instruments Incorporated at www.TI.com.
     38          **************************************************************************************************/
     39          
     40          
     41          /* ------------------------------------------------------------------------------------------------
     42           *                                          Includes
     43           * ------------------------------------------------------------------------------------------------
     44           */
     45          #include "hal_assert.h"
     46          #include "hal_types.h"
     47          #include "hal_board.h"
     48          #include "hal_defs.h"
     49          #include "hal_mcu.h"
     50          
     51          #if (defined HAL_MCU_AVR) || (defined HAL_MCU_CC2430) || (defined HAL_MCU_CC2530) || \
     52              (defined HAL_MCU_CC2533) || (defined HAL_MCU_MSP430)
     53            /* for access to debug data */
     54            #include "mac_rx.h"
     55            #include "mac_tx.h"
     56          #endif
     57          
     58          /* ------------------------------------------------------------------------------------------------
     59           *                                       Local Prototypes
     60           * ------------------------------------------------------------------------------------------------
     61           */
     62          void halAssertHazardLights(void);
     63          
     64          
     65          /**************************************************************************************************
     66           * @fn          halAssertHandler
     67           *
     68           * @brief       Logic to handle an assert.
     69           *
     70           * @param       none
     71           *
     72           * @return      none
     73           **************************************************************************************************
     74           */
     75          void halAssertHandler(void)
     76          {
     77            /* execute code that handles asserts */
     78          #ifdef ASSERT_RESET
     79            HAL_SYSTEM_RESET();
     80          #else
     81            halAssertHazardLights();
     82          #endif
     83          
     84          }
     85          
     86          
     87          /**************************************************************************************************
     88           * @fn          halAssertHazardLights
     89           *
     90           * @brief       Blink LEDs to indicate an error.
     91           *
     92           * @param       none
     93           *
     94           * @return      none
     95           **************************************************************************************************
     96           */
     97          void halAssertHazardLights(void)
     98          {
     99            enum
    100            {
    101              DEBUG_DATA_RSTACK_HIGH_OFS,
    102              DEBUG_DATA_RSTACK_LOW_OFS,
    103              DEBUG_DATA_TX_ACTIVE_OFS,
    104              DEBUG_DATA_RX_ACTIVE_OFS,
    105          
    106          #if (defined HAL_MCU_AVR) || (defined HAL_MCU_CC2430)
    107              DEBUG_DATA_INT_MASK_OFS,
    108          #elif (defined HAL_MCU_CC2530) || (defined HAL_MCU_CC2533)
    109              DEBUG_DATA_INT_MASK0_OFS,
    110              DEBUG_DATA_INT_MASK1_OFS,
    111          #endif
    112          
    113              DEBUG_DATA_SIZE
    114            };
    115          
    116            uint8 buttonHeld;
    117            uint8 debugData[DEBUG_DATA_SIZE];
    118          
    119            /* disable all interrupts before anything else */
    120            HAL_DISABLE_INTERRUPTS();
    121          
    122            /*-------------------------------------------------------------------------------
    123             *  Initialize LEDs and turn them off.
    124             */
    125            HAL_BOARD_INIT();
    126          
    127            HAL_TURN_OFF_LED1();
    128            HAL_TURN_OFF_LED2();
    129            HAL_TURN_OFF_LED3();
    130            HAL_TURN_OFF_LED4();
    131          
    132            /*-------------------------------------------------------------------------------
    133             *  Master infinite loop.
    134             */
    135            for (;;)
    136            {
    137              buttonHeld = 0;
    138          
    139              /*-------------------------------------------------------------------------------
    140               *  "Hazard lights" loop.  A held keypress will exit this loop.
    141               */
    142              do
    143              {
    144                HAL_LED_BLINK_DELAY();
    145          
    146                /* toggle LEDS, the #ifdefs are in case HAL has logically remapped non-existent LEDs */
    147          #if (HAL_NUM_LEDS >= 1)
    148                HAL_TOGGLE_LED1();
    149          #if (HAL_NUM_LEDS >= 2)
    150                HAL_TOGGLE_LED2();
    151          #if (HAL_NUM_LEDS >= 3)
    152                HAL_TOGGLE_LED3();
    153          #if (HAL_NUM_LEDS >= 4)
    154                HAL_TOGGLE_LED4();
    155          #endif
    156          #endif
    157          #endif
    158          #endif
    159          
    160                /* escape hatch to continue execution, set escape to '1' to continue execution */
    161                {
    162                  static uint8 escape = 0;
    163                  if (escape)
    164                  {
    165                    escape = 0;
    166                    return;
    167                  }
    168                }
    169          
    170                /* break out of loop if button is held long enough */
    171                if (HAL_PUSH_BUTTON1())
    172                {
    173                  buttonHeld++;
    174                }
    175                else
    176                {
    177                  buttonHeld = 0;
    178                }
    179              }
    180              while (buttonHeld != 10);  /* loop until button is held specified number of loops */
    181          
    182              /*-------------------------------------------------------------------------------
    183               *  Just exited from "hazard lights" loop.
    184               */
    185          
    186              /* turn off all LEDs */
    187              HAL_TURN_OFF_LED1();
    188              HAL_TURN_OFF_LED2();
    189              HAL_TURN_OFF_LED3();
    190              HAL_TURN_OFF_LED4();
    191          
    192              /* wait for button release */
    193              HAL_DEBOUNCE(!HAL_PUSH_BUTTON1());
    194          
    195              /*-------------------------------------------------------------------------------
    196               *  Load debug data into memory.
    197               */
    198          #ifdef HAL_MCU_AVR
    199              {
    200                uint8 * pStack;
    201                pStack = (uint8 *) SP;
    202                pStack++; /* point to return address on stack */
    203                debugData[DEBUG_DATA_RSTACK_HIGH_OFS] = *pStack;
    204                pStack++;
    205                debugData[DEBUG_DATA_RSTACK_LOW_OFS] = *pStack;
    206              }
    207              debugData[DEBUG_DATA_INT_MASK_OFS] = EIMSK;
    208          #endif
    209          
    210          #if (defined HAL_MCU_CC2430)
    211              debugData[DEBUG_DATA_INT_MASK_OFS] = RFIM;
    212          #elif (defined HAL_MCU_CC2530) || (defined HAL_MCU_CC2533)
    213              debugData[DEBUG_DATA_INT_MASK0_OFS] = RFIRQM0;
    214              debugData[DEBUG_DATA_INT_MASK1_OFS] = RFIRQM1;
    215          #endif
    216          
    217          
    218          #if (defined HAL_MCU_AVR) || (defined HAL_MCU_CC2430) || (defined HAL_MCU_CC2530) || \
    219              (defined HAL_MCU_CC2533) || (defined HAL_MCU_MSP430)
    220              debugData[DEBUG_DATA_TX_ACTIVE_OFS] = macTxActive;
    221              debugData[DEBUG_DATA_RX_ACTIVE_OFS] = macRxActive;
    222          #endif
    223          
    224             /* initialize for data dump loop */
    225              {
    226                uint8 iBit;
    227                uint8 iByte;
    228          
    229                iBit  = 0;
    230                iByte = 0;
    231          
    232                /*-------------------------------------------------------------------------------
    233                 *  Data dump loop.  A button press cycles data bits to an LED.
    234                 */
    235                while (iByte < DEBUG_DATA_SIZE)
    236                {
    237                  /* wait for key press */
    238                  while(!HAL_PUSH_BUTTON1());
    239          
    240                  /* turn on all LEDs for first bit of byte, turn on three LEDs if not first bit */
    241                  HAL_TURN_ON_LED1();
    242                  HAL_TURN_ON_LED2();
    243                  HAL_TURN_ON_LED3();
    244                  if (iBit == 0)
    245                  {
    246                    HAL_TURN_ON_LED4();
    247                  }
    248                  else
    249                  {
    250                    HAL_TURN_OFF_LED4();
    251                  }
    252          
    253                  /* wait for debounced key release */
    254                  HAL_DEBOUNCE(!HAL_PUSH_BUTTON1());
    255          
    256                  /* turn off all LEDs */
    257                  HAL_TURN_OFF_LED1();
    258                  HAL_TURN_OFF_LED2();
    259                  HAL_TURN_OFF_LED3();
    260                  HAL_TURN_OFF_LED4();
    261          
    262                  /* output value of data bit to LED1 */
    263                  if (debugData[iByte] & (1 << (7 - iBit)))
    264                  {
    265                    HAL_TURN_ON_LED1();
    266                  }
    267                  else
    268                  {
    269                    HAL_TURN_OFF_LED1();
    270                  }
    271          
    272                  /* advance to next bit */
    273                  iBit++;
    274                  if (iBit == 8)
    275                  {
    276                    iBit = 0;
    277                    iByte++;
    278                  }
    279                }
    280              }
    281          
    282              /*
    283               *  About to enter "hazard lights" loop again.  Turn off LED1 in case the last bit
    284               *  displayed happened to be one.  This guarantees all LEDs are off at the start of
    285               *  the flashing loop which uses a toggle operation to change LED states.
    286               */
    287              HAL_TURN_OFF_LED1();
    288            }
    289          }
    290          
    291          
    292          /* ------------------------------------------------------------------------------------------------
    293           *                                    Compile Time Assertions
    294           * ------------------------------------------------------------------------------------------------
    295           */
    296          
    297          /* integrity check of type sizes */
    298          HAL_ASSERT_SIZE(  int8, 1);
    299          HAL_ASSERT_SIZE( uint8, 1);
    300          HAL_ASSERT_SIZE( int16, 2);
    301          HAL_ASSERT_SIZE(uint16, 2);
    302          HAL_ASSERT_SIZE( int32, 4);
    303          HAL_ASSERT_SIZE(uint32, 4);
    304          
    305          
    306          /**************************************************************************************************
    307          */

Errors: 1
Warnings: none
