###############################################################################
#                                                                             #
# IAR C/C++ Compiler V7.51A/W32 for 8051                08/Jun/2011  10:49:58 #
# Copyright 2004-2009 IAR Systems AB.                                         #
#                                                                             #
#    Core               =  plain                                              #
#    Code model         =  banked                                             #
#    Data model         =  large                                              #
#    Calling convention =  xdata reentrant                                    #
#    Constant location  =  data_rom                                           #
#    Dptr setup         =  1,16                                               #
#    Source file        =  C:\Texas Instruments\ZStack-CC2530-2.3.1\Component #
#                          s\mac\low_level\srf04\mac_sleep.c                  #
#    Command line       =  -f "C:\Texas Instruments\ZStack-CC2530-2.3.1\Proje #
#                          cts\zstack\Samples\SampleApp\CC2530DB\..\..\..\Too #
#                          ls\CC2530DB\f8wCoord.cfg" (-DCPU32MHZ              #
#                          -DROOT=__near_func -DMAC_CFG_APP_PENDING_QUEUE=TRU #
#                          E -DMAC_CFG_TX_DATA_MAX=5 -DMAC_CFG_TX_MAX=8       #
#                          -DMAC_CFG_RX_MAX=5 -DZDO_COORDINATOR -DRTR_NWK)    #
#                          -f "C:\Texas Instruments\ZStack-CC2530-2.3.1\Proje #
#                          cts\zstack\Samples\SampleApp\CC2530DB\..\..\..\Too #
#                          ls\CC2530DB\f8wConfig.cfg" (-DSECURE=0             #
#                          -DZG_SECURE_DYNAMIC=0 -DREFLECTOR                  #
#                          -DDEFAULT_CHANLIST=0x00000800                      #
#                          -DZDAPP_CONFIG_PAN_ID=0xFFFF                       #
#                          -DNWK_START_DELAY=100 -DEXTENDED_JOINING_RANDOM_MA #
#                          SK=0x007F -DBEACON_REQUEST_DELAY=100               #
#                          -DBEACON_REQ_DELAY_MASK=0x00FF                     #
#                          -DLINK_STATUS_JITTER_MASK=0x007F                   #
#                          -DROUTE_EXPIRY_TIME=30 -DAPSC_ACK_WAIT_DURATION_PO #
#                          LLED=3000 -DNWK_INDIRECT_MSG_TIMEOUT=7             #
#                          -DMAX_RREQ_ENTRIES=8 -DAPSC_MAX_FRAME_RETRIES=3    #
#                          -DNWK_MAX_DATA_RETRIES=2                           #
#                          -DMAX_POLL_FAILURE_RETRIES=2 -DMAX_BCAST=9         #
#                          -DAPS_MAX_GROUPS=16 -DMAX_RTG_ENTRIES=40           #
#                          -DNWK_MAX_BINDING_ENTRIES=4                        #
#                          -DMAX_BINDING_CLUSTER_IDS=4 "-DDEFAULT_KEY={0x01,  #
#                          0x03, 0x05, 0x07, 0x09, 0x0B, 0x0D, 0x0F, 0x00,    #
#                          0x02, 0x04, 0x06, 0x08, 0x0A, 0x0C, 0x0D}"         #
#                          -DMAC_MAX_FRAME_SIZE=116                           #
#                          -DZDNWKMGR_MIN_TRANSMISSIONS=20 "-DCONST=const     #
#                          __code" -DGENERIC=__generic                        #
#                          -DRFD_RCVC_ALWAYS_ON=FALSE -DPOLL_RATE=1000        #
#                          -DQUEUED_POLL_RATE=100 -DRESPONSE_POLL_RATE=100)   #
#                          -DREJOIN_POLL_RATE=440 "C:\Texas                   #
#                          Instruments\ZStack-CC2530-2.3.1\Components\mac\low #
#                          _level\srf04\mac_sleep.c" -D BUILD_ALL_DEVICES -D  #
#                          HOLD_AUTO_START -D LCD_SUPPORTED -D                #
#                          HAL_UART=FALSE -lC "C:\Texas                       #
#                          Instruments\ZStack-CC2530-2.3.1\Projects\zstack\Sa #
#                          mples\SampleApp\CC2530DB\DemoEB\List\" -lA         #
#                          "C:\Texas Instruments\ZStack-CC2530-2.3.1\Projects #
#                          \zstack\Samples\SampleApp\CC2530DB\DemoEB\List\"   #
#                          --diag_suppress Pe001,Pa010 -o "C:\Texas           #
#                          Instruments\ZStack-CC2530-2.3.1\Projects\zstack\Sa #
#                          mples\SampleApp\CC2530DB\DemoEB\Obj\" -e           #
#                          --require_prototypes --debug --core=plain          #
#                          --dptr=16,1 --data_model=large                     #
#                          --code_model=banked --calling_convention=xdata_ree #
#                          ntrant --place_constants=data_rom                  #
#                          --nr_virtual_regs 16 -I "C:\Texas                  #
#                          Instruments\ZStack-CC2530-2.3.1\Projects\zstack\Sa #
#                          mples\SampleApp\CC2530DB\" -I "C:\Texas            #
#                          Instruments\ZStack-CC2530-2.3.1\Projects\zstack\Sa #
#                          mples\SampleApp\CC2530DB\..\SOURCE\" -I "C:\Texas  #
#                          Instruments\ZStack-CC2530-2.3.1\Projects\zstack\Sa #
#                          mples\SampleApp\CC2530DB\..\..\..\ZMAIN\TI2530DB\" #
#                           -I "C:\Texas Instruments\ZStack-CC2530-2.3.1\Proj #
#                          ects\zstack\Samples\SampleApp\CC2530DB\..\..\..\.. #
#                          \..\COMPONENTS\MT\" -I "C:\Texas                   #
#                          Instruments\ZStack-CC2530-2.3.1\Projects\zstack\Sa #
#                          mples\SampleApp\CC2530DB\..\..\..\..\..\COMPONENTS #
#                          \HAL\INCLUDE\" -I "C:\Texas                        #
#                          Instruments\ZStack-CC2530-2.3.1\Projects\zstack\Sa #
#                          mples\SampleApp\CC2530DB\..\..\..\..\..\COMPONENTS #
#                          \HAL\TARGET\CC2530EB\" -I "C:\Texas                #
#                          Instruments\ZStack-CC2530-2.3.1\Projects\zstack\Sa #
#                          mples\SampleApp\CC2530DB\..\..\..\..\..\COMPONENTS #
#                          \OSAL\MCU\CCSOC\" -I "C:\Texas                     #
#                          Instruments\ZStack-CC2530-2.3.1\Projects\zstack\Sa #
#                          mples\SampleApp\CC2530DB\..\..\..\..\..\COMPONENTS #
#                          \OSAL\INCLUDE\" -I "C:\Texas                       #
#                          Instruments\ZStack-CC2530-2.3.1\Projects\zstack\Sa #
#                          mples\SampleApp\CC2530DB\..\..\..\..\..\COMPONENTS #
#                          \STACK\AF\" -I "C:\Texas                           #
#                          Instruments\ZStack-CC2530-2.3.1\Projects\zstack\Sa #
#                          mples\SampleApp\CC2530DB\..\..\..\..\..\COMPONENTS #
#                          \STACK\NWK\" -I "C:\Texas                          #
#                          Instruments\ZStack-CC2530-2.3.1\Projects\zstack\Sa #
#                          mples\SampleApp\CC2530DB\..\..\..\..\..\COMPONENTS #
#                          \STACK\SEC\" -I "C:\Texas                          #
#                          Instruments\ZStack-CC2530-2.3.1\Projects\zstack\Sa #
#                          mples\SampleApp\CC2530DB\..\..\..\..\..\COMPONENTS #
#                          \STACK\SAPI\" -I "C:\Texas                         #
#                          Instruments\ZStack-CC2530-2.3.1\Projects\zstack\Sa #
#                          mples\SampleApp\CC2530DB\..\..\..\..\..\COMPONENTS #
#                          \STACK\SYS\" -I "C:\Texas                          #
#                          Instruments\ZStack-CC2530-2.3.1\Projects\zstack\Sa #
#                          mples\SampleApp\CC2530DB\..\..\..\..\..\COMPONENTS #
#                          \STACK\ZDO\" -I "C:\Texas                          #
#                          Instruments\ZStack-CC2530-2.3.1\Projects\zstack\Sa #
#                          mples\SampleApp\CC2530DB\..\..\..\..\..\COMPONENTS #
#                          \ZMAC\F8W\" -I "C:\Texas                           #
#                          Instruments\ZStack-CC2530-2.3.1\Projects\zstack\Sa #
#                          mples\SampleApp\CC2530DB\..\..\..\..\..\COMPONENTS #
#                          \ZMAC\" -I "C:\Texas Instruments\ZStack-CC2530-2.3 #
#                          .1\Projects\zstack\Samples\SampleApp\CC2530DB\..\. #
#                          .\..\..\..\COMPONENTS\SERVICES\SADDR\" -I          #
#                          "C:\Texas Instruments\ZStack-CC2530-2.3.1\Projects #
#                          \zstack\Samples\SampleApp\CC2530DB\..\..\..\..\..\ #
#                          COMPONENTS\SERVICES\SDATA\" -I "C:\Texas           #
#                          Instruments\ZStack-CC2530-2.3.1\Projects\zstack\Sa #
#                          mples\SampleApp\CC2530DB\..\..\..\..\..\COMPONENTS #
#                          \MAC\INCLUDE\" -I "C:\Texas                        #
#                          Instruments\ZStack-CC2530-2.3.1\Projects\zstack\Sa #
#                          mples\SampleApp\CC2530DB\..\..\..\..\..\COMPONENTS #
#                          \MAC\HIGH_LEVEL\" -I "C:\Texas                     #
#                          Instruments\ZStack-CC2530-2.3.1\Projects\zstack\Sa #
#                          mples\SampleApp\CC2530DB\..\..\..\..\..\COMPONENTS #
#                          \MAC\LOW_LEVEL\srf04\" -I "C:\Texas                #
#                          Instruments\ZStack-CC2530-2.3.1\Projects\zstack\Sa #
#                          mples\SampleApp\CC2530DB\..\..\..\..\..\COMPONENTS #
#                          \MAC\LOW_LEVEL\srf04\SINGLE_CHIP\" -I "C:\Program  #
#                          Files\IAR Systems\Embedded Workbench               #
#                          5.3\8051\INC\" -I "C:\Program Files\IAR            #
#                          Systems\Embedded Workbench 5.3\8051\INC\CLIB\"     #
#                          -Ohz                                               #
#    List file          =  C:\Texas Instruments\ZStack-CC2530-2.3.1\Projects\ #
#                          zstack\Samples\SampleApp\CC2530DB\DemoEB\List\mac_ #
#                          sleep.lst                                          #
#    Object file        =  C:\Texas Instruments\ZStack-CC2530-2.3.1\Projects\ #
#                          zstack\Samples\SampleApp\CC2530DB\DemoEB\Obj\mac_s #
#                          leep.r51                                           #
#                                                                             #
#                                                                             #
###############################################################################

C:\Texas Instruments\ZStack-CC2530-2.3.1\Components\mac\low_level\srf04\mac_sleep.c
      1          /**************************************************************************************************
      2            Filename:       mac_sleep.c
      3            Revised:        $Date: 2007-10-29 19:11:44 -0700 (Mon, 29 Oct 2007) $
      4            Revision:       $Revision: 15810 $
      5          
      6            Description:    Describe the purpose and contents of the file.
      7          
      8          
      9            Copyright 2006-2009 Texas Instruments Incorporated. All rights reserved.
     10          
     11            IMPORTANT: Your use of this Software is limited to those specific rights
     12            granted under the terms of a software license agreement between the user
     13            who downloaded the software, his/her employer (which must be your employer)
     14            and Texas Instruments Incorporated (the "License").  You may not use this
     15            Software unless you agree to abide by the terms of the License. The License
     16            limits your use, and you acknowledge, that the Software may not be modified,
     17            copied or distributed unless embedded on a Texas Instruments microcontroller
     18            or used solely and exclusively in conjunction with a Texas Instruments radio
     19            frequency transceiver, which is integrated into your product.  Other than for
     20            the foregoing purpose, you may not use, reproduce, copy, prepare derivative
     21            works of, modify, distribute, perform, display or sell this Software and/or
     22            its documentation for any purpose.
     23          
     24            YOU FURTHER ACKNOWLEDGE AND AGREE THAT THE SOFTWARE AND DOCUMENTATION ARE
     25            PROVIDED “AS IS” WITHOUT WARRANTY OF ANY KIND, EITHER EXPRESS OR IMPLIED, 
     26            INCLUDING WITHOUT LIMITATION, ANY WARRANTY OF MERCHANTABILITY, TITLE, 
     27            NON-INFRINGEMENT AND FITNESS FOR A PARTICULAR PURPOSE. IN NO EVENT SHALL
     28            TEXAS INSTRUMENTS OR ITS LICENSORS BE LIABLE OR OBLIGATED UNDER CONTRACT,
     29            NEGLIGENCE, STRICT LIABILITY, CONTRIBUTION, BREACH OF WARRANTY, OR OTHER
     30            LEGAL EQUITABLE THEORY ANY DIRECT OR INDIRECT DAMAGES OR EXPENSES
     31            INCLUDING BUT NOT LIMITED TO ANY INCIDENTAL, SPECIAL, INDIRECT, PUNITIVE
     32            OR CONSEQUENTIAL DAMAGES, LOST PROFITS OR LOST DATA, COST OF PROCUREMENT
     33            OF SUBSTITUTE GOODS, TECHNOLOGY, SERVICES, OR ANY CLAIMS BY THIRD PARTIES
     34            (INCLUDING BUT NOT LIMITED TO ANY DEFENSE THEREOF), OR OTHER SIMILAR COSTS.
     35          
     36            Should you have any questions regarding your right to use this Software,
     37            contact Texas Instruments Incorporated at www.TI.com. 
     38          **************************************************************************************************/
     39          
     40          /* ------------------------------------------------------------------------------------------------
     41           *                                          Includes
     42           * ------------------------------------------------------------------------------------------------
     43           */
     44          
     45          /* hal */
     46          #include "hal_types.h"
     47          
     48          /* high-level */
     49          #include "mac_pib.h"
     50          
     51          /* exported low-level */
     52          #include "mac_low_level.h"
     53          
     54          /* low-level specific */
     55          #include "mac_sleep.h"
     56          #include "mac_radio.h"
     57          #include "mac_tx.h"
     58          #include "mac_rx.h"
     59          #include "mac_rx_onoff.h"
     60          
     61          /* target specific */
     62          #include "mac_radio_defs.h"
     63          
     64          /* debug */
     65          #include "mac_assert.h"
     66          
     67          
     68          /* ------------------------------------------------------------------------------------------------
     69           *                                         Global Variables
     70           * ------------------------------------------------------------------------------------------------
     71           */
     72          uint8 macSleepState = MAC_SLEEP_STATE_RADIO_OFF;
     73          
     74          
     75          /**************************************************************************************************
     76           * @fn          macSleepWakeUp
     77           *
     78           * @brief       Wake up the radio from sleep mode.
     79           *
     80           * @param       none
     81           *
     82           * @return      none
     83           **************************************************************************************************
     84           */
     85          MAC_INTERNAL_API void macSleepWakeUp(void)
     86          {
     87            /* don't wake up radio if it's already awake */
     88            if (macSleepState == MAC_SLEEP_STATE_AWAKE)
     89            {
     90              return;
     91            }
     92          
     93            /* wake up MAC timer */
     94            MAC_RADIO_TIMER_WAKE_UP();
     95          
     96            /* if radio was completely off, restore from that state first */
     97            if (macSleepState == MAC_SLEEP_STATE_RADIO_OFF)
     98            {
     99              /* turn on radio power (turns on oscillator too) */
    100              MAC_RADIO_TURN_ON_POWER();
    101          
    102              /* power-up initialization of receive logic */
    103              macRxRadioPowerUpInit();
    104            }
    105            else
    106            {
    107              MAC_ASSERT(macSleepState == MAC_SLEEP_STATE_OSC_OFF);
    108          
    109              /* turn on the oscillator */
    110              MAC_RADIO_TURN_ON_OSC();
    111            }
    112          
    113            /* update sleep state here before requesting to turn on receiver */
    114            macSleepState = MAC_SLEEP_STATE_AWAKE;
    115          
    116            /* turn on the receiver if enabled */
    117            macRxOnRequest();
    118          }
    119          
    120          
    121          /**************************************************************************************************
    122           * @fn          macSleep
    123           *
    124           * @brief       Puts radio into the selected sleep mode.
    125           *
    126           * @param       sleepState - selected sleep level, see #defines in .h file
    127           *
    128           * @return      TRUE if radio was successfully put into selected sleep mode.
    129           *              FALSE if it was not safe for radio to go to sleep.
    130           **************************************************************************************************
    131           */
    132          MAC_INTERNAL_API uint8 macSleep(uint8 sleepState)
    133          {
    134            halIntState_t  s;
    135          
    136            /* disable interrupts until macSleepState can be set */
    137            HAL_ENTER_CRITICAL_SECTION(s);
    138          
    139            /* assert checks */
    140            MAC_ASSERT(macSleepState == MAC_SLEEP_STATE_AWAKE); /* radio must be awake to put it to sleep */
    141            MAC_ASSERT(macRxFilter == RX_FILTER_OFF); /* do not sleep when scanning or in promiscuous mode */
    142          
    143            /* if either RX or TX is active or any RX enable flags are set, it's not OK to sleep */
    144            if (macRxActive || macRxOutgoingAckFlag || macTxActive || macRxEnableFlags)
    145            {
    146              HAL_EXIT_CRITICAL_SECTION(s);
    147              return(FALSE);
    148            }
    149          
    150            /* turn off the receiver */
    151            macRxOff();
    152          
    153            /* update sleep state variable */
    154            macSleepState = sleepState;
    155          
    156            /* macSleepState is now set, re-enable interrupts */
    157            HAL_EXIT_CRITICAL_SECTION(s);
    158          
    159            /* put MAC timer to sleep */
    160            MAC_RADIO_TIMER_SLEEP();
    161          
    162            /* put radio in selected sleep mode */
    163            if (sleepState == MAC_SLEEP_STATE_OSC_OFF)
    164            {
    165              MAC_RADIO_TURN_OFF_OSC();
    166            }
    167            else
    168            {
    169              MAC_ASSERT(sleepState == MAC_SLEEP_STATE_RADIO_OFF); /* unknown sleep state */
    170              MAC_RADIO_TURN_OFF_POWER();
    171            }
    172          
    173            /* radio successfully entered sleep mode */
    174            return(TRUE);
    175          }
    176          
    177          
    178          
    179          /**************************************************************************************************
    180           *                                  Compile Time Integrity Checks
    181           **************************************************************************************************
    182           */
    183          #if ((MAC_SLEEP_STATE_AWAKE == MAC_SLEEP_STATE_OSC_OFF) ||  \
    184               (MAC_SLEEP_STATE_AWAKE == MAC_SLEEP_STATE_RADIO_OFF))
    185          #error "ERROR!  Non-unique state values."
    186          #endif
    187          
    188          
    189          /**************************************************************************************************
    190          */

Errors: 1
Warnings: none
