###############################################################################
#                                                                             #
# IAR C/C++ Compiler V7.51A/W32 for 8051                08/Jun/2011  10:49:57 #
# Copyright 2004-2009 IAR Systems AB.                                         #
#                                                                             #
#    Core               =  plain                                              #
#    Code model         =  banked                                             #
#    Data model         =  large                                              #
#    Calling convention =  xdata reentrant                                    #
#    Constant location  =  data_rom                                           #
#    Dptr setup         =  1,16                                               #
#    Source file        =  C:\Texas Instruments\ZStack-CC2530-2.3.1\Component #
#                          s\mac\low_level\srf04\single_chip\mac_rffrontend.c #
#    Command line       =  -f "C:\Texas Instruments\ZStack-CC2530-2.3.1\Proje #
#                          cts\zstack\Samples\SampleApp\CC2530DB\..\..\..\Too #
#                          ls\CC2530DB\f8wCoord.cfg" (-DCPU32MHZ              #
#                          -DROOT=__near_func -DMAC_CFG_APP_PENDING_QUEUE=TRU #
#                          E -DMAC_CFG_TX_DATA_MAX=5 -DMAC_CFG_TX_MAX=8       #
#                          -DMAC_CFG_RX_MAX=5 -DZDO_COORDINATOR -DRTR_NWK)    #
#                          -f "C:\Texas Instruments\ZStack-CC2530-2.3.1\Proje #
#                          cts\zstack\Samples\SampleApp\CC2530DB\..\..\..\Too #
#                          ls\CC2530DB\f8wConfig.cfg" (-DSECURE=0             #
#                          -DZG_SECURE_DYNAMIC=0 -DREFLECTOR                  #
#                          -DDEFAULT_CHANLIST=0x00000800                      #
#                          -DZDAPP_CONFIG_PAN_ID=0xFFFF                       #
#                          -DNWK_START_DELAY=100 -DEXTENDED_JOINING_RANDOM_MA #
#                          SK=0x007F -DBEACON_REQUEST_DELAY=100               #
#                          -DBEACON_REQ_DELAY_MASK=0x00FF                     #
#                          -DLINK_STATUS_JITTER_MASK=0x007F                   #
#                          -DROUTE_EXPIRY_TIME=30 -DAPSC_ACK_WAIT_DURATION_PO #
#                          LLED=3000 -DNWK_INDIRECT_MSG_TIMEOUT=7             #
#                          -DMAX_RREQ_ENTRIES=8 -DAPSC_MAX_FRAME_RETRIES=3    #
#                          -DNWK_MAX_DATA_RETRIES=2                           #
#                          -DMAX_POLL_FAILURE_RETRIES=2 -DMAX_BCAST=9         #
#                          -DAPS_MAX_GROUPS=16 -DMAX_RTG_ENTRIES=40           #
#                          -DNWK_MAX_BINDING_ENTRIES=4                        #
#                          -DMAX_BINDING_CLUSTER_IDS=4 "-DDEFAULT_KEY={0x01,  #
#                          0x03, 0x05, 0x07, 0x09, 0x0B, 0x0D, 0x0F, 0x00,    #
#                          0x02, 0x04, 0x06, 0x08, 0x0A, 0x0C, 0x0D}"         #
#                          -DMAC_MAX_FRAME_SIZE=116                           #
#                          -DZDNWKMGR_MIN_TRANSMISSIONS=20 "-DCONST=const     #
#                          __code" -DGENERIC=__generic                        #
#                          -DRFD_RCVC_ALWAYS_ON=FALSE -DPOLL_RATE=1000        #
#                          -DQUEUED_POLL_RATE=100 -DRESPONSE_POLL_RATE=100)   #
#                          -DREJOIN_POLL_RATE=440 "C:\Texas                   #
#                          Instruments\ZStack-CC2530-2.3.1\Components\mac\low #
#                          _level\srf04\single_chip\mac_rffrontend.c" -D      #
#                          BUILD_ALL_DEVICES -D HOLD_AUTO_START -D            #
#                          LCD_SUPPORTED -D HAL_UART=FALSE -lC "C:\Texas      #
#                          Instruments\ZStack-CC2530-2.3.1\Projects\zstack\Sa #
#                          mples\SampleApp\CC2530DB\DemoEB\List\" -lA         #
#                          "C:\Texas Instruments\ZStack-CC2530-2.3.1\Projects #
#                          \zstack\Samples\SampleApp\CC2530DB\DemoEB\List\"   #
#                          --diag_suppress Pe001,Pa010 -o "C:\Texas           #
#                          Instruments\ZStack-CC2530-2.3.1\Projects\zstack\Sa #
#                          mples\SampleApp\CC2530DB\DemoEB\Obj\" -e           #
#                          --require_prototypes --debug --core=plain          #
#                          --dptr=16,1 --data_model=large                     #
#                          --code_model=banked --calling_convention=xdata_ree #
#                          ntrant --place_constants=data_rom                  #
#                          --nr_virtual_regs 16 -I "C:\Texas                  #
#                          Instruments\ZStack-CC2530-2.3.1\Projects\zstack\Sa #
#                          mples\SampleApp\CC2530DB\" -I "C:\Texas            #
#                          Instruments\ZStack-CC2530-2.3.1\Projects\zstack\Sa #
#                          mples\SampleApp\CC2530DB\..\SOURCE\" -I "C:\Texas  #
#                          Instruments\ZStack-CC2530-2.3.1\Projects\zstack\Sa #
#                          mples\SampleApp\CC2530DB\..\..\..\ZMAIN\TI2530DB\" #
#                           -I "C:\Texas Instruments\ZStack-CC2530-2.3.1\Proj #
#                          ects\zstack\Samples\SampleApp\CC2530DB\..\..\..\.. #
#                          \..\COMPONENTS\MT\" -I "C:\Texas                   #
#                          Instruments\ZStack-CC2530-2.3.1\Projects\zstack\Sa #
#                          mples\SampleApp\CC2530DB\..\..\..\..\..\COMPONENTS #
#                          \HAL\INCLUDE\" -I "C:\Texas                        #
#                          Instruments\ZStack-CC2530-2.3.1\Projects\zstack\Sa #
#                          mples\SampleApp\CC2530DB\..\..\..\..\..\COMPONENTS #
#                          \HAL\TARGET\CC2530EB\" -I "C:\Texas                #
#                          Instruments\ZStack-CC2530-2.3.1\Projects\zstack\Sa #
#                          mples\SampleApp\CC2530DB\..\..\..\..\..\COMPONENTS #
#                          \OSAL\MCU\CCSOC\" -I "C:\Texas                     #
#                          Instruments\ZStack-CC2530-2.3.1\Projects\zstack\Sa #
#                          mples\SampleApp\CC2530DB\..\..\..\..\..\COMPONENTS #
#                          \OSAL\INCLUDE\" -I "C:\Texas                       #
#                          Instruments\ZStack-CC2530-2.3.1\Projects\zstack\Sa #
#                          mples\SampleApp\CC2530DB\..\..\..\..\..\COMPONENTS #
#                          \STACK\AF\" -I "C:\Texas                           #
#                          Instruments\ZStack-CC2530-2.3.1\Projects\zstack\Sa #
#                          mples\SampleApp\CC2530DB\..\..\..\..\..\COMPONENTS #
#                          \STACK\NWK\" -I "C:\Texas                          #
#                          Instruments\ZStack-CC2530-2.3.1\Projects\zstack\Sa #
#                          mples\SampleApp\CC2530DB\..\..\..\..\..\COMPONENTS #
#                          \STACK\SEC\" -I "C:\Texas                          #
#                          Instruments\ZStack-CC2530-2.3.1\Projects\zstack\Sa #
#                          mples\SampleApp\CC2530DB\..\..\..\..\..\COMPONENTS #
#                          \STACK\SAPI\" -I "C:\Texas                         #
#                          Instruments\ZStack-CC2530-2.3.1\Projects\zstack\Sa #
#                          mples\SampleApp\CC2530DB\..\..\..\..\..\COMPONENTS #
#                          \STACK\SYS\" -I "C:\Texas                          #
#                          Instruments\ZStack-CC2530-2.3.1\Projects\zstack\Sa #
#                          mples\SampleApp\CC2530DB\..\..\..\..\..\COMPONENTS #
#                          \STACK\ZDO\" -I "C:\Texas                          #
#                          Instruments\ZStack-CC2530-2.3.1\Projects\zstack\Sa #
#                          mples\SampleApp\CC2530DB\..\..\..\..\..\COMPONENTS #
#                          \ZMAC\F8W\" -I "C:\Texas                           #
#                          Instruments\ZStack-CC2530-2.3.1\Projects\zstack\Sa #
#                          mples\SampleApp\CC2530DB\..\..\..\..\..\COMPONENTS #
#                          \ZMAC\" -I "C:\Texas Instruments\ZStack-CC2530-2.3 #
#                          .1\Projects\zstack\Samples\SampleApp\CC2530DB\..\. #
#                          .\..\..\..\COMPONENTS\SERVICES\SADDR\" -I          #
#                          "C:\Texas Instruments\ZStack-CC2530-2.3.1\Projects #
#                          \zstack\Samples\SampleApp\CC2530DB\..\..\..\..\..\ #
#                          COMPONENTS\SERVICES\SDATA\" -I "C:\Texas           #
#                          Instruments\ZStack-CC2530-2.3.1\Projects\zstack\Sa #
#                          mples\SampleApp\CC2530DB\..\..\..\..\..\COMPONENTS #
#                          \MAC\INCLUDE\" -I "C:\Texas                        #
#                          Instruments\ZStack-CC2530-2.3.1\Projects\zstack\Sa #
#                          mples\SampleApp\CC2530DB\..\..\..\..\..\COMPONENTS #
#                          \MAC\HIGH_LEVEL\" -I "C:\Texas                     #
#                          Instruments\ZStack-CC2530-2.3.1\Projects\zstack\Sa #
#                          mples\SampleApp\CC2530DB\..\..\..\..\..\COMPONENTS #
#                          \MAC\LOW_LEVEL\srf04\" -I "C:\Texas                #
#                          Instruments\ZStack-CC2530-2.3.1\Projects\zstack\Sa #
#                          mples\SampleApp\CC2530DB\..\..\..\..\..\COMPONENTS #
#                          \MAC\LOW_LEVEL\srf04\SINGLE_CHIP\" -I "C:\Program  #
#                          Files\IAR Systems\Embedded Workbench               #
#                          5.3\8051\INC\" -I "C:\Program Files\IAR            #
#                          Systems\Embedded Workbench 5.3\8051\INC\CLIB\"     #
#                          -Ohz                                               #
#    List file          =  C:\Texas Instruments\ZStack-CC2530-2.3.1\Projects\ #
#                          zstack\Samples\SampleApp\CC2530DB\DemoEB\List\mac_ #
#                          rffrontend.lst                                     #
#    Object file        =  C:\Texas Instruments\ZStack-CC2530-2.3.1\Projects\ #
#                          zstack\Samples\SampleApp\CC2530DB\DemoEB\Obj\mac_r #
#                          ffrontend.r51                                      #
#                                                                             #
#                                                                             #
###############################################################################

C:\Texas Instruments\ZStack-CC2530-2.3.1\Components\mac\low_level\srf04\single_chip\mac_rffrontend.c
      1          /**************************************************************************************************
      2            Filename:       mac_rffrontend.c
      3            Revised:        $Date: 2010-04-12 09:29:57 -0700 (Mon, 12 Apr 2010) $
      4            Revision:       $Revision: 22157 $
      5          
      6            Description:    RF frontend configuration module
      7          
      8          
      9            Copyright 2009 Texas Instruments Incorporated. All rights reserved.
     10          
     11            IMPORTANT: Your use of this Software is limited to those specific rights
     12            granted under the terms of a software license agreement between the user
     13            who downloaded the software, his/her employer (which must be your employer)
     14            and Texas Instruments Incorporated (the "License").  You may not use this
     15            Software unless you agree to abide by the terms of the License. The License
     16            limits your use, and you acknowledge, that the Software may not be modified,
     17            copied or distributed unless embedded on a Texas Instruments microcontroller
     18            or used solely and exclusively in conjunction with a Texas Instruments radio
     19            frequency transceiver, which is integrated into your product.  Other than for
     20            the foregoing purpose, you may not use, reproduce, copy, prepare derivative
     21            works of, modify, distribute, perform, display or sell this Software and/or
     22            its documentation for any purpose.
     23          
     24            YOU FURTHER ACKNOWLEDGE AND AGREE THAT THE SOFTWARE AND DOCUMENTATION ARE
     25            PROVIDED “AS IS” WITHOUT WARRANTY OF ANY KIND, EITHER EXPRESS OR IMPLIED,
     26            INCLUDING WITHOUT LIMITATION, ANY WARRANTY OF MERCHANTABILITY, TITLE,
     27            NON-INFRINGEMENT AND FITNESS FOR A PARTICULAR PURPOSE. IN NO EVENT SHALL
     28            TEXAS INSTRUMENTS OR ITS LICENSORS BE LIABLE OR OBLIGATED UNDER CONTRACT,
     29            NEGLIGENCE, STRICT LIABILITY, CONTRIBUTION, BREACH OF WARRANTY, OR OTHER
     30            LEGAL EQUITABLE THEORY ANY DIRECT OR INDIRECT DAMAGES OR EXPENSES
     31            INCLUDING BUT NOT LIMITED TO ANY INCIDENTAL, SPECIAL, INDIRECT, PUNITIVE
     32            OR CONSEQUENTIAL DAMAGES, LOST PROFITS OR LOST DATA, COST OF PROCUREMENT
     33            OF SUBSTITUTE GOODS, TECHNOLOGY, SERVICES, OR ANY CLAIMS BY THIRD PARTIES
     34            (INCLUDING BUT NOT LIMITED TO ANY DEFENSE THEREOF), OR OTHER SIMILAR COSTS.
     35          
     36            Should you have any questions regarding your right to use this Software,
     37            contact Texas Instruments Incorporated at www.TI.com.
     38          **************************************************************************************************/
     39          
     40          /* ------------------------------------------------------------------------------------------------
     41           *                                             Includes
     42           * ------------------------------------------------------------------------------------------------
     43           */
     44          #include "hal_types.h"
     45          #include "hal_board_cfg.h"
     46          #include "hal_assert.h"
     47          #include "mac_api.h"
     48          
     49          
     50          /* ------------------------------------------------------------------------------------------------
     51           *                                        Global Constants
     52           * ------------------------------------------------------------------------------------------------
     53           */
     54          
     55          /* The following table index definitions are specific to a particular MAC build */
     56          #define MAC_CC2591_TX_PWR_TABLE_IDX   1
     57          #define MAC_CC2590_TX_PWR_TABLE_IDX   2
     58          #define MAC_CC2591_HGM_RSSI_ADJ_IDX   1
     59          #define MAC_CC2591_LGM_RSSI_ADJ_IDX   2
     60          #define MAC_CC2590_HGM_RSSI_ADJ_IDX   3
     61          #define MAC_CC2590_LGM_RSSI_ADJ_IDX   4
     62          
     63          /* ------------------------------------------------------------------------------------------------
     64           *                                           MACROS
     65           * ------------------------------------------------------------------------------------------------
     66           */
     67          #define HAL_PA_LNA_RX_HGM()                           st( P0_7 = 1; )
     68          #define HAL_PA_LNA_RX_LGM()                           st( P0_7 = 0; )
     69          
     70          
     71          /* ------------------------------------------------------------------------------------------------
     72           *                                       Function Prototypes
     73           * ------------------------------------------------------------------------------------------------
     74           */
     75          void MAC_RfFrontendSetup(void);
     76          
     77          /**************************************************************************************************
     78           * @fn          MAC_RfFrontendSetup
     79           *
     80           * @brief       Setup RF frontend.
     81           *
     82           * @param       none
     83           *
     84           * @return      none
     85           **************************************************************************************************
     86           */
     87          void MAC_RfFrontendSetup(void)
     88          {
     89            /* CC2591 HGM pin control configuration
     90             *   P0_7 -> HGM
     91             */
     92            HAL_PA_LNA_RX_HGM();
     93          
     94            /* Select power register value table and RSSI adjustment value table */
     95            MAC_SetRadioRegTable(MAC_CC2591_TX_PWR_TABLE_IDX, MAC_CC2591_HGM_RSSI_ADJ_IDX);
     96          }
     97          
     98          /**************************************************************************************************
     99           */

Errors: 1
Warnings: none
