###############################################################################
#                                                                             #
# IAR C/C++ Compiler V7.51A/W32 for 8051                08/Jun/2011  10:49:38 #
# Copyright 2004-2009 IAR Systems AB.                                         #
#                                                                             #
#    Core               =  plain                                              #
#    Code model         =  banked                                             #
#    Data model         =  large                                              #
#    Calling convention =  xdata reentrant                                    #
#    Constant location  =  data_rom                                           #
#    Dptr setup         =  1,16                                               #
#    Source file        =  C:\Texas Instruments\ZStack-CC2530-2.3.1\Component #
#                          s\mt\MT_DEBUG.c                                    #
#    Command line       =  -f "C:\Texas Instruments\ZStack-CC2530-2.3.1\Proje #
#                          cts\zstack\Samples\SampleApp\CC2530DB\..\..\..\Too #
#                          ls\CC2530DB\f8wCoord.cfg" (-DCPU32MHZ              #
#                          -DROOT=__near_func -DMAC_CFG_APP_PENDING_QUEUE=TRU #
#                          E -DMAC_CFG_TX_DATA_MAX=5 -DMAC_CFG_TX_MAX=8       #
#                          -DMAC_CFG_RX_MAX=5 -DZDO_COORDINATOR -DRTR_NWK)    #
#                          -f "C:\Texas Instruments\ZStack-CC2530-2.3.1\Proje #
#                          cts\zstack\Samples\SampleApp\CC2530DB\..\..\..\Too #
#                          ls\CC2530DB\f8wConfig.cfg" (-DSECURE=0             #
#                          -DZG_SECURE_DYNAMIC=0 -DREFLECTOR                  #
#                          -DDEFAULT_CHANLIST=0x00000800                      #
#                          -DZDAPP_CONFIG_PAN_ID=0xFFFF                       #
#                          -DNWK_START_DELAY=100 -DEXTENDED_JOINING_RANDOM_MA #
#                          SK=0x007F -DBEACON_REQUEST_DELAY=100               #
#                          -DBEACON_REQ_DELAY_MASK=0x00FF                     #
#                          -DLINK_STATUS_JITTER_MASK=0x007F                   #
#                          -DROUTE_EXPIRY_TIME=30 -DAPSC_ACK_WAIT_DURATION_PO #
#                          LLED=3000 -DNWK_INDIRECT_MSG_TIMEOUT=7             #
#                          -DMAX_RREQ_ENTRIES=8 -DAPSC_MAX_FRAME_RETRIES=3    #
#                          -DNWK_MAX_DATA_RETRIES=2                           #
#                          -DMAX_POLL_FAILURE_RETRIES=2 -DMAX_BCAST=9         #
#                          -DAPS_MAX_GROUPS=16 -DMAX_RTG_ENTRIES=40           #
#                          -DNWK_MAX_BINDING_ENTRIES=4                        #
#                          -DMAX_BINDING_CLUSTER_IDS=4 "-DDEFAULT_KEY={0x01,  #
#                          0x03, 0x05, 0x07, 0x09, 0x0B, 0x0D, 0x0F, 0x00,    #
#                          0x02, 0x04, 0x06, 0x08, 0x0A, 0x0C, 0x0D}"         #
#                          -DMAC_MAX_FRAME_SIZE=116                           #
#                          -DZDNWKMGR_MIN_TRANSMISSIONS=20 "-DCONST=const     #
#                          __code" -DGENERIC=__generic                        #
#                          -DRFD_RCVC_ALWAYS_ON=FALSE -DPOLL_RATE=1000        #
#                          -DQUEUED_POLL_RATE=100 -DRESPONSE_POLL_RATE=100)   #
#                          -DREJOIN_POLL_RATE=440 "C:\Texas                   #
#                          Instruments\ZStack-CC2530-2.3.1\Components\mt\MT_D #
#                          EBUG.c" -D BUILD_ALL_DEVICES -D HOLD_AUTO_START    #
#                          -D LCD_SUPPORTED -D HAL_UART=FALSE -lC "C:\Texas   #
#                          Instruments\ZStack-CC2530-2.3.1\Projects\zstack\Sa #
#                          mples\SampleApp\CC2530DB\DemoEB\List\" -lA         #
#                          "C:\Texas Instruments\ZStack-CC2530-2.3.1\Projects #
#                          \zstack\Samples\SampleApp\CC2530DB\DemoEB\List\"   #
#                          --diag_suppress Pe001,Pa010 -o "C:\Texas           #
#                          Instruments\ZStack-CC2530-2.3.1\Projects\zstack\Sa #
#                          mples\SampleApp\CC2530DB\DemoEB\Obj\" -e           #
#                          --require_prototypes --debug --core=plain          #
#                          --dptr=16,1 --data_model=large                     #
#                          --code_model=banked --calling_convention=xdata_ree #
#                          ntrant --place_constants=data_rom                  #
#                          --nr_virtual_regs 16 -I "C:\Texas                  #
#                          Instruments\ZStack-CC2530-2.3.1\Projects\zstack\Sa #
#                          mples\SampleApp\CC2530DB\" -I "C:\Texas            #
#                          Instruments\ZStack-CC2530-2.3.1\Projects\zstack\Sa #
#                          mples\SampleApp\CC2530DB\..\SOURCE\" -I "C:\Texas  #
#                          Instruments\ZStack-CC2530-2.3.1\Projects\zstack\Sa #
#                          mples\SampleApp\CC2530DB\..\..\..\ZMAIN\TI2530DB\" #
#                           -I "C:\Texas Instruments\ZStack-CC2530-2.3.1\Proj #
#                          ects\zstack\Samples\SampleApp\CC2530DB\..\..\..\.. #
#                          \..\COMPONENTS\MT\" -I "C:\Texas                   #
#                          Instruments\ZStack-CC2530-2.3.1\Projects\zstack\Sa #
#                          mples\SampleApp\CC2530DB\..\..\..\..\..\COMPONENTS #
#                          \HAL\INCLUDE\" -I "C:\Texas                        #
#                          Instruments\ZStack-CC2530-2.3.1\Projects\zstack\Sa #
#                          mples\SampleApp\CC2530DB\..\..\..\..\..\COMPONENTS #
#                          \HAL\TARGET\CC2530EB\" -I "C:\Texas                #
#                          Instruments\ZStack-CC2530-2.3.1\Projects\zstack\Sa #
#                          mples\SampleApp\CC2530DB\..\..\..\..\..\COMPONENTS #
#                          \OSAL\MCU\CCSOC\" -I "C:\Texas                     #
#                          Instruments\ZStack-CC2530-2.3.1\Projects\zstack\Sa #
#                          mples\SampleApp\CC2530DB\..\..\..\..\..\COMPONENTS #
#                          \OSAL\INCLUDE\" -I "C:\Texas                       #
#                          Instruments\ZStack-CC2530-2.3.1\Projects\zstack\Sa #
#                          mples\SampleApp\CC2530DB\..\..\..\..\..\COMPONENTS #
#                          \STACK\AF\" -I "C:\Texas                           #
#                          Instruments\ZStack-CC2530-2.3.1\Projects\zstack\Sa #
#                          mples\SampleApp\CC2530DB\..\..\..\..\..\COMPONENTS #
#                          \STACK\NWK\" -I "C:\Texas                          #
#                          Instruments\ZStack-CC2530-2.3.1\Projects\zstack\Sa #
#                          mples\SampleApp\CC2530DB\..\..\..\..\..\COMPONENTS #
#                          \STACK\SEC\" -I "C:\Texas                          #
#                          Instruments\ZStack-CC2530-2.3.1\Projects\zstack\Sa #
#                          mples\SampleApp\CC2530DB\..\..\..\..\..\COMPONENTS #
#                          \STACK\SAPI\" -I "C:\Texas                         #
#                          Instruments\ZStack-CC2530-2.3.1\Projects\zstack\Sa #
#                          mples\SampleApp\CC2530DB\..\..\..\..\..\COMPONENTS #
#                          \STACK\SYS\" -I "C:\Texas                          #
#                          Instruments\ZStack-CC2530-2.3.1\Projects\zstack\Sa #
#                          mples\SampleApp\CC2530DB\..\..\..\..\..\COMPONENTS #
#                          \STACK\ZDO\" -I "C:\Texas                          #
#                          Instruments\ZStack-CC2530-2.3.1\Projects\zstack\Sa #
#                          mples\SampleApp\CC2530DB\..\..\..\..\..\COMPONENTS #
#                          \ZMAC\F8W\" -I "C:\Texas                           #
#                          Instruments\ZStack-CC2530-2.3.1\Projects\zstack\Sa #
#                          mples\SampleApp\CC2530DB\..\..\..\..\..\COMPONENTS #
#                          \ZMAC\" -I "C:\Texas Instruments\ZStack-CC2530-2.3 #
#                          .1\Projects\zstack\Samples\SampleApp\CC2530DB\..\. #
#                          .\..\..\..\COMPONENTS\SERVICES\SADDR\" -I          #
#                          "C:\Texas Instruments\ZStack-CC2530-2.3.1\Projects #
#                          \zstack\Samples\SampleApp\CC2530DB\..\..\..\..\..\ #
#                          COMPONENTS\SERVICES\SDATA\" -I "C:\Texas           #
#                          Instruments\ZStack-CC2530-2.3.1\Projects\zstack\Sa #
#                          mples\SampleApp\CC2530DB\..\..\..\..\..\COMPONENTS #
#                          \MAC\INCLUDE\" -I "C:\Texas                        #
#                          Instruments\ZStack-CC2530-2.3.1\Projects\zstack\Sa #
#                          mples\SampleApp\CC2530DB\..\..\..\..\..\COMPONENTS #
#                          \MAC\HIGH_LEVEL\" -I "C:\Texas                     #
#                          Instruments\ZStack-CC2530-2.3.1\Projects\zstack\Sa #
#                          mples\SampleApp\CC2530DB\..\..\..\..\..\COMPONENTS #
#                          \MAC\LOW_LEVEL\srf04\" -I "C:\Texas                #
#                          Instruments\ZStack-CC2530-2.3.1\Projects\zstack\Sa #
#                          mples\SampleApp\CC2530DB\..\..\..\..\..\COMPONENTS #
#                          \MAC\LOW_LEVEL\srf04\SINGLE_CHIP\" -I "C:\Program  #
#                          Files\IAR Systems\Embedded Workbench               #
#                          5.3\8051\INC\" -I "C:\Program Files\IAR            #
#                          Systems\Embedded Workbench 5.3\8051\INC\CLIB\"     #
#                          -Ohz                                               #
#    List file          =  C:\Texas Instruments\ZStack-CC2530-2.3.1\Projects\ #
#                          zstack\Samples\SampleApp\CC2530DB\DemoEB\List\MT_D #
#                          EBUG.lst                                           #
#    Object file        =  C:\Texas Instruments\ZStack-CC2530-2.3.1\Projects\ #
#                          zstack\Samples\SampleApp\CC2530DB\DemoEB\Obj\MT_DE #
#                          BUG.r51                                            #
#                                                                             #
#                                                                             #
###############################################################################

C:\Texas Instruments\ZStack-CC2530-2.3.1\Components\mt\MT_DEBUG.c
      1          /***************************************************************************************************
      2            Filename:       MT.c
      3            Revised:        $Date: 2008-02-12 16:28:45 -0800 (Tue, 12 Feb 2008) $
      4            Revision:       $Revision: 16392 $
      5          
      6            Description:
      7          
      8            Copyright 2007 Texas Instruments Incorporated. All rights reserved.
      9          
     10            IMPORTANT: Your use of this Software is limited to those specific rights
     11            granted under the terms of a software license agreement between the user
     12            who downloaded the software, his/her employer (which must be your employer)
     13            and Texas Instruments Incorporated (the "License").  You may not use this
     14            Software unless you agree to abide by the terms of the License. The License
     15            limits your use, and you acknowledge, that the Software may not be modified,
     16            copied or distributed unless embedded on a Texas Instruments microcontroller
     17            or used solely and exclusively in conjunction with a Texas Instruments radio
     18            frequency transceiver, which is integrated into your product.  Other than for
     19            the foregoing purpose, you may not use, reproduce, copy, prepare derivative
     20            works of, modify, distribute, perform, display or sell this Software and/or
     21            its documentation for any purpose.
     22          
     23            YOU FURTHER ACKNOWLEDGE AND AGREE THAT THE SOFTWARE AND DOCUMENTATION ARE
     24            PROVIDED “AS IS” WITHOUT WARRANTY OF ANY KIND, EITHER EXPRESS OR IMPLIED,
     25            INCLUDING WITHOUT LIMITATION, ANY WARRANTY OF MERCHANTABILITY, TITLE,
     26            NON-INFRINGEMENT AND FITNESS FOR A PARTICULAR PURPOSE. IN NO EVENT SHALL
     27            TEXAS INSTRUMENTS OR ITS LICENSORS BE LIABLE OR OBLIGATED UNDER CONTRACT,
     28            NEGLIGENCE, STRICT LIABILITY, CONTRIBUTION, BREACH OF WARRANTY, OR OTHER
     29            LEGAL EQUITABLE THEORY ANY DIRECT OR INDIRECT DAMAGES OR EXPENSES
     30            INCLUDING BUT NOT LIMITED TO ANY INCIDENTAL, SPECIAL, INDIRECT, PUNITIVE
     31            OR CONSEQUENTIAL DAMAGES, LOST PROFITS OR LOST DATA, COST OF PROCUREMENT
     32            OF SUBSTITUTE GOODS, TECHNOLOGY, SERVICES, OR ANY CLAIMS BY THIRD PARTIES
     33            (INCLUDING BUT NOT LIMITED TO ANY DEFENSE THEREOF), OR OTHER SIMILAR COSTS.
     34          
     35            Should you have any questions regarding your right to use this Software,
     36            contact Texas Instruments Incorporated at www.TI.com.
     37          
     38           ***************************************************************************************************/
     39          
     40          /***************************************************************************************************
     41           * INCLUDES
     42           ***************************************************************************************************/
     43          #include "ZComDef.h"
     44          #include "MT.h"
     45          #include "MT_DEBUG.h"
     46          #include "MT_UART.h"
     47          
     48          /***************************************************************************************************
     49           * LOCAL FUNCTIONs
     50           ***************************************************************************************************/
     51          #if defined (MT_DEBUG_FUNC)
     52          void MT_DebugSetThreshold(uint8 *pBuf);
     53          #endif
     54          
     55          #if defined (MT_DEBUG_FUNC)
     56          /***************************************************************************************************
     57           * @fn      MT_DebugProcessing
     58           *
     59           * @brief   Process all the DEBUG commands that are issued by test tool
     60           *
     61           * @param   pBuf - pointer to received buffer
     62           *
     63           * @return  status
     64           ***************************************************************************************************/
     65          uint8 MT_DebugCommandProcessing(uint8 *pBuf)
     66          {
     67            uint8 status = MT_RPC_SUCCESS;
     68          
     69            switch (pBuf[MT_RPC_POS_CMD1])
     70            {
     71              case MT_DEBUG_SET_THRESHOLD:
     72                MT_DebugSetThreshold(pBuf);
     73                break;
     74          
     75              default:
     76                status = MT_RPC_ERR_COMMAND_ID;
     77                break;
     78            }
     79          
     80            return status;
     81          }
     82          
     83          /***************************************************************************************************
     84           * @fn      MT_DebugSetThreshold
     85           *
     86           * @brief   Process Debug Set Threshold
     87           *
     88           * @param   pBuf - pointer to received buffer
     89           *
     90           * @return  void
     91           ***************************************************************************************************/
     92          void MT_DebugSetThreshold(uint8 *pBuf)
     93          {
     94            uint8 retValue = ZSuccess;
     95            uint8 cmdId;
     96          
     97            /* parse header */
     98            cmdId = pBuf[MT_RPC_POS_CMD1];
     99            pBuf += MT_RPC_FRAME_HDR_SZ;
    100          
    101            /* Populate info */
    102            debugCompId = *pBuf++;
    103            debugThreshold = *pBuf++;
    104          
    105            /* Build and send back the response */
    106            MT_BuildAndSendZToolResponse(((uint8)MT_RPC_CMD_SRSP | (uint8)MT_RPC_SYS_DBG), cmdId, 1, &retValue);
    107          }
    108          #endif /* MT_DEBUG_FUNC */
    109          
    110          /***************************************************************************************************
    111           * @fn      MT_ProcessDebugMsg
    112           *
    113           * @brief   Build and send a debug message.
    114           *
    115           * @param   byte *data - pointer to the data portion of the debug message
    116           *
    117           * @return  void
    118           ***************************************************************************************************/
    119          void MT_ProcessDebugMsg( mtDebugMsg_t *msg )
    120          {
    121            byte *msg_ptr;
    122            byte dataLen;
    123            uint8 buf[11];
    124            uint8 *pBuf;
    125          
    126            /* Calculate the data length based */
    127            dataLen = 5 + (msg->numParams * sizeof ( uint16 ));
    128          
    129            /* Get a message buffer to build the debug message */
    130            msg_ptr = osal_msg_allocate( (byte)(SPI_0DATA_MSG_LEN + dataLen + 1) );
    131            if ( msg_ptr )
    132            {
    133              /* Build the message */
    134              pBuf = buf;
    135              *pBuf++ = msg->compID;
    136              *pBuf++ = msg->severity;
    137              *pBuf++ = msg->numParams;
    138          
    139              if ( msg->numParams >= 1 )
    140              {
    141                *pBuf++ = LO_UINT16( msg->param1 );
    142                *pBuf++ = HI_UINT16( msg->param1 );
    143              }
    144          
    145              if ( msg->numParams >= 2 )
    146              {
    147                *pBuf++ = LO_UINT16( msg->param2 );
    148                *pBuf++ = HI_UINT16( msg->param2 );
    149              }
    150          
    151              if ( msg->numParams == 3 )
    152              {
    153                *pBuf++ = LO_UINT16( msg->param3 );
    154                *pBuf++ = HI_UINT16( msg->param3 );
    155              }
    156          
    157              *pBuf++ = LO_UINT16( msg->timestamp );
    158              *pBuf++ = HI_UINT16( msg->timestamp );
    159          
    160          #ifdef MT_UART_DEFAULT_PORT
    161              /* Debug message is set to AREQ CMD 0x80 for now */
    162              /* Build and send back the response */
    163              MT_BuildAndSendZToolResponse(((uint8)MT_RPC_CMD_AREQ | (uint8)MT_RPC_SYS_DBG), 0x80, dataLen, buf);
    164          #endif
    165              osal_msg_deallocate( msg_ptr );
    166            }
    167          }
    168          
    169          /***************************************************************************************************
    170           * @fn      MT_ProcessDebugStr
    171           *
    172           * @brief   Build and send a debug string.
    173           *
    174           * @param   byte *dstr - pointer to the data portion of the debug message
    175           *
    176           * @return  void
    177           ***************************************************************************************************/
    178          void MT_ProcessDebugStr(mtDebugStr_t *dstr)
    179          {
    180            byte *msg_ptr;
    181          
    182            /* Get a message buffer to build the debug message */
    183            msg_ptr = osal_mem_alloc( (byte)(SPI_0DATA_MSG_LEN + dstr->strLen) );
    184            if ( msg_ptr )
    185            {
    186          #ifdef MT_UART_DEFAULT_PORT
    187              /* Debug message is set to AREQ CMD 0x80 for now */
    188              /* Build and send back the response */
    189              MT_BuildAndSendZToolResponse(((uint8)MT_RPC_CMD_AREQ | (uint8)MT_RPC_SYS_DBG), MT_DEBUG_MSG, dstr->strLen, dstr->pString);
    190          #endif
    191              osal_mem_free( msg_ptr );
    192            }
    193          }
    194          /***************************************************************************************************
    195           ***************************************************************************************************/

Errors: 1
Warnings: none
