###############################################################################
#                                                                             #
# IAR C/C++ Compiler V7.51A/W32 for 8051                08/Jun/2011  10:49:43 #
# Copyright 2004-2009 IAR Systems AB.                                         #
#                                                                             #
#    Core               =  plain                                              #
#    Code model         =  banked                                             #
#    Data model         =  large                                              #
#    Calling convention =  xdata reentrant                                    #
#    Constant location  =  data_rom                                           #
#    Dptr setup         =  1,16                                               #
#    Source file        =  C:\Texas Instruments\ZStack-CC2530-2.3.1\Component #
#                          s\osal\mcu\cc2530\OSAL_Nv.c                        #
#    Command line       =  -f "C:\Texas Instruments\ZStack-CC2530-2.3.1\Proje #
#                          cts\zstack\Samples\SampleApp\CC2530DB\..\..\..\Too #
#                          ls\CC2530DB\f8wCoord.cfg" (-DCPU32MHZ              #
#                          -DROOT=__near_func -DMAC_CFG_APP_PENDING_QUEUE=TRU #
#                          E -DMAC_CFG_TX_DATA_MAX=5 -DMAC_CFG_TX_MAX=8       #
#                          -DMAC_CFG_RX_MAX=5 -DZDO_COORDINATOR -DRTR_NWK)    #
#                          -f "C:\Texas Instruments\ZStack-CC2530-2.3.1\Proje #
#                          cts\zstack\Samples\SampleApp\CC2530DB\..\..\..\Too #
#                          ls\CC2530DB\f8wConfig.cfg" (-DSECURE=0             #
#                          -DZG_SECURE_DYNAMIC=0 -DREFLECTOR                  #
#                          -DDEFAULT_CHANLIST=0x00000800                      #
#                          -DZDAPP_CONFIG_PAN_ID=0xFFFF                       #
#                          -DNWK_START_DELAY=100 -DEXTENDED_JOINING_RANDOM_MA #
#                          SK=0x007F -DBEACON_REQUEST_DELAY=100               #
#                          -DBEACON_REQ_DELAY_MASK=0x00FF                     #
#                          -DLINK_STATUS_JITTER_MASK=0x007F                   #
#                          -DROUTE_EXPIRY_TIME=30 -DAPSC_ACK_WAIT_DURATION_PO #
#                          LLED=3000 -DNWK_INDIRECT_MSG_TIMEOUT=7             #
#                          -DMAX_RREQ_ENTRIES=8 -DAPSC_MAX_FRAME_RETRIES=3    #
#                          -DNWK_MAX_DATA_RETRIES=2                           #
#                          -DMAX_POLL_FAILURE_RETRIES=2 -DMAX_BCAST=9         #
#                          -DAPS_MAX_GROUPS=16 -DMAX_RTG_ENTRIES=40           #
#                          -DNWK_MAX_BINDING_ENTRIES=4                        #
#                          -DMAX_BINDING_CLUSTER_IDS=4 "-DDEFAULT_KEY={0x01,  #
#                          0x03, 0x05, 0x07, 0x09, 0x0B, 0x0D, 0x0F, 0x00,    #
#                          0x02, 0x04, 0x06, 0x08, 0x0A, 0x0C, 0x0D}"         #
#                          -DMAC_MAX_FRAME_SIZE=116                           #
#                          -DZDNWKMGR_MIN_TRANSMISSIONS=20 "-DCONST=const     #
#                          __code" -DGENERIC=__generic                        #
#                          -DRFD_RCVC_ALWAYS_ON=FALSE -DPOLL_RATE=1000        #
#                          -DQUEUED_POLL_RATE=100 -DRESPONSE_POLL_RATE=100)   #
#                          -DREJOIN_POLL_RATE=440 "C:\Texas                   #
#                          Instruments\ZStack-CC2530-2.3.1\Components\osal\mc #
#                          u\cc2530\OSAL_Nv.c" -D BUILD_ALL_DEVICES -D        #
#                          HOLD_AUTO_START -D LCD_SUPPORTED -D                #
#                          HAL_UART=FALSE -lC "C:\Texas                       #
#                          Instruments\ZStack-CC2530-2.3.1\Projects\zstack\Sa #
#                          mples\SampleApp\CC2530DB\DemoEB\List\" -lA         #
#                          "C:\Texas Instruments\ZStack-CC2530-2.3.1\Projects #
#                          \zstack\Samples\SampleApp\CC2530DB\DemoEB\List\"   #
#                          --diag_suppress Pe001,Pa010 -o "C:\Texas           #
#                          Instruments\ZStack-CC2530-2.3.1\Projects\zstack\Sa #
#                          mples\SampleApp\CC2530DB\DemoEB\Obj\" -e           #
#                          --require_prototypes --debug --core=plain          #
#                          --dptr=16,1 --data_model=large                     #
#                          --code_model=banked --calling_convention=xdata_ree #
#                          ntrant --place_constants=data_rom                  #
#                          --nr_virtual_regs 16 -I "C:\Texas                  #
#                          Instruments\ZStack-CC2530-2.3.1\Projects\zstack\Sa #
#                          mples\SampleApp\CC2530DB\" -I "C:\Texas            #
#                          Instruments\ZStack-CC2530-2.3.1\Projects\zstack\Sa #
#                          mples\SampleApp\CC2530DB\..\SOURCE\" -I "C:\Texas  #
#                          Instruments\ZStack-CC2530-2.3.1\Projects\zstack\Sa #
#                          mples\SampleApp\CC2530DB\..\..\..\ZMAIN\TI2530DB\" #
#                           -I "C:\Texas Instruments\ZStack-CC2530-2.3.1\Proj #
#                          ects\zstack\Samples\SampleApp\CC2530DB\..\..\..\.. #
#                          \..\COMPONENTS\MT\" -I "C:\Texas                   #
#                          Instruments\ZStack-CC2530-2.3.1\Projects\zstack\Sa #
#                          mples\SampleApp\CC2530DB\..\..\..\..\..\COMPONENTS #
#                          \HAL\INCLUDE\" -I "C:\Texas                        #
#                          Instruments\ZStack-CC2530-2.3.1\Projects\zstack\Sa #
#                          mples\SampleApp\CC2530DB\..\..\..\..\..\COMPONENTS #
#                          \HAL\TARGET\CC2530EB\" -I "C:\Texas                #
#                          Instruments\ZStack-CC2530-2.3.1\Projects\zstack\Sa #
#                          mples\SampleApp\CC2530DB\..\..\..\..\..\COMPONENTS #
#                          \OSAL\MCU\CCSOC\" -I "C:\Texas                     #
#                          Instruments\ZStack-CC2530-2.3.1\Projects\zstack\Sa #
#                          mples\SampleApp\CC2530DB\..\..\..\..\..\COMPONENTS #
#                          \OSAL\INCLUDE\" -I "C:\Texas                       #
#                          Instruments\ZStack-CC2530-2.3.1\Projects\zstack\Sa #
#                          mples\SampleApp\CC2530DB\..\..\..\..\..\COMPONENTS #
#                          \STACK\AF\" -I "C:\Texas                           #
#                          Instruments\ZStack-CC2530-2.3.1\Projects\zstack\Sa #
#                          mples\SampleApp\CC2530DB\..\..\..\..\..\COMPONENTS #
#                          \STACK\NWK\" -I "C:\Texas                          #
#                          Instruments\ZStack-CC2530-2.3.1\Projects\zstack\Sa #
#                          mples\SampleApp\CC2530DB\..\..\..\..\..\COMPONENTS #
#                          \STACK\SEC\" -I "C:\Texas                          #
#                          Instruments\ZStack-CC2530-2.3.1\Projects\zstack\Sa #
#                          mples\SampleApp\CC2530DB\..\..\..\..\..\COMPONENTS #
#                          \STACK\SAPI\" -I "C:\Texas                         #
#                          Instruments\ZStack-CC2530-2.3.1\Projects\zstack\Sa #
#                          mples\SampleApp\CC2530DB\..\..\..\..\..\COMPONENTS #
#                          \STACK\SYS\" -I "C:\Texas                          #
#                          Instruments\ZStack-CC2530-2.3.1\Projects\zstack\Sa #
#                          mples\SampleApp\CC2530DB\..\..\..\..\..\COMPONENTS #
#                          \STACK\ZDO\" -I "C:\Texas                          #
#                          Instruments\ZStack-CC2530-2.3.1\Projects\zstack\Sa #
#                          mples\SampleApp\CC2530DB\..\..\..\..\..\COMPONENTS #
#                          \ZMAC\F8W\" -I "C:\Texas                           #
#                          Instruments\ZStack-CC2530-2.3.1\Projects\zstack\Sa #
#                          mples\SampleApp\CC2530DB\..\..\..\..\..\COMPONENTS #
#                          \ZMAC\" -I "C:\Texas Instruments\ZStack-CC2530-2.3 #
#                          .1\Projects\zstack\Samples\SampleApp\CC2530DB\..\. #
#                          .\..\..\..\COMPONENTS\SERVICES\SADDR\" -I          #
#                          "C:\Texas Instruments\ZStack-CC2530-2.3.1\Projects #
#                          \zstack\Samples\SampleApp\CC2530DB\..\..\..\..\..\ #
#                          COMPONENTS\SERVICES\SDATA\" -I "C:\Texas           #
#                          Instruments\ZStack-CC2530-2.3.1\Projects\zstack\Sa #
#                          mples\SampleApp\CC2530DB\..\..\..\..\..\COMPONENTS #
#                          \MAC\INCLUDE\" -I "C:\Texas                        #
#                          Instruments\ZStack-CC2530-2.3.1\Projects\zstack\Sa #
#                          mples\SampleApp\CC2530DB\..\..\..\..\..\COMPONENTS #
#                          \MAC\HIGH_LEVEL\" -I "C:\Texas                     #
#                          Instruments\ZStack-CC2530-2.3.1\Projects\zstack\Sa #
#                          mples\SampleApp\CC2530DB\..\..\..\..\..\COMPONENTS #
#                          \MAC\LOW_LEVEL\srf04\" -I "C:\Texas                #
#                          Instruments\ZStack-CC2530-2.3.1\Projects\zstack\Sa #
#                          mples\SampleApp\CC2530DB\..\..\..\..\..\COMPONENTS #
#                          \MAC\LOW_LEVEL\srf04\SINGLE_CHIP\" -I "C:\Program  #
#                          Files\IAR Systems\Embedded Workbench               #
#                          5.3\8051\INC\" -I "C:\Program Files\IAR            #
#                          Systems\Embedded Workbench 5.3\8051\INC\CLIB\"     #
#                          -Ohz                                               #
#    List file          =  C:\Texas Instruments\ZStack-CC2530-2.3.1\Projects\ #
#                          zstack\Samples\SampleApp\CC2530DB\DemoEB\List\OSAL #
#                          _Nv.lst                                            #
#    Object file        =  C:\Texas Instruments\ZStack-CC2530-2.3.1\Projects\ #
#                          zstack\Samples\SampleApp\CC2530DB\DemoEB\Obj\OSAL_ #
#                          Nv.r51                                             #
#                                                                             #
#                                                                             #
###############################################################################

C:\Texas Instruments\ZStack-CC2530-2.3.1\Components\osal\mcu\cc2530\OSAL_Nv.c
      1          /**************************************************************************************************
      2            Filename:       OSAL_Nv.c
      3            Revised:        $Date: 2010-08-18 18:14:18 -0700 (Wed, 18 Aug 2010) $
      4            Revision:       $Revision: 23450 $
      5          
      6            Description:    This module contains the OSAL non-volatile memory functions.
      7          
      8          
      9            Copyright 2006-2010 Texas Instruments Incorporated. All rights reserved.
     10          
     11            IMPORTANT: Your use of this Software is limited to those specific rights
     12            granted under the terms of a software license agreement between the user
     13            who downloaded the software, his/her employer (which must be your employer)
     14            and Texas Instruments Incorporated (the "License").  You may not use this
     15            Software unless you agree to abide by the terms of the License. The License
     16            limits your use, and you acknowledge, that the Software may not be modified,
     17            copied or distributed unless embedded on a Texas Instruments microcontroller
     18            or used solely and exclusively in conjunction with a Texas Instruments radio
     19            frequency transceiver, which is integrated into your product.  Other than for
     20            the foregoing purpose, you may not use, reproduce, copy, prepare derivative
     21            works of, modify, distribute, perform, display or sell this Software and/or
     22            its documentation for any purpose.
     23          
     24            YOU FURTHER ACKNOWLEDGE AND AGREE THAT THE SOFTWARE AND DOCUMENTATION ARE
     25            PROVIDED “AS IS” WITHOUT WARRANTY OF ANY KIND, EITHER EXPRESS OR IMPLIED,
     26            INCLUDING WITHOUT LIMITATION, ANY WARRANTY OF MERCHANTABILITY, TITLE,
     27            NON-INFRINGEMENT AND FITNESS FOR A PARTICULAR PURPOSE. IN NO EVENT SHALL
     28            TEXAS INSTRUMENTS OR ITS LICENSORS BE LIABLE OR OBLIGATED UNDER CONTRACT,
     29            NEGLIGENCE, STRICT LIABILITY, CONTRIBUTION, BREACH OF WARRANTY, OR OTHER
     30            LEGAL EQUITABLE THEORY ANY DIRECT OR INDIRECT DAMAGES OR EXPENSES
     31            INCLUDING BUT NOT LIMITED TO ANY INCIDENTAL, SPECIAL, INDIRECT, PUNITIVE
     32            OR CONSEQUENTIAL DAMAGES, LOST PROFITS OR LOST DATA, COST OF PROCUREMENT
     33            OF SUBSTITUTE GOODS, TECHNOLOGY, SERVICES, OR ANY CLAIMS BY THIRD PARTIES
     34            (INCLUDING BUT NOT LIMITED TO ANY DEFENSE THEREOF), OR OTHER SIMILAR COSTS.
     35          
     36            Should you have any questions regarding your right to use this Software,
     37            contact Texas Instruments Incorporated at www.TI.com.
     38          **************************************************************************************************/
     39          
     40          /**************************************************************************************************
     41            Notes:
     42              - A trick buried deep in initPage() requires that the MSB of the NV Item Id is to
     43                be reserved for use by this module.
     44          **************************************************************************************************/
     45          
     46          /*********************************************************************
     47           * INCLUDES
     48           */
     49          
     50          #include "hal_adc.h"
     51          #include "hal_flash.h"
     52          #include "hal_types.h"
     53          #include "OSAL_Nv.h"
     54          #include "ZComDef.h"
     55          
     56          /*********************************************************************
     57           * CONSTANTS
     58           */
     59          
     60          #define OSAL_NV_PAGE_SIZE       HAL_FLASH_PAGE_SIZE
     61          #define OSAL_NV_PAGES_USED      HAL_NV_PAGE_CNT
     62          #define OSAL_NV_PAGE_BEG        HAL_NV_PAGE_BEG
     63          #define OSAL_NV_PAGE_END       (OSAL_NV_PAGE_BEG + OSAL_NV_PAGES_USED - 1)
     64          
     65          #define OSAL_NV_ACTIVE          0x00
     66          #define OSAL_NV_ERASED          0xFF
     67          #define OSAL_NV_ERASED_ID       0xFFFF
     68          #define OSAL_NV_ZEROED_ID       0x0000
     69          // Reserve MSB of Id to signal a search for the "old" source copy (new write interrupted/failed.)
     70          #define OSAL_NV_SOURCE_ID       0x8000
     71          
     72          // In case pages 0-1 are ever used, define a null page value.
     73          #define OSAL_NV_PAGE_NULL       0
     74          
     75          // In case item Id 0 is ever used, define a null item value.
     76          #define OSAL_NV_ITEM_NULL       0
     77          
     78          #define OSAL_NV_WORD_SIZE       HAL_FLASH_WORD_SIZE
     79          
     80          #define OSAL_NV_PAGE_HDR_OFFSET 0
     81          
     82          #define OSAL_NV_MAX_HOT         3
     83          static const uint16 hotIds[OSAL_NV_MAX_HOT] = {
     84            ZCD_NV_NWKKEY,
     85            ZCD_NV_NWK_ACTIVE_KEY_INFO,
     86            ZCD_NV_NWK_ALTERN_KEY_INFO,
     87          };  
     88          
     89          /*********************************************************************
     90           * MACROS
     91           */
     92          
     93          #define OSAL_NV_CHECK_BUS_VOLTAGE  HalAdcCheckVdd(VDD_MIN_NV)
     94          
     95          #define OSAL_NV_DATA_SIZE( LEN )                      \
     96            (((LEN) >= ((uint16)(65536UL - OSAL_NV_WORD_SIZE))) ? \
     97                       ((uint16)(65536UL - OSAL_NV_WORD_SIZE))  : \
     98                       ((((LEN) + OSAL_NV_WORD_SIZE - 1) / OSAL_NV_WORD_SIZE) * OSAL_NV_WORD_SIZE))
     99          
    100          #define OSAL_NV_ITEM_SIZE( LEN )                                         \
    101            (((LEN) >= ((uint16)(65536UL - OSAL_NV_WORD_SIZE - OSAL_NV_HDR_SIZE))) ? \
    102                       ((uint16)(65536UL - OSAL_NV_WORD_SIZE))                     : \
    103            (((((LEN) + OSAL_NV_WORD_SIZE - 1) / OSAL_NV_WORD_SIZE) * OSAL_NV_WORD_SIZE) + OSAL_NV_HDR_SIZE))
    104          
    105          #define COMPACT_PAGE_CLEANUP( COM_PG ) st ( \
    106            /* In order to recover from a page compaction that is interrupted,\
    107             * the logic in osal_nv_init() depends upon the following order:\
    108             * 1. State of the target of compaction is changed to ePgInUse.\
    109             * 2. Compacted page is erased.\
    110             */\
    111            setPageUse( pgRes, TRUE );  /* Mark the reserve page as being in use. */\
    112            erasePage( (COM_PG) ); \
    113            \
    114            pgRes = (COM_PG);           /* Set the reserve page to be the newly erased page. */\
    115          )
    116          
    117          /*********************************************************************
    118           * TYPEDEFS
    119           */
    120          
    121          typedef struct
    122          {
    123            uint16 id;
    124            uint16 len;   // Enforce Flash-WORD size on len.
    125            uint16 chk;   // Byte-wise checksum of the 'len' data bytes of the item.
    126            uint16 stat;  // Item status.
    127          } osalNvHdr_t;
    128          // Struct member offsets.
    129          #define OSAL_NV_HDR_ID    0
    130          #define OSAL_NV_HDR_LEN   2
    131          #define OSAL_NV_HDR_CHK   4
    132          #define OSAL_NV_HDR_STAT  6
    133          
    134          #define OSAL_NV_HDR_ITEM  2  // Length of any item of a header struct.
    135          #define OSAL_NV_HDR_SIZE  8
    136          #define OSAL_NV_HDR_HALF (OSAL_NV_HDR_SIZE / 2)
    137          
    138          typedef struct
    139          {
    140            uint16 active;
    141            uint16 inUse;
    142            uint16 xfer;
    143            uint16 spare;
    144          } osalNvPgHdr_t;
    145          // Struct member offsets.
    146          #define OSAL_NV_PG_ACTIVE 0
    147          #define OSAL_NV_PG_INUSE  2
    148          #define OSAL_NV_PG_XFER   4
    149          #define OSAL_NV_PG_SPARE  6
    150          
    151          #define OSAL_NV_PAGE_HDR_SIZE  8
    152          #define OSAL_NV_PAGE_HDR_HALF (OSAL_NV_PAGE_HDR_SIZE / 2)
    153          
    154          typedef enum
    155          {
    156            eNvXfer,
    157            eNvZero
    158          } eNvHdrEnum;
    159          
    160          typedef enum
    161          {
    162            ePgActive,
    163            ePgInUse,
    164            ePgXfer,
    165            ePgSpare
    166          } ePgHdrEnum;
    167          
    168          /*********************************************************************
    169           * GLOBAL VARIABLES
    170           */
    171          
    172          #ifndef OAD_KEEP_NV_PAGES
    173          // When NV pages are to remain intact during OAD download,
    174          // the image itself should not include NV pages.
    175          #pragma location="ZIGNV_ADDRESS_SPACE"
    176          __no_init uint8 _nvBuf[OSAL_NV_PAGES_USED * OSAL_NV_PAGE_SIZE];
    177          #pragma required=_nvBuf
    178          #endif // OAD_KEEP_NV_PAGES
    179          
    180          /*********************************************************************
    181           * LOCAL VARIABLES
    182           */
    183          
    184          // Offset into the page of the first available erased space.
    185          static uint16 pgOff[OSAL_NV_PAGES_USED];
    186          
    187          // Count of the bytes lost for the zeroed-out items.
    188          static uint16 pgLost[OSAL_NV_PAGES_USED];
    189          
    190          static uint8 pgRes;  // Page reserved for item compacting transfer.
    191          
    192          // Saving ~100 code bytes to move a uint8* parameter/return value from findItem() to a global.
    193          static uint8 findPg;
    194          
    195          // NV page and offsets for hot items.
    196          static uint8 hotPg[OSAL_NV_MAX_HOT];
    197          static uint16 hotOff[OSAL_NV_MAX_HOT];
    198          
    199          /*********************************************************************
    200           * LOCAL FUNCTIONS
    201           */
    202          
    203          static uint8  initNV( void );
    204          
    205          static void   setPageUse( uint8 pg, uint8 inUse );
    206          static uint16 initPage( uint8 pg, uint16 id, uint8 findDups );
    207          static void   erasePage( uint8 pg );
    208          static uint8  compactPage( uint8 srcPg, uint16 skipId );
    209          
    210          static uint16 findItem( uint16 id );
    211          static uint8  initItem( uint8 flag, uint16 id, uint16 len, void *buf );
    212          static void   setItem( uint8 pg, uint16 offset, eNvHdrEnum stat );
    213          static uint16 setChk( uint8 pg, uint16 offset, uint16 chk );
    214          
    215          static uint16 calcChkB( uint16 len, uint8 *buf );
    216          static uint16 calcChkF( uint8 pg, uint16 offset, uint16 len );
    217          
    218          static void   writeWord( uint8 pg, uint16 offset, uint8 *buf );
    219          static void   writeWordH( uint8 pg, uint16 offset, uint8 *buf );
    220          static void   writeWordM( uint8 pg, uint16 offset, uint8 *buf, uint16 cnt );
    221          static void   writeBuf( uint8 pg, uint16 offset, uint16 len, uint8 *buf );
    222          static void   xferBuf( uint8 srcPg, uint16 srcOff, uint8 dstPg, uint16 dstOff, uint16 len );
    223          
    224          static uint8  writeItem( uint8 pg, uint16 id, uint16 len, void *buf, uint8 flag );
    225          static uint8  hotItem(uint16 id);
    226          static void   hotItemUpdate(uint8 pg, uint16 off, uint16 id);
    227          
    228          /*********************************************************************
    229           * @fn      initNV
    230           *
    231           * @brief   Initialize the NV flash pages.
    232           *
    233           * @param   none
    234           *
    235           * @return  TRUE
    236           */
    237          static uint8 initNV( void )
    238          {
    239            osalNvPgHdr_t pgHdr;
    240            uint8 oldPg = OSAL_NV_PAGE_NULL;
    241            uint8 findDups = FALSE;
    242            uint8 pg;
    243          
    244            pgRes = OSAL_NV_PAGE_NULL;
    245          
    246            for ( pg = OSAL_NV_PAGE_BEG; pg <= OSAL_NV_PAGE_END; pg++ )
    247            {
    248              HalFlashRead(pg, OSAL_NV_PAGE_HDR_OFFSET, (uint8 *)(&pgHdr), OSAL_NV_HDR_SIZE);
    249          
    250              if ( pgHdr.active == OSAL_NV_ERASED_ID )
    251              {
    252                if ( pgRes == OSAL_NV_PAGE_NULL )
    253                {
    254                  pgRes = pg;
    255                }
    256                else
    257                {
    258                  setPageUse( pg, TRUE );
    259                }
    260              }
    261              // An Xfer from this page was in progress.
    262              else if ( pgHdr.xfer != OSAL_NV_ERASED_ID )
    263              {
    264                oldPg = pg;
    265              }
    266            }
    267          
    268            // If a page compaction was interrupted before the old page was erased.
    269            if ( oldPg != OSAL_NV_PAGE_NULL )
    270            {
    271              /* Interrupted compaction before the target of compaction was put in use;
    272               * so erase the target of compaction and start again.
    273               */
    274              if ( pgRes != OSAL_NV_PAGE_NULL )
    275              {
    276                erasePage( pgRes );
    277                (void)compactPage( oldPg, OSAL_NV_ITEM_NULL );
    278              }
    279              /* Interrupted compaction after the target of compaction was put in use,
    280               * but before the old page was erased; so erase it now and create a new reserve page.
    281               */
    282              else
    283              {
    284                erasePage( oldPg );
    285                pgRes = oldPg;
    286              }
    287            }
    288            else if ( pgRes != OSAL_NV_PAGE_NULL )
    289            {
    290              erasePage( pgRes );  // The last page erase could have been interrupted by a power-cycle.
    291            }
    292            /* else if there is no reserve page, COMPACT_PAGE_CLEANUP() must have succeeded to put the old
    293             * reserve page (i.e. the target of the compacted items) into use but got interrupted by a reset
    294             * while trying to erase the page to be compacted. Such a page should only contain duplicate items
    295             * (i.e. all items will be marked 'Xfer') and thus should have the lost count equal to the page
    296             * size less the page header.
    297             */
    298          
    299            for ( pg = OSAL_NV_PAGE_BEG; pg <= OSAL_NV_PAGE_END; pg++ )
    300            {
    301              // Calculate page offset and lost bytes - any "old" item triggers an N^2 re-scan from start.
    302              if ( initPage( pg, OSAL_NV_ITEM_NULL, findDups ) != OSAL_NV_ITEM_NULL )
    303              {
    304                findDups = TRUE;
    305                pg = (OSAL_NV_PAGE_BEG - 1);  // Pre-decrement so that loop increment will start over at zero.
    306                continue;
    307              }
    308            }
    309          
    310            if (findDups)
    311            {
    312              // Final pass to calculate page lost after invalidating duplicate items.
    313              for ( pg = OSAL_NV_PAGE_BEG; pg <= OSAL_NV_PAGE_END; pg++ )
    314              {
    315                (void)initPage( pg, OSAL_NV_ITEM_NULL, FALSE );
    316              }
    317            }
    318          
    319            if ( pgRes == OSAL_NV_PAGE_NULL )
    320            {
    321              uint8 idx, mostLost = 0;
    322          
    323              for ( idx = 0; idx < OSAL_NV_PAGES_USED; idx++ )
    324              {
    325                // Is this the page that was compacted?
    326                if (pgLost[idx] == (OSAL_NV_PAGE_SIZE - OSAL_NV_PAGE_HDR_SIZE))
    327                {
    328                  mostLost = idx;
    329                  break;
    330                }
    331                /* This check is not expected to be necessary because the above test should always succeed
    332                 * with an early loop exit.
    333                 */
    334                else if (pgLost[idx] > pgLost[mostLost]) 
    335                {
    336                  mostLost = idx;
    337                }
    338              }
    339          
    340              pgRes = mostLost + OSAL_NV_PAGE_BEG;
    341              erasePage( pgRes );  // The last page erase had been interrupted by a power-cycle.
    342            }
    343          
    344            return TRUE;
    345          }
    346          
    347          /*********************************************************************
    348           * @fn      setPageUse
    349           *
    350           * @brief   Set page header active/inUse state according to 'inUse'.
    351           *
    352           * @param   pg - Valid NV page to verify and init.
    353           * @param   inUse - Boolean TRUE if inUse, FALSE if only active.
    354           *
    355           * @return  none
    356           */
    357          static void setPageUse( uint8 pg, uint8 inUse )
    358          {
    359            osalNvPgHdr_t pgHdr;
    360          
    361            pgHdr.active = OSAL_NV_ZEROED_ID;
    362          
    363            if ( inUse )
    364            {
    365              pgHdr.inUse = OSAL_NV_ZEROED_ID;
    366            }
    367            else
    368            {
    369              pgHdr.inUse = OSAL_NV_ERASED_ID;
    370            }
    371          
    372            writeWord( pg, OSAL_NV_PAGE_HDR_OFFSET, (uint8*)(&pgHdr) );
    373          }
    374          
    375          /*********************************************************************
    376           * @fn      initPage
    377           *
    378           * @brief   Walk the page items; calculate checksums, lost bytes & page offset.
    379           *
    380           * @param   pg - Valid NV page to verify and init.
    381           * @param   id - Valid NV item Id to use function as a "findItem".
    382           *               If set to NULL then just perform the page initialization.
    383           * @param   findDups - TRUE on recursive call from initNV() to find and zero-out duplicate items
    384           *                     left from a write that is interrupted by a reset/power-cycle.
    385           *                     FALSE otherwise.
    386           *
    387           * @return  If 'id' is non-NULL and good checksums are found, return the offset
    388           *          of the data corresponding to item Id; else OSAL_NV_ITEM_NULL.
    389           */
    390          static uint16 initPage( uint8 pg, uint16 id, uint8 findDups )
    391          {
    392            uint16 offset = OSAL_NV_PAGE_HDR_SIZE;
    393            uint16 sz, lost = 0;
    394            osalNvHdr_t hdr;
    395          
    396            do
    397            {
    398              HalFlashRead(pg, offset, (uint8 *)(&hdr), OSAL_NV_HDR_SIZE);
    399          
    400              if ( hdr.id == OSAL_NV_ERASED_ID )
    401              {
    402                break;
    403              }
    404          
    405              // Get the actual size in bytes which is the ceiling(hdr.len)
    406              sz = OSAL_NV_DATA_SIZE( hdr.len );
    407          
    408              // A bad 'len' write has blown away the rest of the page.
    409              if (sz > (OSAL_NV_PAGE_SIZE - OSAL_NV_HDR_SIZE - offset))
    410              {
    411                lost += (OSAL_NV_PAGE_SIZE - offset);
    412                offset = OSAL_NV_PAGE_SIZE;
    413                break;
    414              }
    415          
    416              offset += OSAL_NV_HDR_SIZE;
    417          
    418              if ( hdr.id != OSAL_NV_ZEROED_ID )
    419              {
    420                /* This trick allows function to do double duty for findItem() without
    421                 * compromising its essential functionality at powerup initialization.
    422                 */
    423                if ( id != OSAL_NV_ITEM_NULL )
    424                {
    425                  /* This trick allows asking to find the old/transferred item in case
    426                   * of a successful new item write that gets interrupted before the
    427                   * old item can be zeroed out.
    428                   */
    429                  if ( (id & 0x7fff) == hdr.id )
    430                  {
    431                    if ( (((id & OSAL_NV_SOURCE_ID) == 0) && (hdr.stat == OSAL_NV_ERASED_ID)) ||
    432                         (((id & OSAL_NV_SOURCE_ID) != 0) && (hdr.stat != OSAL_NV_ERASED_ID)) )
    433                    {
    434                      return offset;
    435                    }
    436                  }
    437                }
    438                // When invoked from the osal_nv_init(), verify checksums and find & zero any duplicates.
    439                else
    440                {
    441                  if ( hdr.chk == calcChkF( pg, offset, hdr.len ) )
    442                  {
    443                    if ( findDups )
    444                    {
    445                      if ( hdr.stat == OSAL_NV_ERASED_ID )
    446                      {
    447                        /* The trick of setting the MSB of the item Id causes the logic
    448                         * immediately above to return a valid page only if the header 'stat'
    449                         * indicates that it was the older item being transferred.
    450                         */
    451                        uint16 off = findItem( (hdr.id | OSAL_NV_SOURCE_ID) );
    452          
    453                        if ( off != OSAL_NV_ITEM_NULL )
    454                        {
    455                          setItem( findPg, off, eNvZero );  // Mark old duplicate as invalid.
    456                        }
    457                      }
    458                    }
    459                    // Any "old" item immediately exits and triggers the N^2 exhaustive initialization.
    460                    else if ( hdr.stat != OSAL_NV_ERASED_ID )
    461                    {
    462                      return OSAL_NV_ERASED_ID;
    463                    }
    464                  }
    465                  else
    466                  {
    467                    setItem( pg, offset, eNvZero );  // Mark bad checksum as invalid.
    468                    lost += (OSAL_NV_HDR_SIZE + sz);
    469                  }
    470                }
    471              }
    472              else
    473              {
    474                lost += (OSAL_NV_HDR_SIZE + sz);
    475              }
    476              offset += sz;
    477          
    478            } while (offset < (OSAL_NV_PAGE_SIZE - OSAL_NV_HDR_SIZE));
    479          
    480            pgOff[pg - OSAL_NV_PAGE_BEG] = offset;
    481            pgLost[pg - OSAL_NV_PAGE_BEG] = lost;
    482          
    483            return OSAL_NV_ITEM_NULL;
    484          }
    485          
    486          /*********************************************************************
    487           * @fn      erasePage
    488           *
    489           * @brief   Erases a page in Flash.
    490           *
    491           * @param   pg - Valid NV page to erase.
    492           *
    493           * @return  none
    494           */
    495          static void erasePage( uint8 pg )
    496          {
    497            HalFlashErase(pg);
    498          
    499            pgOff[pg - OSAL_NV_PAGE_BEG] = OSAL_NV_PAGE_HDR_SIZE;
    500            pgLost[pg - OSAL_NV_PAGE_BEG] = 0;
    501          }
    502          
    503          /*********************************************************************
    504           * @fn      compactPage
    505           *
    506           * @brief   Compacts the page specified.
    507           *
    508           * @param   srcPg - Valid NV page to erase.
    509           * @param   skipId - Item Id to not compact.
    510           *
    511           * @return  TRUE if valid items from 'srcPg' are successully compacted onto the 'pgRes';
    512           *          FALSE otherwise.
    513           *          Note that on a failure, this could loop, re-erasing the 'pgRes' and re-compacting with
    514           *          the risk of infinitely looping on HAL flash failure.
    515           *          Worst case scenario: HAL flash starts failing in general, perhaps low Vdd?
    516           *          All page compactions will fail which will cause all osal_nv_write() calls to return
    517           *          NV_OPER_FAILED.
    518           *          Eventually, all pages in use may also be in the state of "pending compaction" where
    519           *          the page header member OSAL_NV_PG_XFER is zeroed out.
    520           *          During this "HAL flash brown-out", the code will run and OTA should work (until low Vdd
    521           *          causes an actual chip brown-out, of course.) Although no new NV items will be created
    522           *          or written, the last value written with a return value of SUCCESS can continue to be
    523           *          read successfully.
    524           *          If eventually HAL flash starts working again, all of the pages marked as
    525           *          "pending compaction" may or may not be eventually compacted. But, initNV() will
    526           *          deterministically clean-up one page pending compaction per power-cycle
    527           *          (if HAL flash is working.) Nevertheless, one erased reserve page will be maintained
    528           *          through such a scenario.
    529           */
    530          static uint8 compactPage( uint8 srcPg, uint16 skipId )
    531          {
    532            uint16 srcOff;
    533            uint8 rtrn;
    534          
    535            // To minimize code size, only check for a clean page here where it's absolutely required.
    536            for (srcOff = 0; srcOff < OSAL_NV_PAGE_SIZE; srcOff++)
    537            {
    538              HalFlashRead(pgRes, srcOff, &rtrn, 1);
    539              if (rtrn != OSAL_NV_ERASED)
    540              {
    541                erasePage(pgRes);
    542                return FALSE;
    543              }
    544            }
    545          
    546            srcOff = OSAL_NV_PAGE_HDR_SIZE;
    547            rtrn = TRUE;
    548          
    549            while ( srcOff < (OSAL_NV_PAGE_SIZE - OSAL_NV_HDR_SIZE ) )
    550            {
    551              osalNvHdr_t hdr;
    552              uint16 sz, dstOff = pgOff[pgRes-OSAL_NV_PAGE_BEG];
    553          
    554              HalFlashRead(srcPg, srcOff, (uint8 *)(&hdr), OSAL_NV_HDR_SIZE);
    555          
    556              if ( hdr.id == OSAL_NV_ERASED_ID )
    557              {
    558                break;
    559              }
    560          
    561              // Get the actual size in bytes which is the ceiling(hdr.len)
    562              sz = OSAL_NV_DATA_SIZE( hdr.len );
    563          
    564              if ( sz > (OSAL_NV_PAGE_SIZE - OSAL_NV_HDR_SIZE - srcOff) )
    565              {
    566                break;
    567              }
    568          
    569              if ( sz > (OSAL_NV_PAGE_SIZE - OSAL_NV_HDR_SIZE - dstOff) )
    570              {
    571                rtrn = FALSE;
    572                break;
    573              }
    574          
    575              srcOff += OSAL_NV_HDR_SIZE;
    576          
    577              if ( (hdr.id != OSAL_NV_ZEROED_ID) && (hdr.id != skipId) )
    578              {
    579                if ( hdr.chk == calcChkF( srcPg, srcOff, hdr.len ) )
    580                {
    581                  /* Prevent excessive re-writes to item header caused by numerous, rapid, & successive
    582                   * OSAL_Nv interruptions caused by resets.
    583                   */
    584                  if ( hdr.stat == OSAL_NV_ERASED_ID )
    585                  {
    586                    setItem( srcPg, srcOff, eNvXfer );
    587                  }
    588          
    589                  if ( writeItem( pgRes, hdr.id, hdr.len, NULL, FALSE ) )
    590                  {
    591                    dstOff += OSAL_NV_HDR_SIZE;
    592                    xferBuf( srcPg, srcOff, pgRes, dstOff, sz );
    593                    // Calculate and write the new checksum.
    594                    if (hdr.chk == calcChkF(pgRes, dstOff, hdr.len))
    595                    {
    596                      if ( hdr.chk != setChk( pgRes, dstOff, hdr.chk ) )
    597                      {
    598                        rtrn = FALSE;
    599                        break;
    600                      }
    601                      else
    602                      {
    603                        hotItemUpdate(pgRes, dstOff, hdr.id);
    604                      }
    605                    }
    606                    else
    607                    {
    608                      rtrn = FALSE;
    609                      break;
    610                    }
    611                  }
    612                  else
    613                  {
    614                    rtrn = FALSE;
    615                    break;
    616                  }
    617                }
    618              }
    619          
    620              srcOff += sz;
    621            }
    622          
    623            if (rtrn == FALSE)
    624            {
    625              erasePage(pgRes);
    626            }
    627            else if (skipId == OSAL_NV_ITEM_NULL)
    628            {
    629              COMPACT_PAGE_CLEANUP(srcPg);
    630            }
    631            // else invoking function must cleanup.
    632          
    633            return rtrn;
    634          }
    635          
    636          /*********************************************************************
    637           * @fn      findItem
    638           *
    639           * @brief   Find an item Id in NV and return the page and offset to its data.
    640           *
    641           * @param   id - Valid NV item Id.
    642           *
    643           * @return  Offset of data corresponding to item Id, if found;
    644           *          otherwise OSAL_NV_ITEM_NULL.
    645           *
    646           *          The page containing the item, if found;
    647           *          otherwise no valid assignment made - left equal to item Id.
    648           *
    649           */
    650          static uint16 findItem( uint16 id )
    651          {
    652            uint16 off;
    653            uint8 pg;
    654          
    655            for ( pg = OSAL_NV_PAGE_BEG; pg <= OSAL_NV_PAGE_END; pg++ )
    656            {
    657              if ( (off = initPage( pg, id, FALSE )) != OSAL_NV_ITEM_NULL )
    658              {
    659                findPg = pg;
    660                return off;
    661              }
    662            }
    663          
    664            // Now attempt to find the item as the "old" item of a failed/interrupted NV write.
    665            if ( (id & OSAL_NV_SOURCE_ID) == 0 )
    666            {
    667              return findItem( id | OSAL_NV_SOURCE_ID );
    668            }
    669            else
    670            {
    671              findPg = OSAL_NV_PAGE_NULL;
    672              return OSAL_NV_ITEM_NULL;
    673            }
    674          }
    675          
    676          /*********************************************************************
    677           * @fn      initItem
    678           *
    679           * @brief   An NV item is created and initialized with the data passed to the function, if any.
    680           *
    681           * @param   flag - TRUE if the 'buf' parameter contains data for the call to writeItem().
    682           *                 (i.e. if invoked from osal_nv_item_init() ).
    683           *                 FALSE if writeItem() should just write the header and the 'buf' parameter
    684           *                 is ok to use as a return value of the page number to be cleaned with
    685           *                 COMPACT_PAGE_CLEANUP().
    686           *                 (i.e. if invoked from osal_nv_write() ).
    687           * @param   id  - Valid NV item Id.
    688           * @param   len - Item data length.
    689           * @param  *buf - Pointer to item initalization data. Set to NULL if none.
    690           *
    691           * @return  The OSAL Nv page number if item write and read back checksums ok; 
    692           *          OSAL_NV_PAGE_NULL otherwise.
    693           */
    694          static uint8 initItem( uint8 flag, uint16 id, uint16 len, void *buf )
    695          {
    696            uint16 sz = OSAL_NV_ITEM_SIZE( len );
    697            uint8 rtrn = OSAL_NV_PAGE_NULL;
    698            uint8 cnt = OSAL_NV_PAGES_USED;
    699            uint8 pg = pgRes+1;  // Set to 1 after the reserve page to even wear across all available pages.
    700          
    701            do {
    702              if (pg >= OSAL_NV_PAGE_BEG+OSAL_NV_PAGES_USED)
    703              {
    704                pg = OSAL_NV_PAGE_BEG;
    705              }
    706              if ( pg != pgRes )
    707              {
    708                uint8 idx = pg - OSAL_NV_PAGE_BEG;
    709                if ( sz <= (OSAL_NV_PAGE_SIZE - pgOff[idx] + pgLost[idx]) )
    710                {
    711                  break;
    712                }
    713              }
    714              pg++;
    715            } while (--cnt);
    716          
    717            if (cnt)
    718            {
    719              // Item fits if an old page is compacted.
    720              if ( sz > (OSAL_NV_PAGE_SIZE - pgOff[pg - OSAL_NV_PAGE_BEG]) )
    721              {
    722                osalNvPgHdr_t pgHdr;
    723          
    724                /* Prevent excessive re-writes to page header caused by numerous, rapid, & successive
    725                 * OSAL_Nv interruptions caused by resets.
    726                 */
    727                HalFlashRead(pg, OSAL_NV_PAGE_HDR_OFFSET, (uint8 *)(&pgHdr), OSAL_NV_PAGE_HDR_SIZE);
    728                if ( pgHdr.xfer == OSAL_NV_ERASED_ID )
    729                {
    730                  // Mark the old page as being in process of compaction.
    731                  sz = OSAL_NV_ZEROED_ID;
    732                  writeWordH( pg, OSAL_NV_PG_XFER, (uint8*)(&sz) );
    733                }
    734          
    735                /* First the old page is compacted, then the new item will be the last one written to what
    736                 * had been the reserved page. 
    737                 */
    738                if (compactPage( pg, id ))
    739                {
    740                  if ( writeItem( pgRes, id, len, buf, flag ) )
    741                  {
    742                    rtrn = pgRes;
    743                  }
    744          
    745                  if ( flag == FALSE )
    746                  {
    747                    /* Overload 'buf' as an OUT parameter to pass back to the calling function
    748                     * the old page to be cleaned up.
    749                     */
    750                    *(uint8 *)buf = pg;
    751                  }
    752                  else
    753                  {
    754                    /* Safe to do the compacted page cleanup even if writeItem() above failed because the
    755                     * item does not yet exist since this call with flag==TRUE is from osal_nv_item_init().
    756                     */
    757                    COMPACT_PAGE_CLEANUP( pg );
    758                  }
    759                }
    760              }
    761              else
    762              {
    763                if ( writeItem( pg, id, len, buf, flag ) )
    764                {
    765                  rtrn = pg;
    766                }
    767              }
    768            }
    769          
    770            return rtrn;
    771          }
    772          
    773          /*********************************************************************
    774           * @fn      setItem
    775           *
    776           * @brief   Set an item Id or status to mark its state.
    777           *
    778           * @param   pg - Valid NV page.
    779           * @param   offset - Valid offset into the page of the item data - the header
    780           *                   offset is calculated from this.
    781           * @param   stat - Valid enum value for the item status.
    782           *
    783           * @return  none
    784           */
    785          static void setItem( uint8 pg, uint16 offset, eNvHdrEnum stat )
    786          {
    787            osalNvHdr_t hdr;
    788          
    789            offset -= OSAL_NV_HDR_SIZE;
    790            HalFlashRead(pg, offset, (uint8 *)(&hdr), OSAL_NV_HDR_SIZE);
    791          
    792            if ( stat == eNvXfer )
    793            {
    794              hdr.stat = OSAL_NV_ACTIVE;
    795              writeWord( pg, offset+OSAL_NV_HDR_CHK, (uint8*)(&(hdr.chk)) );
    796            }
    797            else // if ( stat == eNvZero )
    798            {
    799              uint16 sz = ((hdr.len + (OSAL_NV_WORD_SIZE-1)) / OSAL_NV_WORD_SIZE) * OSAL_NV_WORD_SIZE +
    800                                                                                    OSAL_NV_HDR_SIZE;
    801              hdr.id = 0;
    802              writeWord( pg, offset, (uint8 *)(&hdr) );
    803              pgLost[pg-OSAL_NV_PAGE_BEG] += sz;
    804            }
    805          }
    806          
    807          /*********************************************************************
    808           * @fn      setChk
    809           *
    810           * @brief   Set the item header checksum given the data buffer offset.
    811           *
    812           * @param   pg - Valid NV page.
    813           * @param   offset - Valid offset into the page of the item data - the header
    814           *                   offset is calculated from this.
    815           * @param   chk - The checksum to set.
    816           *
    817           * @return  The checksum read back.
    818           */
    819          static uint16 setChk( uint8 pg, uint16 offset, uint16 chk )
    820          {
    821            offset -= OSAL_NV_WORD_SIZE;
    822            writeWordH( pg, offset, (uint8 *)&chk );
    823            HalFlashRead( pg, offset, (uint8 *)(&chk), sizeof( chk ) );
    824          
    825            return chk;
    826          }
    827          
    828          /*********************************************************************
    829           * @fn      calcChkB
    830           *
    831           * @brief   Calculates the data checksum over the 'buf' parameter.
    832           *
    833           * @param   len - Byte count of the data to be checksummed.
    834           * @param   buf - Data buffer to be checksummed.
    835           *
    836           * @return  Calculated checksum of the data bytes.
    837           */
    838          static uint16 calcChkB( uint16 len, uint8 *buf )
    839          {
    840            uint8 fill = len % OSAL_NV_WORD_SIZE;
    841            uint16 chk;
    842          
    843            if ( !buf )
    844            {
    845              chk = len * OSAL_NV_ERASED;
    846            }
    847            else
    848            {
    849              chk = 0;
    850              while ( len-- )
    851              {
    852                chk += *buf++;
    853              }
    854            }
    855          
    856            // calcChkF() will calculate over OSAL_NV_WORD_SIZE alignment.
    857            if ( fill )
    858            {
    859              chk += (OSAL_NV_WORD_SIZE - fill) * OSAL_NV_ERASED;
    860            }
    861          
    862            return chk;
    863          }
    864          
    865          /*********************************************************************
    866           * @fn      calcChkF
    867           *
    868           * @brief   Calculates the data checksum by reading the data bytes from NV.
    869           *
    870           * @param   pg - A valid NV Flash page.
    871           * @param   offset - A valid offset into the page.
    872           * @param   len - Byte count of the data to be checksummed.
    873           *
    874           * @return  Calculated checksum of the data bytes.
    875           */
    876          static uint16 calcChkF( uint8 pg, uint16 offset, uint16 len )
    877          {
    878            uint16 chk = 0;
    879          
    880            len = (len + (OSAL_NV_WORD_SIZE-1)) / OSAL_NV_WORD_SIZE;
    881          
    882            while ( len-- )
    883            {
    884              uint8 cnt, tmp[OSAL_NV_WORD_SIZE];
    885          
    886              HalFlashRead(pg, offset, tmp, OSAL_NV_WORD_SIZE);
    887              offset += OSAL_NV_WORD_SIZE;
    888          
    889              for ( cnt = 0; cnt < OSAL_NV_WORD_SIZE; cnt++ )
    890              {
    891                chk += tmp[cnt];
    892              }
    893            }
    894          
    895            return chk;
    896          }
    897          
    898          /*********************************************************************
    899           * @fn      writeWord
    900           *
    901           * @brief   Writes a Flash-WORD to NV.
    902           *
    903           * @param   pg - A valid NV Flash page.
    904           * @param   offset - A valid offset into the page.
    905           * @param   buf - Pointer to source buffer.
    906           *
    907           * @return  none
    908           */
    909          static void writeWord( uint8 pg, uint16 offset, uint8 *buf )
    910          {
    911            offset = (offset / HAL_FLASH_WORD_SIZE) +
    912                    ((uint16)pg * (HAL_FLASH_PAGE_SIZE / HAL_FLASH_WORD_SIZE));
    913          
    914            HalFlashWrite(offset, buf, 1);
    915          }
    916          
    917          /*********************************************************************
    918           * @fn      writeWordM
    919           *
    920           * @brief   Writes multiple Flash-WORDs to NV.
    921           *
    922           * @param   pg - A valid NV Flash page.
    923           * @param   offset - A valid offset into the page.
    924           * @param   buf - Pointer to source buffer.
    925           * @param   cnt - Number of 4-byte blocks to write.
    926           *
    927           * @return  none
    928           */
    929          static void writeWordM( uint8 pg, uint16 offset, uint8 *buf, uint16 cnt )
    930          {
    931            offset = (offset / HAL_FLASH_WORD_SIZE) +
    932                    ((uint16)pg * (HAL_FLASH_PAGE_SIZE / HAL_FLASH_WORD_SIZE));
    933            HalFlashWrite(offset, buf, cnt);
    934          }
    935          
    936          /*********************************************************************
    937           * @fn      writeWordH
    938           *
    939           * @brief   Writes the 1st half of a Flash-WORD to NV (filling 2nd half with 0xffff).
    940           *
    941           * @param   pg - A valid NV Flash page.
    942           * @param   offset - A valid offset into the page.
    943           * @param   buf - Pointer to source buffer.
    944           *
    945           * @return  none
    946           */
    947          static void writeWordH( uint8 pg, uint16 offset, uint8 *buf )
    948          {
    949            uint8 tmp[4];
    950          
    951            tmp[0] = buf[0];
    952            tmp[1] = buf[1];
    953            tmp[2] = OSAL_NV_ERASED;
    954            tmp[3] = OSAL_NV_ERASED;
    955          
    956            writeWord( pg, offset, tmp );
    957          }
    958          
    959          /*********************************************************************
    960           * @fn      writeBuf
    961           *
    962           * @brief   Writes a data buffer to NV.
    963           *
    964           * @param   dstPg - A valid NV Flash page.
    965           * @param   offset - A valid offset into the page.
    966           * @param   len  - Byte count of the data to write.
    967           * @param   buf  - The data to write.
    968           *
    969           * @return  TRUE if data buf checksum matches read back checksum, else FALSE.
    970           */
    971          static void writeBuf( uint8 dstPg, uint16 dstOff, uint16 len, uint8 *buf )
    972          {
    973            uint8 rem = dstOff % OSAL_NV_WORD_SIZE;
    974            uint8 tmp[OSAL_NV_WORD_SIZE];
    975          
    976            if ( rem )
    977            {
    978              dstOff = (dstOff / OSAL_NV_WORD_SIZE) * OSAL_NV_WORD_SIZE;
    979              HalFlashRead(dstPg, dstOff, tmp, OSAL_NV_WORD_SIZE);
    980          
    981              while ( (rem < OSAL_NV_WORD_SIZE) && len )
    982              {
    983                tmp[rem++] = *buf++;
    984                len--;
    985              }
    986          
    987              writeWord( dstPg, dstOff, tmp );
    988              dstOff += OSAL_NV_WORD_SIZE;
    989            }
    990          
    991            rem = len % OSAL_NV_WORD_SIZE;
    992            len /= OSAL_NV_WORD_SIZE;
    993          
    994            if ( len )
    995            {
    996              writeWordM( dstPg, dstOff, buf, len );
    997              dstOff += OSAL_NV_WORD_SIZE * len;
    998              buf += OSAL_NV_WORD_SIZE * len;
    999            }
   1000          
   1001            if ( rem )
   1002            {
   1003              uint8 idx = 0;
   1004              HalFlashRead(dstPg, dstOff, tmp, OSAL_NV_WORD_SIZE);
   1005              while ( rem-- )
   1006              {
   1007                tmp[idx++] = *buf++;
   1008              }
   1009              writeWord( dstPg, dstOff, tmp );
   1010            }
   1011          }
   1012          
   1013          /*********************************************************************
   1014           * @fn      xferBuf
   1015           *
   1016           * @brief   Xfers an NV buffer from one location to another, enforcing OSAL_NV_WORD_SIZE writes.
   1017           *
   1018           * @return  none
   1019           */
   1020          static void xferBuf( uint8 srcPg, uint16 srcOff, uint8 dstPg, uint16 dstOff, uint16 len )
   1021          {
   1022            uint8 rem = dstOff % OSAL_NV_WORD_SIZE;
   1023            uint8 tmp[OSAL_NV_WORD_SIZE];
   1024          
   1025            if ( rem )
   1026            {
   1027              dstOff -= rem;
   1028              HalFlashRead(dstPg, dstOff, tmp, OSAL_NV_WORD_SIZE);
   1029          
   1030              while ( (rem < OSAL_NV_WORD_SIZE) && len )
   1031              {
   1032                HalFlashRead(srcPg, srcOff, tmp+rem, 1);
   1033                srcOff++;
   1034                rem++;
   1035                len--;
   1036              }
   1037          
   1038              writeWord( dstPg, dstOff, tmp );
   1039              dstOff += OSAL_NV_WORD_SIZE;
   1040            }
   1041          
   1042            rem = len % OSAL_NV_WORD_SIZE;
   1043            len /= OSAL_NV_WORD_SIZE;
   1044          
   1045            while ( len-- )
   1046            {
   1047              HalFlashRead(srcPg, srcOff, tmp, OSAL_NV_WORD_SIZE);
   1048              srcOff += OSAL_NV_WORD_SIZE;
   1049              writeWord( dstPg, dstOff, tmp );
   1050              dstOff += OSAL_NV_WORD_SIZE;
   1051            }
   1052          
   1053            if ( rem )
   1054            {
   1055              uint8 idx = 0;
   1056              HalFlashRead(dstPg, dstOff, tmp, OSAL_NV_WORD_SIZE);
   1057              while ( rem-- )
   1058              {
   1059                HalFlashRead(srcPg, srcOff, tmp+idx, 1);
   1060                srcOff++;
   1061                idx++;
   1062              }
   1063              writeWord( dstPg, dstOff, tmp );
   1064            }
   1065          }
   1066          
   1067          /*********************************************************************
   1068           * @fn      writeItem
   1069           *
   1070           * @brief   Writes an item header/data combo to the specified NV page.
   1071           *
   1072           * @param   pg - Valid NV Flash page.
   1073           * @param   id - Valid NV item Id.
   1074           * @param   len  - Byte count of the data to write.
   1075           * @param   buf  - The data to write. If NULL, no data/checksum write.
   1076           * @param   flag - TRUE if the checksum should be written, FALSE otherwise.
   1077           *
   1078           * @return  TRUE if header/data to write matches header/data read back, else FALSE.
   1079           */
   1080          static uint8 writeItem( uint8 pg, uint16 id, uint16 len, void *buf, uint8 flag )
   1081          {
   1082            uint16 offset = pgOff[pg-OSAL_NV_PAGE_BEG];
   1083            uint8 rtrn = FALSE;
   1084            osalNvHdr_t hdr;
   1085          
   1086            hdr.id = id;
   1087            hdr.len = len;
   1088          
   1089            writeWord( pg, offset, (uint8 *)&hdr );
   1090            HalFlashRead(pg, offset, (uint8 *)(&hdr), OSAL_NV_HDR_SIZE);
   1091          
   1092            if ( (hdr.id == id) && (hdr.len == len) )
   1093            {
   1094              if ( flag )
   1095              {
   1096                hdr.chk = calcChkB( len, buf );
   1097          
   1098                offset += OSAL_NV_HDR_SIZE;
   1099                if ( buf != NULL )
   1100                {
   1101                  writeBuf( pg, offset, len, buf );
   1102                }
   1103          
   1104                if ( hdr.chk == calcChkF( pg, offset, len ) )
   1105                {
   1106                  if ( hdr.chk == setChk( pg, offset, hdr.chk ) )
   1107                  {
   1108                    hotItemUpdate(pg, offset, hdr.id);
   1109                    rtrn = TRUE;
   1110                  }
   1111                }
   1112              }
   1113              else
   1114              {
   1115                rtrn = TRUE;
   1116              }
   1117          
   1118              len = OSAL_NV_ITEM_SIZE( hdr.len );
   1119            }
   1120            else
   1121            {
   1122              len = OSAL_NV_ITEM_SIZE( hdr.len );
   1123          
   1124              if (len > (OSAL_NV_PAGE_SIZE - pgOff[pg - OSAL_NV_PAGE_BEG]))
   1125              {
   1126                len = (OSAL_NV_PAGE_SIZE - pgOff[pg - OSAL_NV_PAGE_BEG]);
   1127              }
   1128          
   1129              pgLost[pg - OSAL_NV_PAGE_BEG] += len;
   1130            }
   1131            pgOff[pg - OSAL_NV_PAGE_BEG] += len;
   1132          
   1133            return rtrn;
   1134          }
   1135          
   1136          /*********************************************************************
   1137           * @fn      hotItem
   1138           *
   1139           * @brief   Look for the parameter 'id' in the hot items array.
   1140           *
   1141           * @param   id - A valid NV item Id.
   1142           *
   1143           * @return  A valid index into the hot items if the item is hot; OSAL_NV_MAX_HOT if not.
   1144           */
   1145          static uint8 hotItem(uint16 id)
   1146          {
   1147            uint8 hotIdx;
   1148          
   1149            for (hotIdx = 0; hotIdx < OSAL_NV_MAX_HOT; hotIdx++)
   1150            {
   1151              if (hotIds[hotIdx] == id)
   1152              {
   1153                break;
   1154              }
   1155            }
   1156          
   1157            return hotIdx;
   1158          }
   1159          
   1160          /*********************************************************************
   1161           * @fn      hotItemUpdate
   1162           *
   1163           * @brief   If the parameter 'id' is a hot item, update the corresponding hot item data.
   1164           *
   1165           * @param   pg - The new NV page corresponding to the hot item.
   1166           * @param   off - The new NV page offset corresponding to the hot item.
   1167           * @param   id - A valid NV item Id.
   1168           *
   1169           * @return  none
   1170           */
   1171          static void hotItemUpdate(uint8 pg, uint16 off, uint16 id)
   1172          {
   1173            uint8 hotIdx = hotItem(id);
   1174          
   1175            if (hotIdx < OSAL_NV_MAX_HOT)
   1176            {
   1177              {
   1178                hotPg[hotIdx] = pg;
   1179                hotOff[hotIdx] = off;
   1180              }
   1181            }
   1182          }
   1183          
   1184          /*********************************************************************
   1185           * @fn      osal_nv_init
   1186           *
   1187           * @brief   Initialize NV service.
   1188           *
   1189           * @param   p - Not used.
   1190           *
   1191           * @return  none
   1192           */
   1193          void osal_nv_init( void *p )
   1194          {
   1195            (void)p;  // Suppress Lint warning.
   1196            (void)initNV();  // Always returns TRUE after pages have been erased.
   1197          }
   1198          
   1199          /*********************************************************************
   1200           * @fn      osal_nv_item_init
   1201           *
   1202           * @brief   If the NV item does not already exist, it is created and
   1203           *          initialized with the data passed to the function, if any.
   1204           *          This function must be called before calling osal_nv_read() or
   1205           *          osal_nv_write().
   1206           *
   1207           * @param   id  - Valid NV item Id.
   1208           * @param   len - Item length.
   1209           * @param  *buf - Pointer to item initalization data. Set to NULL if none.
   1210           *
   1211           * @return  NV_ITEM_UNINIT - Id did not exist and was created successfully.
   1212           *          SUCCESS       - Id already existed, no action taken.
   1213           *          NV_OPER_FAILED - Failure to find or create Id.
   1214           */
   1215          uint8 osal_nv_item_init( uint16 id, uint16 len, void *buf )
   1216          {
   1217            uint16 offset;
   1218          
   1219            if ( !OSAL_NV_CHECK_BUS_VOLTAGE )
   1220            {
   1221              return NV_OPER_FAILED;
   1222            }
   1223            else if ((offset = findItem(id)) != OSAL_NV_ITEM_NULL)
   1224            {
   1225              // Re-populate the NV hot item data if the corresponding items are already established.
   1226              hotItemUpdate(findPg, offset, id);
   1227          
   1228              return SUCCESS;
   1229            }
   1230            else if ( initItem( TRUE, id, len, buf ) != OSAL_NV_PAGE_NULL )
   1231            {
   1232              return NV_ITEM_UNINIT;
   1233            }
   1234            else
   1235            {
   1236              return NV_OPER_FAILED;
   1237            }
   1238          }
   1239          
   1240          /*********************************************************************
   1241           * @fn      osal_nv_item_len
   1242           *
   1243           * @brief   Get the data length of the item stored in NV memory.
   1244           *
   1245           * @param   id  - Valid NV item Id.
   1246           *
   1247           * @return  Item length, if found; zero otherwise.
   1248           */
   1249          uint16 osal_nv_item_len( uint16 id )
   1250          {
   1251            osalNvHdr_t hdr;
   1252            uint16 offset;
   1253            uint8 hotIdx;
   1254          
   1255            if ((hotIdx = hotItem(id)) < OSAL_NV_MAX_HOT)
   1256            {
   1257              findPg = hotPg[hotIdx];
   1258              offset = hotOff[hotIdx];
   1259            }
   1260            else if ((offset = findItem(id)) == OSAL_NV_ITEM_NULL)
   1261            {
   1262              return 0;
   1263            }
   1264          
   1265            HalFlashRead(findPg, (offset - OSAL_NV_HDR_SIZE), (uint8 *)(&hdr), OSAL_NV_HDR_SIZE);
   1266            return hdr.len;
   1267          }
   1268          
   1269          /*********************************************************************
   1270           * @fn      osal_nv_write
   1271           *
   1272           * @brief   Write a data item to NV. Function can write an entire item to NV or
   1273           *          an element of an item by indexing into the item with an offset.
   1274           *
   1275           * @param   id  - Valid NV item Id.
   1276           * @param   ndx - Index offset into item
   1277           * @param   len - Length of data to write.
   1278           * @param  *buf - Data to write.
   1279           *
   1280           * @return  SUCCESS if successful, NV_ITEM_UNINIT if item did not
   1281           *          exist in NV and offset is non-zero, NV_OPER_FAILED if failure.
   1282           */
   1283          uint8 osal_nv_write( uint16 id, uint16 ndx, uint16 len, void *buf )
   1284          {
   1285            uint8 rtrn = SUCCESS;
   1286          
   1287            if ( !OSAL_NV_CHECK_BUS_VOLTAGE )
   1288            {
   1289              return NV_OPER_FAILED;
   1290            }
   1291            else if ( len != 0 )
   1292            {
   1293              osalNvHdr_t hdr;
   1294              uint16 origOff, srcOff;
   1295              uint16 cnt, chk;
   1296              uint8 *ptr, srcPg;
   1297          
   1298              origOff = srcOff = findItem( id );
   1299              srcPg = findPg;
   1300              if ( srcOff == OSAL_NV_ITEM_NULL )
   1301              {
   1302                return NV_ITEM_UNINIT;
   1303              }
   1304          
   1305              HalFlashRead(srcPg, (srcOff - OSAL_NV_HDR_SIZE), (uint8 *)(&hdr), OSAL_NV_HDR_SIZE);
   1306              if ( hdr.len < (ndx + len) )
   1307              {
   1308                return NV_OPER_FAILED;
   1309              }
   1310          
   1311              srcOff += ndx;
   1312              ptr = buf;
   1313              cnt = len;
   1314              chk = 0;
   1315              while ( cnt-- )
   1316              {
   1317                uint8 tmp;
   1318                HalFlashRead(srcPg, srcOff, &tmp, 1);
   1319                if ( tmp != *ptr )
   1320                {
   1321                  chk = 1;  // Mark that at least one byte is different.
   1322                  // Calculate expected checksum after transferring old data and writing new data.
   1323                  hdr.chk -= tmp;
   1324                  hdr.chk += *ptr;
   1325                }
   1326                srcOff++;
   1327                ptr++;
   1328              }
   1329          
   1330              if ( chk != 0 )  // If the buffer to write is different in one or more bytes.
   1331              {
   1332                uint8 comPg = OSAL_NV_PAGE_NULL;
   1333                uint8 dstPg = initItem( FALSE, id, hdr.len, &comPg );
   1334          
   1335                if ( dstPg != OSAL_NV_PAGE_NULL )
   1336                {
   1337                  uint16 tmp = OSAL_NV_DATA_SIZE( hdr.len );
   1338                  uint16 dstOff = pgOff[dstPg-OSAL_NV_PAGE_BEG] - tmp;
   1339                  srcOff = origOff;
   1340          
   1341                  /* Prevent excessive re-writes to item header caused by numerous, rapid, & successive
   1342                   * OSAL_Nv interruptions caused by resets.
   1343                   */
   1344                  if ( hdr.stat == OSAL_NV_ERASED_ID )
   1345                  {
   1346                    setItem( srcPg, srcOff, eNvXfer );
   1347                  }
   1348          
   1349                  xferBuf( srcPg, srcOff, dstPg, dstOff, ndx );
   1350                  srcOff += ndx;
   1351                  dstOff += ndx;
   1352          
   1353                  writeBuf( dstPg, dstOff, len, buf );
   1354                  srcOff += len;
   1355                  dstOff += len;
   1356          
   1357                  xferBuf( srcPg, srcOff, dstPg, dstOff, (hdr.len-ndx-len) );
   1358          
   1359                  // Calculate and write the new checksum.
   1360                  dstOff = pgOff[dstPg-OSAL_NV_PAGE_BEG] - tmp;
   1361          
   1362                  if ( hdr.chk == calcChkF( dstPg, dstOff, hdr.len ) )
   1363                  {
   1364                    if ( hdr.chk != setChk( dstPg, dstOff, hdr.chk ) )
   1365                    {
   1366                      rtrn = NV_OPER_FAILED;
   1367                    }
   1368                    else
   1369                    {
   1370                      hotItemUpdate(dstPg, dstOff, hdr.id);
   1371                    }
   1372                  }
   1373                  else
   1374                  {
   1375                    rtrn = NV_OPER_FAILED;
   1376                  }
   1377                }
   1378                else
   1379                {
   1380                  rtrn = NV_OPER_FAILED;
   1381                }
   1382          
   1383                if ( comPg != OSAL_NV_PAGE_NULL )
   1384                {
   1385                  /* Even though the page compaction succeeded, if the new item is coming from the compacted
   1386                   * page and writing the new value failed, then the compaction must be aborted.
   1387                   */
   1388                  if ( (srcPg == comPg) && (rtrn == NV_OPER_FAILED) )
   1389                  {
   1390                    erasePage( pgRes );
   1391                  }
   1392                  else
   1393                  {
   1394                    COMPACT_PAGE_CLEANUP( comPg );
   1395                  }
   1396                }
   1397          
   1398                /* Zero of the old item must wait until after compact page cleanup has finished - if the item
   1399                 * is zeroed before and cleanup is interrupted by a power-cycle, the new item can be lost.
   1400                 */
   1401                if ( (srcPg != comPg) && (rtrn != NV_OPER_FAILED) )
   1402                {
   1403                  setItem( srcPg, origOff, eNvZero );
   1404                }
   1405              }
   1406            }
   1407          
   1408            return rtrn;
   1409          }
   1410          
   1411          /*********************************************************************
   1412           * @fn      osal_nv_read
   1413           *
   1414           * @brief   Read data from NV. This function can be used to read an entire item from NV or
   1415           *          an element of an item by indexing into the item with an offset.
   1416           *          Read data is copied into *buf.
   1417           *
   1418           * @param   id  - Valid NV item Id.
   1419           * @param   ndx - Index offset into item
   1420           * @param   len - Length of data to read.
   1421           * @param  *buf - Data is read into this buffer.
   1422           *
   1423           * @return  SUCCESS if NV data was copied to the parameter 'buf'.
   1424           *          Otherwise, NV_OPER_FAILED for failure.
   1425           */
   1426          uint8 osal_nv_read( uint16 id, uint16 ndx, uint16 len, void *buf )
   1427          {
   1428            uint16 offset;
   1429            uint8 hotIdx;
   1430          
   1431            if ((hotIdx = hotItem(id)) < OSAL_NV_MAX_HOT)
   1432            {
   1433              HalFlashRead(hotPg[hotIdx], hotOff[hotIdx]+ndx, buf, len);
   1434              return SUCCESS;
   1435            }
   1436          
   1437            if ((offset = findItem(id)) == OSAL_NV_ITEM_NULL)
   1438            {
   1439              return NV_OPER_FAILED;
   1440            }
   1441            else
   1442            {
   1443              HalFlashRead(findPg, offset+ndx, buf, len);
   1444              return SUCCESS;
   1445            }
   1446          }
   1447          
   1448          /*********************************************************************
   1449          *********************************************************************/

Errors: 1
Warnings: none
