###############################################################################
#                                                                             #
# IAR C/C++ Compiler V7.51A/W32 for 8051                08/Jun/2011  10:49:45 #
# Copyright 2004-2009 IAR Systems AB.                                         #
#                                                                             #
#    Core               =  plain                                              #
#    Code model         =  banked                                             #
#    Data model         =  large                                              #
#    Calling convention =  xdata reentrant                                    #
#    Constant location  =  data_rom                                           #
#    Dptr setup         =  1,16                                               #
#    Source file        =  C:\Texas Instruments\ZStack-CC2530-2.3.1\Projects\ #
#                          zstack\Samples\SampleApp\Source\SampleApp.c        #
#    Command line       =  -f "C:\Texas Instruments\ZStack-CC2530-2.3.1\Proje #
#                          cts\zstack\Samples\SampleApp\CC2530DB\..\..\..\Too #
#                          ls\CC2530DB\f8wCoord.cfg" (-DCPU32MHZ              #
#                          -DROOT=__near_func -DMAC_CFG_APP_PENDING_QUEUE=TRU #
#                          E -DMAC_CFG_TX_DATA_MAX=5 -DMAC_CFG_TX_MAX=8       #
#                          -DMAC_CFG_RX_MAX=5 -DZDO_COORDINATOR -DRTR_NWK)    #
#                          -f "C:\Texas Instruments\ZStack-CC2530-2.3.1\Proje #
#                          cts\zstack\Samples\SampleApp\CC2530DB\..\..\..\Too #
#                          ls\CC2530DB\f8wConfig.cfg" (-DSECURE=0             #
#                          -DZG_SECURE_DYNAMIC=0 -DREFLECTOR                  #
#                          -DDEFAULT_CHANLIST=0x00000800                      #
#                          -DZDAPP_CONFIG_PAN_ID=0xFFFF                       #
#                          -DNWK_START_DELAY=100 -DEXTENDED_JOINING_RANDOM_MA #
#                          SK=0x007F -DBEACON_REQUEST_DELAY=100               #
#                          -DBEACON_REQ_DELAY_MASK=0x00FF                     #
#                          -DLINK_STATUS_JITTER_MASK=0x007F                   #
#                          -DROUTE_EXPIRY_TIME=30 -DAPSC_ACK_WAIT_DURATION_PO #
#                          LLED=3000 -DNWK_INDIRECT_MSG_TIMEOUT=7             #
#                          -DMAX_RREQ_ENTRIES=8 -DAPSC_MAX_FRAME_RETRIES=3    #
#                          -DNWK_MAX_DATA_RETRIES=2                           #
#                          -DMAX_POLL_FAILURE_RETRIES=2 -DMAX_BCAST=9         #
#                          -DAPS_MAX_GROUPS=16 -DMAX_RTG_ENTRIES=40           #
#                          -DNWK_MAX_BINDING_ENTRIES=4                        #
#                          -DMAX_BINDING_CLUSTER_IDS=4 "-DDEFAULT_KEY={0x01,  #
#                          0x03, 0x05, 0x07, 0x09, 0x0B, 0x0D, 0x0F, 0x00,    #
#                          0x02, 0x04, 0x06, 0x08, 0x0A, 0x0C, 0x0D}"         #
#                          -DMAC_MAX_FRAME_SIZE=116                           #
#                          -DZDNWKMGR_MIN_TRANSMISSIONS=20 "-DCONST=const     #
#                          __code" -DGENERIC=__generic                        #
#                          -DRFD_RCVC_ALWAYS_ON=FALSE -DPOLL_RATE=1000        #
#                          -DQUEUED_POLL_RATE=100 -DRESPONSE_POLL_RATE=100)   #
#                          -DREJOIN_POLL_RATE=440 "C:\Texas                   #
#                          Instruments\ZStack-CC2530-2.3.1\Projects\zstack\Sa #
#                          mples\SampleApp\Source\SampleApp.c" -D             #
#                          BUILD_ALL_DEVICES -D HOLD_AUTO_START -D            #
#                          LCD_SUPPORTED -D HAL_UART=FALSE -lC "C:\Texas      #
#                          Instruments\ZStack-CC2530-2.3.1\Projects\zstack\Sa #
#                          mples\SampleApp\CC2530DB\DemoEB\List\" -lA         #
#                          "C:\Texas Instruments\ZStack-CC2530-2.3.1\Projects #
#                          \zstack\Samples\SampleApp\CC2530DB\DemoEB\List\"   #
#                          --diag_suppress Pe001,Pa010 -o "C:\Texas           #
#                          Instruments\ZStack-CC2530-2.3.1\Projects\zstack\Sa #
#                          mples\SampleApp\CC2530DB\DemoEB\Obj\" -e           #
#                          --require_prototypes --debug --core=plain          #
#                          --dptr=16,1 --data_model=large                     #
#                          --code_model=banked --calling_convention=xdata_ree #
#                          ntrant --place_constants=data_rom                  #
#                          --nr_virtual_regs 16 -I "C:\Texas                  #
#                          Instruments\ZStack-CC2530-2.3.1\Projects\zstack\Sa #
#                          mples\SampleApp\CC2530DB\" -I "C:\Texas            #
#                          Instruments\ZStack-CC2530-2.3.1\Projects\zstack\Sa #
#                          mples\SampleApp\CC2530DB\..\SOURCE\" -I "C:\Texas  #
#                          Instruments\ZStack-CC2530-2.3.1\Projects\zstack\Sa #
#                          mples\SampleApp\CC2530DB\..\..\..\ZMAIN\TI2530DB\" #
#                           -I "C:\Texas Instruments\ZStack-CC2530-2.3.1\Proj #
#                          ects\zstack\Samples\SampleApp\CC2530DB\..\..\..\.. #
#                          \..\COMPONENTS\MT\" -I "C:\Texas                   #
#                          Instruments\ZStack-CC2530-2.3.1\Projects\zstack\Sa #
#                          mples\SampleApp\CC2530DB\..\..\..\..\..\COMPONENTS #
#                          \HAL\INCLUDE\" -I "C:\Texas                        #
#                          Instruments\ZStack-CC2530-2.3.1\Projects\zstack\Sa #
#                          mples\SampleApp\CC2530DB\..\..\..\..\..\COMPONENTS #
#                          \HAL\TARGET\CC2530EB\" -I "C:\Texas                #
#                          Instruments\ZStack-CC2530-2.3.1\Projects\zstack\Sa #
#                          mples\SampleApp\CC2530DB\..\..\..\..\..\COMPONENTS #
#                          \OSAL\MCU\CCSOC\" -I "C:\Texas                     #
#                          Instruments\ZStack-CC2530-2.3.1\Projects\zstack\Sa #
#                          mples\SampleApp\CC2530DB\..\..\..\..\..\COMPONENTS #
#                          \OSAL\INCLUDE\" -I "C:\Texas                       #
#                          Instruments\ZStack-CC2530-2.3.1\Projects\zstack\Sa #
#                          mples\SampleApp\CC2530DB\..\..\..\..\..\COMPONENTS #
#                          \STACK\AF\" -I "C:\Texas                           #
#                          Instruments\ZStack-CC2530-2.3.1\Projects\zstack\Sa #
#                          mples\SampleApp\CC2530DB\..\..\..\..\..\COMPONENTS #
#                          \STACK\NWK\" -I "C:\Texas                          #
#                          Instruments\ZStack-CC2530-2.3.1\Projects\zstack\Sa #
#                          mples\SampleApp\CC2530DB\..\..\..\..\..\COMPONENTS #
#                          \STACK\SEC\" -I "C:\Texas                          #
#                          Instruments\ZStack-CC2530-2.3.1\Projects\zstack\Sa #
#                          mples\SampleApp\CC2530DB\..\..\..\..\..\COMPONENTS #
#                          \STACK\SAPI\" -I "C:\Texas                         #
#                          Instruments\ZStack-CC2530-2.3.1\Projects\zstack\Sa #
#                          mples\SampleApp\CC2530DB\..\..\..\..\..\COMPONENTS #
#                          \STACK\SYS\" -I "C:\Texas                          #
#                          Instruments\ZStack-CC2530-2.3.1\Projects\zstack\Sa #
#                          mples\SampleApp\CC2530DB\..\..\..\..\..\COMPONENTS #
#                          \STACK\ZDO\" -I "C:\Texas                          #
#                          Instruments\ZStack-CC2530-2.3.1\Projects\zstack\Sa #
#                          mples\SampleApp\CC2530DB\..\..\..\..\..\COMPONENTS #
#                          \ZMAC\F8W\" -I "C:\Texas                           #
#                          Instruments\ZStack-CC2530-2.3.1\Projects\zstack\Sa #
#                          mples\SampleApp\CC2530DB\..\..\..\..\..\COMPONENTS #
#                          \ZMAC\" -I "C:\Texas Instruments\ZStack-CC2530-2.3 #
#                          .1\Projects\zstack\Samples\SampleApp\CC2530DB\..\. #
#                          .\..\..\..\COMPONENTS\SERVICES\SADDR\" -I          #
#                          "C:\Texas Instruments\ZStack-CC2530-2.3.1\Projects #
#                          \zstack\Samples\SampleApp\CC2530DB\..\..\..\..\..\ #
#                          COMPONENTS\SERVICES\SDATA\" -I "C:\Texas           #
#                          Instruments\ZStack-CC2530-2.3.1\Projects\zstack\Sa #
#                          mples\SampleApp\CC2530DB\..\..\..\..\..\COMPONENTS #
#                          \MAC\INCLUDE\" -I "C:\Texas                        #
#                          Instruments\ZStack-CC2530-2.3.1\Projects\zstack\Sa #
#                          mples\SampleApp\CC2530DB\..\..\..\..\..\COMPONENTS #
#                          \MAC\HIGH_LEVEL\" -I "C:\Texas                     #
#                          Instruments\ZStack-CC2530-2.3.1\Projects\zstack\Sa #
#                          mples\SampleApp\CC2530DB\..\..\..\..\..\COMPONENTS #
#                          \MAC\LOW_LEVEL\srf04\" -I "C:\Texas                #
#                          Instruments\ZStack-CC2530-2.3.1\Projects\zstack\Sa #
#                          mples\SampleApp\CC2530DB\..\..\..\..\..\COMPONENTS #
#                          \MAC\LOW_LEVEL\srf04\SINGLE_CHIP\" -I "C:\Program  #
#                          Files\IAR Systems\Embedded Workbench               #
#                          5.3\8051\INC\" -I "C:\Program Files\IAR            #
#                          Systems\Embedded Workbench 5.3\8051\INC\CLIB\"     #
#                          -Ohz                                               #
#    List file          =  C:\Texas Instruments\ZStack-CC2530-2.3.1\Projects\ #
#                          zstack\Samples\SampleApp\CC2530DB\DemoEB\List\Samp #
#                          leApp.lst                                          #
#    Object file        =  C:\Texas Instruments\ZStack-CC2530-2.3.1\Projects\ #
#                          zstack\Samples\SampleApp\CC2530DB\DemoEB\Obj\Sampl #
#                          eApp.r51                                           #
#                                                                             #
#                                                                             #
###############################################################################

C:\Texas Instruments\ZStack-CC2530-2.3.1\Projects\zstack\Samples\SampleApp\Source\SampleApp.c
      1          /**************************************************************************************************
      2            Filename:       SampleApp.c
      3            Revised:        $Date: 2009-03-18 15:56:27 -0700 (Wed, 18 Mar 2009) $
      4            Revision:       $Revision: 19453 $
      5          
      6            Description:    Sample Application (no Profile).
      7          
      8          
      9            Copyright 2007 Texas Instruments Incorporated. All rights reserved.
     10          
     11            IMPORTANT: Your use of this Software is limited to those specific rights
     12            granted under the terms of a software license agreement between the user
     13            who downloaded the software, his/her employer (which must be your employer)
     14            and Texas Instruments Incorporated (the "License").  You may not use this
     15            Software unless you agree to abide by the terms of the License. The License
     16            limits your use, and you acknowledge, that the Software may not be modified,
     17            copied or distributed unless embedded on a Texas Instruments microcontroller
     18            or used solely and exclusively in conjunction with a Texas Instruments radio
     19            frequency transceiver, which is integrated into your product.  Other than for
     20            the foregoing purpose, you may not use, reproduce, copy, prepare derivative
     21            works of, modify, distribute, perform, display or sell this Software and/or
     22            its documentation for any purpose.
     23          
     24            YOU FURTHER ACKNOWLEDGE AND AGREE THAT THE SOFTWARE AND DOCUMENTATION ARE
     25            PROVIDED “AS IS” WITHOUT WARRANTY OF ANY KIND, EITHER EXPRESS OR IMPLIED,
     26            INCLUDING WITHOUT LIMITATION, ANY WARRANTY OF MERCHANTABILITY, TITLE,
     27            NON-INFRINGEMENT AND FITNESS FOR A PARTICULAR PURPOSE. IN NO EVENT SHALL
     28            TEXAS INSTRUMENTS OR ITS LICENSORS BE LIABLE OR OBLIGATED UNDER CONTRACT,
     29            NEGLIGENCE, STRICT LIABILITY, CONTRIBUTION, BREACH OF WARRANTY, OR OTHER
     30            LEGAL EQUITABLE THEORY ANY DIRECT OR INDIRECT DAMAGES OR EXPENSES
     31            INCLUDING BUT NOT LIMITED TO ANY INCIDENTAL, SPECIAL, INDIRECT, PUNITIVE
     32            OR CONSEQUENTIAL DAMAGES, LOST PROFITS OR LOST DATA, COST OF PROCUREMENT
     33            OF SUBSTITUTE GOODS, TECHNOLOGY, SERVICES, OR ANY CLAIMS BY THIRD PARTIES
     34            (INCLUDING BUT NOT LIMITED TO ANY DEFENSE THEREOF), OR OTHER SIMILAR COSTS.
     35          
     36            Should you have any questions regarding your right to use this Software,
     37            contact Texas Instruments Incorporated at www.TI.com.
     38          **************************************************************************************************/
     39          
     40          /*********************************************************************
     41            This application isn't intended to do anything useful, it is
     42            intended to be a simple example of an application's structure.
     43          
     44            This application sends it's messages either as broadcast or
     45            broadcast filtered group messages.  The other (more normal)
     46            message addressing is unicast.  Most of the other sample
     47            applications are written to support the unicast message model.
     48          
     49            Key control:
     50              SW1:  Sends a flash command to all devices in Group 1.
     51              SW2:  Adds/Removes (toggles) this device in and out
     52                    of Group 1.  This will enable and disable the
     53                    reception of the flash command.
     54          *********************************************************************/
     55          
     56          /*********************************************************************
     57           * INCLUDES
     58           */
     59          #include "OSAL.h"
     60          #include "ZGlobals.h"
     61          #include "AF.h"
     62          #include "aps_groups.h"
     63          #include "ZDApp.h"
     64          
     65          #include "SampleApp.h"
     66          #include "SampleAppHw.h"
     67          
     68          #include "OnBoard.h"
     69          
     70          /* HAL */
     71          #include "hal_lcd.h"
     72          #include "hal_led.h"
     73          #include "hal_key.h"
     74          
     75          /*********************************************************************
     76           * MACROS
     77           */
     78          
     79          /*********************************************************************
     80           * CONSTANTS
     81           */
     82          
     83          /*********************************************************************
     84           * TYPEDEFS
     85           */
     86          
     87          /*********************************************************************
     88           * GLOBAL VARIABLES
     89           */
     90          
     91          // This list should be filled with Application specific Cluster IDs.
     92          const cId_t SampleApp_ClusterList[SAMPLEAPP_MAX_CLUSTERS] =
     93          {
     94            SAMPLEAPP_PERIODIC_CLUSTERID,
     95            SAMPLEAPP_FLASH_CLUSTERID
     96          };
     97          
     98          const SimpleDescriptionFormat_t SampleApp_SimpleDesc =
     99          {
    100            SAMPLEAPP_ENDPOINT,              //  int Endpoint;
    101            SAMPLEAPP_PROFID,                //  uint16 AppProfId[2];
    102            SAMPLEAPP_DEVICEID,              //  uint16 AppDeviceId[2];
    103            SAMPLEAPP_DEVICE_VERSION,        //  int   AppDevVer:4;
    104            SAMPLEAPP_FLAGS,                 //  int   AppFlags:4;
    105            SAMPLEAPP_MAX_CLUSTERS,          //  uint8  AppNumInClusters;
    106            (cId_t *)SampleApp_ClusterList,  //  uint8 *pAppInClusterList;
    107            SAMPLEAPP_MAX_CLUSTERS,          //  uint8  AppNumInClusters;
    108            (cId_t *)SampleApp_ClusterList   //  uint8 *pAppInClusterList;
    109          };
    110          
    111          // This is the Endpoint/Interface description.  It is defined here, but
    112          // filled-in in SampleApp_Init().  Another way to go would be to fill
    113          // in the structure here and make it a "const" (in code space).  The
    114          // way it's defined in this sample app it is define in RAM.
    115          endPointDesc_t SampleApp_epDesc;
    116          
    117          /*********************************************************************
    118           * EXTERNAL VARIABLES
    119           */
    120          
    121          /*********************************************************************
    122           * EXTERNAL FUNCTIONS
    123           */
    124          
    125          /*********************************************************************
    126           * LOCAL VARIABLES
    127           */
    128          uint8 SampleApp_TaskID;   // Task ID for internal task/event processing
    129                                    // This variable will be received when
    130                                    // SampleApp_Init() is called.
    131          devStates_t SampleApp_NwkState;
    132          
    133          uint8 SampleApp_TransID;  // This is the unique message ID (counter)
    134          
    135          afAddrType_t SampleApp_Periodic_DstAddr;
    136          afAddrType_t SampleApp_Flash_DstAddr;
    137          
    138          aps_Group_t SampleApp_Group;
    139          
    140          uint8 SampleAppPeriodicCounter = 0;
    141          uint8 SampleAppFlashCounter = 0;
    142          
    143          /*********************************************************************
    144           * LOCAL FUNCTIONS
    145           */
    146          void SampleApp_HandleKeys( uint8 shift, uint8 keys );
    147          void SampleApp_MessageMSGCB( afIncomingMSGPacket_t *pckt );
    148          void SampleApp_SendPeriodicMessage( void );
    149          void SampleApp_SendFlashMessage( uint16 flashTime );
    150          
    151          /*********************************************************************
    152           * NETWORK LAYER CALLBACKS
    153           */
    154          
    155          /*********************************************************************
    156           * PUBLIC FUNCTIONS
    157           */
    158          
    159          /*********************************************************************
    160           * @fn      SampleApp_Init
    161           *
    162           * @brief   Initialization function for the Generic App Task.
    163           *          This is called during initialization and should contain
    164           *          any application specific initialization (ie. hardware
    165           *          initialization/setup, table initialization, power up
    166           *          notificaiton ... ).
    167           *
    168           * @param   task_id - the ID assigned by OSAL.  This ID should be
    169           *                    used to send messages and set timers.
    170           *
    171           * @return  none
    172           */
    173          void SampleApp_Init( uint8 task_id )
    174          {
    175            SampleApp_TaskID = task_id;
    176            SampleApp_NwkState = DEV_INIT;
    177            SampleApp_TransID = 0;
    178          
    179            // Device hardware initialization can be added here or in main() (Zmain.c).
    180            // If the hardware is application specific - add it here.
    181            // If the hardware is other parts of the device add it in main().
    182          
    183           #if defined ( BUILD_ALL_DEVICES )
    184            // The "Demo" target is setup to have BUILD_ALL_DEVICES and HOLD_AUTO_START
    185            // We are looking at a jumper (defined in SampleAppHw.c) to be jumpered
    186            // together - if they are - we will start up a coordinator. Otherwise,
    187            // the device will start as a router.
    188            if ( readCoordinatorJumper() )
    189              zgDeviceLogicalType = ZG_DEVICETYPE_COORDINATOR;
    190            else
    191              zgDeviceLogicalType = ZG_DEVICETYPE_ROUTER;
    192          #endif // BUILD_ALL_DEVICES
    193          
    194          #if defined ( HOLD_AUTO_START )
    195            // HOLD_AUTO_START is a compile option that will surpress ZDApp
    196            //  from starting the device and wait for the application to
    197            //  start the device.
    198            ZDOInitDevice(0);
    199          #endif
    200          
    201            // Setup for the periodic message's destination address
    202            // Broadcast to everyone
    203            SampleApp_Periodic_DstAddr.addrMode = (afAddrMode_t)AddrBroadcast;
    204            SampleApp_Periodic_DstAddr.endPoint = SAMPLEAPP_ENDPOINT;
    205            SampleApp_Periodic_DstAddr.addr.shortAddr = 0xFFFF;
    206          
    207            // Setup for the flash command's destination address - Group 1
    208            SampleApp_Flash_DstAddr.addrMode = (afAddrMode_t)afAddrGroup;
    209            SampleApp_Flash_DstAddr.endPoint = SAMPLEAPP_ENDPOINT;
    210            SampleApp_Flash_DstAddr.addr.shortAddr = SAMPLEAPP_FLASH_GROUP;
    211          
    212            // Fill out the endpoint description.
    213            SampleApp_epDesc.endPoint = SAMPLEAPP_ENDPOINT;
    214            SampleApp_epDesc.task_id = &SampleApp_TaskID;
    215            SampleApp_epDesc.simpleDesc
    216                      = (SimpleDescriptionFormat_t *)&SampleApp_SimpleDesc;
    217            SampleApp_epDesc.latencyReq = noLatencyReqs;
    218          
    219            // Register the endpoint description with the AF
    220            afRegister( &SampleApp_epDesc );
    221          
    222            // Register for all key events - This app will handle all key events
    223            RegisterForKeys( SampleApp_TaskID );
    224          
    225            // By default, all devices start out in Group 1
    226            SampleApp_Group.ID = 0x0001;
    227            osal_memcpy( SampleApp_Group.name, "Group 1", 7  );
    228            aps_AddGroup( SAMPLEAPP_ENDPOINT, &SampleApp_Group );
    229          
    230          #if defined ( LCD_SUPPORTED )
    231            HalLcdWriteString( "SampleApp", HAL_LCD_LINE_1 );
    232          #endif
    233          }
    234          
    235          /*********************************************************************
    236           * @fn      SampleApp_ProcessEvent
    237           *
    238           * @brief   Generic Application Task event processor.  This function
    239           *          is called to process all events for the task.  Events
    240           *          include timers, messages and any other user defined events.
    241           *
    242           * @param   task_id  - The OSAL assigned task ID.
    243           * @param   events - events to process.  This is a bit map and can
    244           *                   contain more than one event.
    245           *
    246           * @return  none
    247           */
    248          uint16 SampleApp_ProcessEvent( uint8 task_id, uint16 events )
    249          {
    250            afIncomingMSGPacket_t *MSGpkt;
    251            (void)task_id;  // Intentionally unreferenced parameter
    252          
    253            if ( events & SYS_EVENT_MSG )
    254            {
    255              MSGpkt = (afIncomingMSGPacket_t *)osal_msg_receive( SampleApp_TaskID );
    256              while ( MSGpkt )
    257              {
    258                switch ( MSGpkt->hdr.event )
    259                {
    260                  // Received when a key is pressed
    261                  case KEY_CHANGE:
    262                    SampleApp_HandleKeys( ((keyChange_t *)MSGpkt)->state, ((keyChange_t *)MSGpkt)->keys );
    263                    break;
    264          
    265                  // Received when a messages is received (OTA) for this endpoint
    266                  case AF_INCOMING_MSG_CMD:
    267                    SampleApp_MessageMSGCB( MSGpkt );
    268                    break;
    269          
    270                  // Received whenever the device changes state in the network
    271                  case ZDO_STATE_CHANGE:
    272                    SampleApp_NwkState = (devStates_t)(MSGpkt->hdr.status);
    273                    if ( (SampleApp_NwkState == DEV_ZB_COORD)
    274                        || (SampleApp_NwkState == DEV_ROUTER)
    275                        || (SampleApp_NwkState == DEV_END_DEVICE) )
    276                    {
    277                      // Start sending the periodic message in a regular interval.
    278                      osal_start_timerEx( SampleApp_TaskID,
    279                                        SAMPLEAPP_SEND_PERIODIC_MSG_EVT,
    280                                        SAMPLEAPP_SEND_PERIODIC_MSG_TIMEOUT );
    281                    }
    282                    else
    283                    {
    284                      // Device is no longer in the network
    285                    }
    286                    break;
    287          
    288                  default:
    289                    break;
    290                }
    291          
    292                // Release the memory
    293                osal_msg_deallocate( (uint8 *)MSGpkt );
    294          
    295                // Next - if one is available
    296                MSGpkt = (afIncomingMSGPacket_t *)osal_msg_receive( SampleApp_TaskID );
    297              }
    298          
    299              // return unprocessed events
    300              return (events ^ SYS_EVENT_MSG);
    301            }
    302          
    303            // Send a message out - This event is generated by a timer
    304            //  (setup in SampleApp_Init()).
    305            if ( events & SAMPLEAPP_SEND_PERIODIC_MSG_EVT )
    306            {
    307              // Send the periodic message
    308              SampleApp_SendPeriodicMessage();
    309          
    310              // Setup to send message again in normal period (+ a little jitter)
    311              osal_start_timerEx( SampleApp_TaskID, SAMPLEAPP_SEND_PERIODIC_MSG_EVT,
    312                  (SAMPLEAPP_SEND_PERIODIC_MSG_TIMEOUT + (osal_rand() & 0x00FF)) );
    313          
    314              // return unprocessed events
    315              return (events ^ SAMPLEAPP_SEND_PERIODIC_MSG_EVT);
    316            }
    317          
    318            // Discard unknown events
    319            return 0;
    320          }
    321          
    322          /*********************************************************************
    323           * Event Generation Functions
    324           */
    325          /*********************************************************************
    326           * @fn      SampleApp_HandleKeys
    327           *
    328           * @brief   Handles all key events for this device.
    329           *
    330           * @param   shift - true if in shift/alt.
    331           * @param   keys - bit field for key events. Valid entries:
    332           *                 HAL_KEY_SW_2
    333           *                 HAL_KEY_SW_1
    334           *
    335           * @return  none
    336           */
    337          void SampleApp_HandleKeys( uint8 shift, uint8 keys )
    338          {
    339            (void)shift;  // Intentionally unreferenced parameter
    340            
    341            if ( keys & HAL_KEY_SW_1 )
    342            {
    343              /* This key sends the Flash Command is sent to Group 1.
    344               * This device will not receive the Flash Command from this
    345               * device (even if it belongs to group 1).
    346               */
    347              SampleApp_SendFlashMessage( SAMPLEAPP_FLASH_DURATION );
    348            }
    349          
    350            if ( keys & HAL_KEY_SW_2 )
    351            {
    352              /* The Flashr Command is sent to Group 1.
    353               * This key toggles this device in and out of group 1.
    354               * If this device doesn't belong to group 1, this application
    355               * will not receive the Flash command sent to group 1.
    356               */
    357              aps_Group_t *grp;
    358              grp = aps_FindGroup( SAMPLEAPP_ENDPOINT, SAMPLEAPP_FLASH_GROUP );
    359              if ( grp )
    360              {
    361                // Remove from the group
    362                aps_RemoveGroup( SAMPLEAPP_ENDPOINT, SAMPLEAPP_FLASH_GROUP );
    363              }
    364              else
    365              {
    366                // Add to the flash group
    367                aps_AddGroup( SAMPLEAPP_ENDPOINT, &SampleApp_Group );
    368              }
    369            }
    370          }
    371          
    372          /*********************************************************************
    373           * LOCAL FUNCTIONS
    374           */
    375          
    376          /*********************************************************************
    377           * @fn      SampleApp_MessageMSGCB
    378           *
    379           * @brief   Data message processor callback.  This function processes
    380           *          any incoming data - probably from other devices.  So, based
    381           *          on cluster ID, perform the intended action.
    382           *
    383           * @param   none
    384           *
    385           * @return  none
    386           */
    387          void SampleApp_MessageMSGCB( afIncomingMSGPacket_t *pkt )
    388          {
    389            uint16 flashTime;
    390          
    391            switch ( pkt->clusterId )
    392            {
    393              case SAMPLEAPP_PERIODIC_CLUSTERID:
    394                break;
    395          
    396              case SAMPLEAPP_FLASH_CLUSTERID:
    397                flashTime = BUILD_UINT16(pkt->cmd.Data[1], pkt->cmd.Data[2] );
    398                HalLedBlink( HAL_LED_4, 4, 50, (flashTime / 4) );
    399                break;
    400            }
    401          }
    402          
    403          /*********************************************************************
    404           * @fn      SampleApp_SendPeriodicMessage
    405           *
    406           * @brief   Send the periodic message.
    407           *
    408           * @param   none
    409           *
    410           * @return  none
    411           */
    412          void SampleApp_SendPeriodicMessage( void )
    413          {
    414            if ( AF_DataRequest( &SampleApp_Periodic_DstAddr, &SampleApp_epDesc,
    415                                 SAMPLEAPP_PERIODIC_CLUSTERID,
    416                                 1,
    417                                 (uint8*)&SampleAppPeriodicCounter,
    418                                 &SampleApp_TransID,
    419                                 AF_DISCV_ROUTE,
    420                                 AF_DEFAULT_RADIUS ) == afStatus_SUCCESS )
    421            {
    422            }
    423            else
    424            {
    425              // Error occurred in request to send.
    426            }
    427          }
    428          
    429          /*********************************************************************
    430           * @fn      SampleApp_SendFlashMessage
    431           *
    432           * @brief   Send the flash message to group 1.
    433           *
    434           * @param   flashTime - in milliseconds
    435           *
    436           * @return  none
    437           */
    438          void SampleApp_SendFlashMessage( uint16 flashTime )
    439          {
    440            uint8 buffer[3];
    441            buffer[0] = (uint8)(SampleAppFlashCounter++);
    442            buffer[1] = LO_UINT16( flashTime );
    443            buffer[2] = HI_UINT16( flashTime );
    444          
    445            if ( AF_DataRequest( &SampleApp_Flash_DstAddr, &SampleApp_epDesc,
    446                                 SAMPLEAPP_FLASH_CLUSTERID,
    447                                 3,
    448                                 buffer,
    449                                 &SampleApp_TransID,
    450                                 AF_DISCV_ROUTE,
    451                                 AF_DEFAULT_RADIUS ) == afStatus_SUCCESS )
    452            {
    453            }
    454            else
    455            {
    456              // Error occurred in request to send.
    457            }
    458          }
    459          
    460          /*********************************************************************
    461          *********************************************************************/

Errors: 1
Warnings: none
