###############################################################################
#                                                                             #
# IAR C/C++ Compiler V7.51A/W32 for 8051                08/Jun/2011  10:50:00 #
# Copyright 2004-2009 IAR Systems AB.                                         #
#                                                                             #
#    Core               =  plain                                              #
#    Code model         =  banked                                             #
#    Data model         =  large                                              #
#    Calling convention =  xdata reentrant                                    #
#    Constant location  =  data_rom                                           #
#    Dptr setup         =  1,16                                               #
#    Source file        =  C:\Texas Instruments\ZStack-CC2530-2.3.1\Component #
#                          s\zmac\f8w\zmac_cb.c                               #
#    Command line       =  -f "C:\Texas Instruments\ZStack-CC2530-2.3.1\Proje #
#                          cts\zstack\Samples\SampleApp\CC2530DB\..\..\..\Too #
#                          ls\CC2530DB\f8wCoord.cfg" (-DCPU32MHZ              #
#                          -DROOT=__near_func -DMAC_CFG_APP_PENDING_QUEUE=TRU #
#                          E -DMAC_CFG_TX_DATA_MAX=5 -DMAC_CFG_TX_MAX=8       #
#                          -DMAC_CFG_RX_MAX=5 -DZDO_COORDINATOR -DRTR_NWK)    #
#                          -f "C:\Texas Instruments\ZStack-CC2530-2.3.1\Proje #
#                          cts\zstack\Samples\SampleApp\CC2530DB\..\..\..\Too #
#                          ls\CC2530DB\f8wConfig.cfg" (-DSECURE=0             #
#                          -DZG_SECURE_DYNAMIC=0 -DREFLECTOR                  #
#                          -DDEFAULT_CHANLIST=0x00000800                      #
#                          -DZDAPP_CONFIG_PAN_ID=0xFFFF                       #
#                          -DNWK_START_DELAY=100 -DEXTENDED_JOINING_RANDOM_MA #
#                          SK=0x007F -DBEACON_REQUEST_DELAY=100               #
#                          -DBEACON_REQ_DELAY_MASK=0x00FF                     #
#                          -DLINK_STATUS_JITTER_MASK=0x007F                   #
#                          -DROUTE_EXPIRY_TIME=30 -DAPSC_ACK_WAIT_DURATION_PO #
#                          LLED=3000 -DNWK_INDIRECT_MSG_TIMEOUT=7             #
#                          -DMAX_RREQ_ENTRIES=8 -DAPSC_MAX_FRAME_RETRIES=3    #
#                          -DNWK_MAX_DATA_RETRIES=2                           #
#                          -DMAX_POLL_FAILURE_RETRIES=2 -DMAX_BCAST=9         #
#                          -DAPS_MAX_GROUPS=16 -DMAX_RTG_ENTRIES=40           #
#                          -DNWK_MAX_BINDING_ENTRIES=4                        #
#                          -DMAX_BINDING_CLUSTER_IDS=4 "-DDEFAULT_KEY={0x01,  #
#                          0x03, 0x05, 0x07, 0x09, 0x0B, 0x0D, 0x0F, 0x00,    #
#                          0x02, 0x04, 0x06, 0x08, 0x0A, 0x0C, 0x0D}"         #
#                          -DMAC_MAX_FRAME_SIZE=116                           #
#                          -DZDNWKMGR_MIN_TRANSMISSIONS=20 "-DCONST=const     #
#                          __code" -DGENERIC=__generic                        #
#                          -DRFD_RCVC_ALWAYS_ON=FALSE -DPOLL_RATE=1000        #
#                          -DQUEUED_POLL_RATE=100 -DRESPONSE_POLL_RATE=100)   #
#                          -DREJOIN_POLL_RATE=440 "C:\Texas                   #
#                          Instruments\ZStack-CC2530-2.3.1\Components\zmac\f8 #
#                          w\zmac_cb.c" -D BUILD_ALL_DEVICES -D               #
#                          HOLD_AUTO_START -D LCD_SUPPORTED -D                #
#                          HAL_UART=FALSE -lC "C:\Texas                       #
#                          Instruments\ZStack-CC2530-2.3.1\Projects\zstack\Sa #
#                          mples\SampleApp\CC2530DB\DemoEB\List\" -lA         #
#                          "C:\Texas Instruments\ZStack-CC2530-2.3.1\Projects #
#                          \zstack\Samples\SampleApp\CC2530DB\DemoEB\List\"   #
#                          --diag_suppress Pe001,Pa010 -o "C:\Texas           #
#                          Instruments\ZStack-CC2530-2.3.1\Projects\zstack\Sa #
#                          mples\SampleApp\CC2530DB\DemoEB\Obj\" -e           #
#                          --require_prototypes --debug --core=plain          #
#                          --dptr=16,1 --data_model=large                     #
#                          --code_model=banked --calling_convention=xdata_ree #
#                          ntrant --place_constants=data_rom                  #
#                          --nr_virtual_regs 16 -I "C:\Texas                  #
#                          Instruments\ZStack-CC2530-2.3.1\Projects\zstack\Sa #
#                          mples\SampleApp\CC2530DB\" -I "C:\Texas            #
#                          Instruments\ZStack-CC2530-2.3.1\Projects\zstack\Sa #
#                          mples\SampleApp\CC2530DB\..\SOURCE\" -I "C:\Texas  #
#                          Instruments\ZStack-CC2530-2.3.1\Projects\zstack\Sa #
#                          mples\SampleApp\CC2530DB\..\..\..\ZMAIN\TI2530DB\" #
#                           -I "C:\Texas Instruments\ZStack-CC2530-2.3.1\Proj #
#                          ects\zstack\Samples\SampleApp\CC2530DB\..\..\..\.. #
#                          \..\COMPONENTS\MT\" -I "C:\Texas                   #
#                          Instruments\ZStack-CC2530-2.3.1\Projects\zstack\Sa #
#                          mples\SampleApp\CC2530DB\..\..\..\..\..\COMPONENTS #
#                          \HAL\INCLUDE\" -I "C:\Texas                        #
#                          Instruments\ZStack-CC2530-2.3.1\Projects\zstack\Sa #
#                          mples\SampleApp\CC2530DB\..\..\..\..\..\COMPONENTS #
#                          \HAL\TARGET\CC2530EB\" -I "C:\Texas                #
#                          Instruments\ZStack-CC2530-2.3.1\Projects\zstack\Sa #
#                          mples\SampleApp\CC2530DB\..\..\..\..\..\COMPONENTS #
#                          \OSAL\MCU\CCSOC\" -I "C:\Texas                     #
#                          Instruments\ZStack-CC2530-2.3.1\Projects\zstack\Sa #
#                          mples\SampleApp\CC2530DB\..\..\..\..\..\COMPONENTS #
#                          \OSAL\INCLUDE\" -I "C:\Texas                       #
#                          Instruments\ZStack-CC2530-2.3.1\Projects\zstack\Sa #
#                          mples\SampleApp\CC2530DB\..\..\..\..\..\COMPONENTS #
#                          \STACK\AF\" -I "C:\Texas                           #
#                          Instruments\ZStack-CC2530-2.3.1\Projects\zstack\Sa #
#                          mples\SampleApp\CC2530DB\..\..\..\..\..\COMPONENTS #
#                          \STACK\NWK\" -I "C:\Texas                          #
#                          Instruments\ZStack-CC2530-2.3.1\Projects\zstack\Sa #
#                          mples\SampleApp\CC2530DB\..\..\..\..\..\COMPONENTS #
#                          \STACK\SEC\" -I "C:\Texas                          #
#                          Instruments\ZStack-CC2530-2.3.1\Projects\zstack\Sa #
#                          mples\SampleApp\CC2530DB\..\..\..\..\..\COMPONENTS #
#                          \STACK\SAPI\" -I "C:\Texas                         #
#                          Instruments\ZStack-CC2530-2.3.1\Projects\zstack\Sa #
#                          mples\SampleApp\CC2530DB\..\..\..\..\..\COMPONENTS #
#                          \STACK\SYS\" -I "C:\Texas                          #
#                          Instruments\ZStack-CC2530-2.3.1\Projects\zstack\Sa #
#                          mples\SampleApp\CC2530DB\..\..\..\..\..\COMPONENTS #
#                          \STACK\ZDO\" -I "C:\Texas                          #
#                          Instruments\ZStack-CC2530-2.3.1\Projects\zstack\Sa #
#                          mples\SampleApp\CC2530DB\..\..\..\..\..\COMPONENTS #
#                          \ZMAC\F8W\" -I "C:\Texas                           #
#                          Instruments\ZStack-CC2530-2.3.1\Projects\zstack\Sa #
#                          mples\SampleApp\CC2530DB\..\..\..\..\..\COMPONENTS #
#                          \ZMAC\" -I "C:\Texas Instruments\ZStack-CC2530-2.3 #
#                          .1\Projects\zstack\Samples\SampleApp\CC2530DB\..\. #
#                          .\..\..\..\COMPONENTS\SERVICES\SADDR\" -I          #
#                          "C:\Texas Instruments\ZStack-CC2530-2.3.1\Projects #
#                          \zstack\Samples\SampleApp\CC2530DB\..\..\..\..\..\ #
#                          COMPONENTS\SERVICES\SDATA\" -I "C:\Texas           #
#                          Instruments\ZStack-CC2530-2.3.1\Projects\zstack\Sa #
#                          mples\SampleApp\CC2530DB\..\..\..\..\..\COMPONENTS #
#                          \MAC\INCLUDE\" -I "C:\Texas                        #
#                          Instruments\ZStack-CC2530-2.3.1\Projects\zstack\Sa #
#                          mples\SampleApp\CC2530DB\..\..\..\..\..\COMPONENTS #
#                          \MAC\HIGH_LEVEL\" -I "C:\Texas                     #
#                          Instruments\ZStack-CC2530-2.3.1\Projects\zstack\Sa #
#                          mples\SampleApp\CC2530DB\..\..\..\..\..\COMPONENTS #
#                          \MAC\LOW_LEVEL\srf04\" -I "C:\Texas                #
#                          Instruments\ZStack-CC2530-2.3.1\Projects\zstack\Sa #
#                          mples\SampleApp\CC2530DB\..\..\..\..\..\COMPONENTS #
#                          \MAC\LOW_LEVEL\srf04\SINGLE_CHIP\" -I "C:\Program  #
#                          Files\IAR Systems\Embedded Workbench               #
#                          5.3\8051\INC\" -I "C:\Program Files\IAR            #
#                          Systems\Embedded Workbench 5.3\8051\INC\CLIB\"     #
#                          -Ohz                                               #
#    List file          =  C:\Texas Instruments\ZStack-CC2530-2.3.1\Projects\ #
#                          zstack\Samples\SampleApp\CC2530DB\DemoEB\List\zmac #
#                          _cb.lst                                            #
#    Object file        =  C:\Texas Instruments\ZStack-CC2530-2.3.1\Projects\ #
#                          zstack\Samples\SampleApp\CC2530DB\DemoEB\Obj\zmac_ #
#                          cb.r51                                             #
#                                                                             #
#                                                                             #
###############################################################################

C:\Texas Instruments\ZStack-CC2530-2.3.1\Components\zmac\f8w\zmac_cb.c
      1          /**************************************************************************************************
      2            Filename:       zmac_cb.c
      3            Revised:        $Date: 2010-05-18 18:52:47 -0700 (Tue, 18 May 2010) $
      4            Revision:       $Revision: 22541 $
      5          
      6            Description:    This file contains the NWK functions that the ZMAC calls
      7          
      8          
      9            Copyright 2005-2010 Texas Instruments Incorporated. All rights reserved.
     10          
     11            IMPORTANT: Your use of this Software is limited to those specific rights
     12            granted under the terms of a software license agreement between the user
     13            who downloaded the software, his/her employer (which must be your employer)
     14            and Texas Instruments Incorporated (the "License").  You may not use this
     15            Software unless you agree to abide by the terms of the License. The License
     16            limits your use, and you acknowledge, that the Software may not be modified,
     17            copied or distributed unless embedded on a Texas Instruments microcontroller
     18            or used solely and exclusively in conjunction with a Texas Instruments radio
     19            frequency transceiver, which is integrated into your product.  Other than for
     20            the foregoing purpose, you may not use, reproduce, copy, prepare derivative
     21            works of, modify, distribute, perform, display or sell this Software and/or
     22            its documentation for any purpose.
     23          
     24            YOU FURTHER ACKNOWLEDGE AND AGREE THAT THE SOFTWARE AND DOCUMENTATION ARE
     25            PROVIDED “AS IS” WITHOUT WARRANTY OF ANY KIND, EITHER EXPRESS OR IMPLIED,
     26            INCLUDING WITHOUT LIMITATION, ANY WARRANTY OF MERCHANTABILITY, TITLE,
     27            NON-INFRINGEMENT AND FITNESS FOR A PARTICULAR PURPOSE. IN NO EVENT SHALL
     28            TEXAS INSTRUMENTS OR ITS LICENSORS BE LIABLE OR OBLIGATED UNDER CONTRACT,
     29            NEGLIGENCE, STRICT LIABILITY, CONTRIBUTION, BREACH OF WARRANTY, OR OTHER
     30            LEGAL EQUITABLE THEORY ANY DIRECT OR INDIRECT DAMAGES OR EXPENSES
     31            INCLUDING BUT NOT LIMITED TO ANY INCIDENTAL, SPECIAL, INDIRECT, PUNITIVE
     32            OR CONSEQUENTIAL DAMAGES, LOST PROFITS OR LOST DATA, COST OF PROCUREMENT
     33            OF SUBSTITUTE GOODS, TECHNOLOGY, SERVICES, OR ANY CLAIMS BY THIRD PARTIES
     34            (INCLUDING BUT NOT LIMITED TO ANY DEFENSE THEREOF), OR OTHER SIMILAR COSTS.
     35          
     36            Should you have any questions regarding your right to use this Software,
     37            contact Texas Instruments Incorporated at www.TI.com.
     38          **************************************************************************************************/
     39          
     40          /********************************************************************************************************
     41           *                                               INCLUDES
     42           ********************************************************************************************************/
     43          
     44          #include "ZComDef.h"
     45          #include "OSAL.h"
     46          #include "ZMAC.h"
     47          #include "MT_MAC.h"
     48          #include "hal_mcu.h"
     49          
     50          #if !defined NONWK
     51          #include "nwk.h"
     52          #include "nwk_bufs.h"
     53          #include "ZGlobals.h"
     54          #endif
     55          
     56          #if defined( MACSIM )
     57            #include "mac_sim.h"
     58          #endif
     59          
     60          #include "mac_main.h"
     61          extern void *ZMac_ScanBuf;
     62          
     63          /********************************************************************************************************
     64           *                                               CONSTANTS
     65           ********************************************************************************************************/
     66          
     67          #if !defined NONWK
     68          /* Lookup table for size of structures. Must match with the order of MAC callback events */
     69          const uint8 CODE zmacCBSizeTable [] = {
     70            0,
     71            sizeof(ZMacAssociateInd_t),       // MAC_MLME_ASSOCIATE_IND      1   Associate indication
     72            sizeof(ZMacAssociateCnf_t),       // MAC_MLME_ASSOCIATE_CNF      2   Associate confirm
     73            0,                                // MAC_MLME_DISASSOCIATE_IND   3   Disassociate indication
     74            0,                                // MAC_MLME_DISASSOCIATE_CNF   4   Disassociate confirm
     75            sizeof(macMlmeBeaconNotifyInd_t), // MAC_MLME_BEACON_NOTIFY_IND  5   con notify indication
     76            sizeof(ZMacOrphanInd_t),          // MAC_MLME_ORPHAN_IND         6   Orphan indication
     77            sizeof(ZMacScanCnf_t),            // MAC_MLME_SCAN_CNF           7   Scan confirm
     78            sizeof(ZMacStartCnf_t),           // MAC_MLME_START_CNF          8   Start confirm
     79            0,                                // MAC_MLME_SYNC_LOSS_IND      9   Sync loss indication
     80            sizeof(ZMacPollCnf_t),            // MAC_MLME_POLL_CNF           10  Poll confirm
     81            sizeof(ZMacCommStatusInd_t),      // MAC_MLME_COMM_STATUS_IND    11  Comm status indication
     82            sizeof(ZMacDataCnf_t),            // MAC_MCPS_DATA_CNF           12  Data confirm
     83            sizeof(macMcpsDataInd_t),         // MAC_MCPS_DATA_IND           13  Data indication
     84            0,                                // MAC_MCPS_PURGE_CNF          14  Purge confirm
     85            0,                                // MAC_PWR_ON_CNF              15  Power on confirm
     86            sizeof(ZMacPollInd_t)             // MAC_MLME_POLL_IND           16  Poll indication
     87          };
     88          #endif /* !defined NONWK */
     89          
     90          /********************************************************************************************************
     91           *                                               LOCALS
     92           ********************************************************************************************************/
     93          
     94          /* LQI Adjustment Mode */
     95          static ZMacLqiAdjust_t lqiAdjMode = LQI_ADJ_OFF;
     96          
     97          /* LQI Adjustment Function */
     98          static void ZMacLqiAdjust( uint8 corr, uint8* lqi );
     99          
    100          /*********************************************************************
    101           * ZMAC Function Pointers
    102           */
    103          
    104          /*
    105           * ZMac Application callback function. This function will be called
    106           * for every MAC message that is received over-the-air or generated
    107           * locally by MAC for the application.
    108           *
    109           * The callback function should return TRUE if it has handled the
    110           * MAC message and no further action should be taken with it. It
    111           * should return FALSE if it has not handled the MAC message and
    112           * normal processing should take place.
    113           *
    114           * NOTE: The processing in this function should be kept to the
    115           *       minimum.
    116           */
    117          uint8 (*pZMac_AppCallback)( uint8 *msgPtr ) = (void*)NULL;
    118          
    119          
    120          /*********************************************************************
    121           * ZMAC Functions
    122           */
    123          
    124          /**************************************************************************************************
    125           * @fn       MAC_CbackEvent()
    126           *
    127           * @brief    convert MAC data confirm and indication to ZMac and send to NWK
    128           *
    129           * @param    pData - pointer to macCbackEvent_t
    130           *
    131           * @return   none
    132           *************************************************************************************************/
    133          void MAC_CbackEvent(macCbackEvent_t *pData)
    134          #ifndef MT_MAC_CB_FUNC
    135          {
    136          #if !defined NONWK
    137            uint8 event = pData->hdr.event;
    138            uint16 tmp = zmacCBSizeTable[event];
    139            macCbackEvent_t *msgPtr;
    140          
    141            /* If the Network layer will handle a new MAC callback, a non-zero value must be entered in the
    142             * corresponding location in the zmacCBSizeTable[] - thus the table acts as "should handle"?
    143             */
    144            if (tmp == 0)
    145            {
    146              return;
    147            }
    148          
    149            // MAC_MCPS_DATA_IND is very special - it is the only event where the MAC does not free *pData.
    150            if ( event == MAC_MCPS_DATA_IND )
    151            {
    152              MAC_MlmeGetReq( MAC_SHORT_ADDRESS, &tmp );
    153              if ((tmp == INVALID_NODE_ADDR) || (tmp == NWK_BROADCAST_SHORTADDR_DEVALL) ||
    154                  (pData->dataInd.msdu.len == 0))
    155              {
    156                mac_msg_deallocate( (uint8 **)&pData );
    157                return;
    158              }
    159              msgPtr = pData;
    160            }
    161            else
    162            {
    163              if (event == MAC_MLME_BEACON_NOTIFY_IND )
    164              {
    165                tmp += sizeof(macPanDesc_t) + pData->beaconNotifyInd.sduLength;
    166              }
    167              else if (event == MAC_MLME_SCAN_CNF)
    168              {
    169                if (pData->scanCnf.scanType == ZMAC_ED_SCAN)
    170                {
    171                  tmp += ZMAC_ED_SCAN_MAXCHANNELS;
    172                }
    173                else
    174                {
    175                  tmp += sizeof( ZMacPanDesc_t ) * pData->scanCnf.resultListSize;
    176                }
    177              }
    178          
    179              if ( !(msgPtr = (macCbackEvent_t *)osal_msg_allocate(tmp)) )
    180              {
    181                // Not enough memory. If data confirm - try again
    182                if ( event == MAC_MCPS_DATA_CNF )
    183                {
    184                  halIntState_t intState;
    185          
    186                  // This is not normally deallocated here because the pZMac_AppCallback()
    187                  // application may need it.
    188                  HAL_ENTER_CRITICAL_SECTION( intState );  // Hold off interrupts.
    189          
    190                  mac_msg_deallocate( (uint8**)&(pData->dataCnf.pDataReq) );
    191                  if ( !(msgPtr = (macCbackEvent_t *)osal_msg_allocate(tmp)) )
    192                  {
    193                    // Still no allocation, something is wrong
    194                    HAL_EXIT_CRITICAL_SECTION( intState );   // Re-enable interrupts.
    195                    return;
    196                  }
    197                  HAL_EXIT_CRITICAL_SECTION( intState );   // Re-enable interrupts.
    198                  pData->dataCnf.pDataReq = NULL;
    199                }
    200                else
    201                {
    202                  // This message is dropped
    203                  return;
    204                }
    205              }
    206              osal_memcpy(msgPtr, pData, zmacCBSizeTable[event]);
    207            }
    208          
    209            if ( event == MAC_MLME_BEACON_NOTIFY_IND )
    210            {
    211              macMlmeBeaconNotifyInd_t *pBeacon = (macMlmeBeaconNotifyInd_t*)msgPtr;
    212          
    213              osal_memcpy(pBeacon+1, pBeacon->pPanDesc, sizeof(macPanDesc_t));
    214              pBeacon->pPanDesc = (macPanDesc_t *)(pBeacon+1);
    215              osal_memcpy(pBeacon->pPanDesc+1, pBeacon->pSdu, pBeacon->sduLength);
    216              pBeacon->pSdu = (uint8 *)(pBeacon->pPanDesc+1);
    217            }
    218            else if (event == MAC_MLME_SCAN_CNF)
    219            {
    220              macMlmeScanCnf_t *pScan = (macMlmeScanCnf_t*)msgPtr;
    221          
    222              if (ZMac_ScanBuf != NULL)
    223              {
    224                void *pTmp = ZMac_ScanBuf;
    225                ZMac_ScanBuf = NULL;
    226          
    227                if (pScan->scanType == ZMAC_ED_SCAN)
    228                {
    229                  pScan->result.pEnergyDetect = (uint8*) (pScan + 1);
    230                  osal_memcpy(pScan->result.pEnergyDetect, pTmp, ZMAC_ED_SCAN_MAXCHANNELS);
    231                }
    232                else
    233                {
    234                  pScan->result.pPanDescriptor = (macPanDesc_t*) (pScan + 1);
    235                  osal_memcpy(pScan + 1, pTmp, sizeof( ZMacPanDesc_t ) * pScan->resultListSize);
    236                }
    237          
    238                osal_mem_free(pTmp);
    239              }
    240            }
    241          
    242            if ( ( pZMac_AppCallback == NULL ) || ( pZMac_AppCallback( (uint8 *)msgPtr ) == FALSE ) )
    243            {
    244              // Filter out non-zigbee packets
    245              if ( event == MAC_MCPS_DATA_IND )
    246              {
    247                uint8 fcFrameType = (pData->dataInd.msdu.p[0] & 0x03);
    248                uint8 fcProtoVer = ((pData->dataInd.msdu.p[0] >> 2) & 0x0F);
    249                uint8 fcReserve = (pData->dataInd.msdu.p[1] & 0xE0);
    250                if ( (fcFrameType > 0x01) || (fcProtoVer != _NIB.nwkProtocolVersion) || (fcReserve != 0)
    251                    || (pData->dataInd.mac.srcAddr.addrMode != SADDR_MODE_SHORT) )
    252                {
    253                  // Drop the message
    254                  mac_msg_deallocate( (uint8 **)&pData );
    255                  return;
    256                }
    257                else
    258                {
    259                  macDataInd_t *pInd = &msgPtr->dataInd.mac;
    260                  // See if LQI needs adjustment due to frame correlation
    261                  ZMacLqiAdjust( pInd->correlation, &pInd->mpduLinkQuality );
    262          
    263                  // Look for broadcast message that has a radius of greater 1
    264                  if ( (pData->dataInd.mac.dstAddr.addr.shortAddr == 0xFFFF)
    265                         && (pData->dataInd.msdu.p[6] > 1) )
    266                  {
    267                    // Send the messsage to a special broadcast queue
    268                    if ( nwk_broadcastSend( (uint8 *)msgPtr ) != SUCCESS )
    269                    {
    270                      // Drop the message, too many broadcast messages to process
    271                      mac_msg_deallocate( (uint8 **)&pData );
    272                    }
    273                    return;
    274                  }
    275                }
    276              }
    277              else if ( event == MAC_MCPS_DATA_CNF )
    278              {
    279                macMcpsDataCnf_t *pCnf = &msgPtr->dataCnf;
    280                // See if LQI needs adjustment due to frame correlation
    281                ZMacLqiAdjust( pCnf->correlation, &pCnf->mpduLinkQuality );
    282              }
    283          
    284              // Application hasn't already processed this message. Send it to NWK task.
    285              osal_msg_send( NWK_TaskID, (uint8 *)msgPtr );
    286            }
    287          
    288            if ( event == MAC_MCPS_DATA_CNF )
    289            {
    290              // If the application needs 'pDataReq' then we cannot free it here.
    291              // The application must free it after using it. Note that 'pDataReq'
    292              // is of macMcpsDataReq_t (and not ZMacDataReq_t) type.
    293          
    294              mac_msg_deallocate( (uint8**)&(pData->dataCnf.pDataReq) );
    295            }
    296          #endif
    297          }
    298          #else  // ifdef MT_MAC_CB_FUNC
    299          {
    300            /* Check if MT has subscribed for this callback If so, pass it as an event to MonitorTest */
    301            switch (pData->hdr.event)
    302            {
    303              case MAC_MLME_ASSOCIATE_IND:
    304                if ( _macCallbackSub & CB_ID_NWK_ASSOCIATE_IND )
    305                  nwk_MTCallbackSubNwkAssociateInd ( (ZMacAssociateInd_t *)pData );
    306                break;
    307          
    308              case MAC_MLME_ASSOCIATE_CNF:
    309                if ( _macCallbackSub & CB_ID_NWK_ASSOCIATE_CNF )
    310                  nwk_MTCallbackSubNwkAssociateCnf ( (ZMacAssociateCnf_t *)pData );
    311                break;
    312          
    313              case MAC_MLME_DISASSOCIATE_IND:
    314                if ( _macCallbackSub & CB_ID_NWK_DISASSOCIATE_IND )
    315                  nwk_MTCallbackSubNwkDisassociateInd ( (ZMacDisassociateInd_t *)pData );
    316                break;
    317          
    318              case MAC_MLME_DISASSOCIATE_CNF:
    319                if ( _macCallbackSub & CB_ID_NWK_DISASSOCIATE_CNF )
    320                  nwk_MTCallbackSubNwkDisassociateCnf ( (ZMacDisassociateCnf_t *)pData );
    321                break;
    322          
    323              case MAC_MLME_BEACON_NOTIFY_IND:
    324                if ( _macCallbackSub & CB_ID_NWK_BEACON_NOTIFY_IND )
    325                  nwk_MTCallbackSubNwkBeaconNotifyInd( (ZMacBeaconNotifyInd_t *)pData );
    326                break;
    327          
    328              case MAC_MLME_ORPHAN_IND:
    329                if ( _macCallbackSub & CB_ID_NWK_ORPHAN_IND )
    330                  nwk_MTCallbackSubNwkOrphanInd( (ZMacOrphanInd_t *) pData );
    331                break;
    332          
    333              case MAC_MLME_SCAN_CNF:
    334                if ( _macCallbackSub & CB_ID_NWK_SCAN_CNF )
    335                {
    336                  pData->scanCnf.result.pEnergyDetect = ZMac_ScanBuf;
    337                  nwk_MTCallbackSubNwkScanCnf ( (ZMacScanCnf_t *) pData );
    338                }
    339          
    340                if (ZMac_ScanBuf != NULL)
    341                {
    342                  void *pTmp = ZMac_ScanBuf;
    343                  ZMac_ScanBuf = NULL;
    344                  osal_mem_free(pTmp);
    345                }
    346                break;
    347          
    348              case MAC_MLME_START_CNF:
    349                if ( _macCallbackSub & CB_ID_NWK_START_CNF )
    350                  nwk_MTCallbackSubNwkStartCnf ( pData->hdr.status );
    351                break;
    352          
    353              case MAC_MLME_SYNC_LOSS_IND:
    354                if ( _macCallbackSub & CB_ID_NWK_SYNC_LOSS_IND )
    355                 nwk_MTCallbackSubNwkSyncLossInd( (ZMacSyncLossInd_t *) pData );
    356                break;
    357          
    358              case MAC_MLME_POLL_CNF:
    359                if ( _macCallbackSub & CB_ID_NWK_POLL_CNF )
    360                   nwk_MTCallbackSubNwkPollCnf( pData->hdr.status );
    361                break;
    362          
    363              case MAC_MLME_COMM_STATUS_IND:
    364                if ( _macCallbackSub & CB_ID_NWK_COMM_STATUS_IND )
    365                  nwk_MTCallbackSubCommStatusInd ( (ZMacCommStatusInd_t *) pData );
    366                break;
    367          
    368              case MAC_MCPS_DATA_CNF:
    369                mac_msg_deallocate((uint8**)&pData->dataCnf.pDataReq);
    370          
    371                if ( _macCallbackSub & CB_ID_NWK_DATA_CNF )
    372                  nwk_MTCallbackSubNwkDataCnf( (ZMacDataCnf_t *) pData );
    373                break;
    374          
    375              case MAC_MCPS_DATA_IND:
    376                  {
    377                    /*
    378                       Data Ind is unconventional: to save an alloc/copy, reuse the MAC
    379                       buffer and re-organize the contents into ZMAC format.
    380                    */
    381                    ZMacDataInd_t *pDataInd = (ZMacDataInd_t *) pData;
    382                    uint8 event, status, len, *msdu;
    383          
    384                    /* Store parameters */
    385                    event = pData->hdr.event;
    386                    status = pData->hdr.status;
    387                    len = pData->dataInd.msdu.len;
    388                    msdu = pData->dataInd.msdu.p;
    389          
    390                    /* Copy header */
    391                    osal_memcpy(&pDataInd->SrcAddr, &pData->dataInd.mac, sizeof(ZMacDataInd_t) - sizeof(ZMacEventHdr_t));
    392          
    393                    /* Security - set to zero for now*/
    394                    pDataInd->Sec.SecurityLevel = false;
    395          
    396                    /* Restore parameters */
    397                    pDataInd->hdr.Status = status;
    398                    pDataInd->hdr.Event = event;
    399                    pDataInd->msduLength = len;
    400          
    401                    if (len)
    402                      pDataInd->msdu = msdu;
    403                    else
    404                      pDataInd->msdu = NULL;
    405          
    406                    if ( _macCallbackSub & CB_ID_NWK_DATA_IND )
    407                      nwk_MTCallbackSubNwkDataInd ( pDataInd );
    408          
    409                    /* free buffer */
    410                    mac_msg_deallocate( (uint8 **)&pData );
    411                  }
    412                  break;
    413          
    414              case MAC_MCPS_PURGE_CNF:
    415                if ( _macCallbackSub & CB_ID_NWK_PURGE_CNF )
    416                  nwk_MTCallbackSubNwkPurgeCnf( (ZMacPurgeCnf_t *) pData);
    417                break;
    418          
    419              default:
    420                break;
    421            }
    422          }
    423          #endif
    424          
    425          /********************************************************************************************************
    426           * @fn      MAC_CbackCheckPending
    427           *
    428           * @brief   Return number of pending indirect msg
    429           *
    430           * @param   None
    431           *
    432           * @return  Number of indirect msg holding
    433           ********************************************************************************************************/
    434          uint8 MAC_CbackCheckPending(void)
    435          {
    436          #if !defined (NONWK)
    437            if ( ZSTACK_ROUTER_BUILD )
    438            {
    439              return (nwkDB_ReturnIndirectHoldingCnt());
    440            }
    441            else
    442            {
    443              return (0);
    444            }
    445          #else
    446            return (0);
    447          #endif
    448          }
    449          
    450          /********************************************************************************************************
    451           * @fn      ZMacLqiAdjustMode
    452           *
    453           * @brief   Sets/return LQI adjust mode
    454           *
    455           * @param   mode - LQI_ADJ_GET = return current mode only
    456           *                 LQI_ADJ_OFF = disable LQI adjusts
    457           *                 LQI_ADJ_MODEx = set to LQI adjust MODEx
    458           *
    459           * @return  current LQI adjust mode
    460           ********************************************************************************************************/
    461          ZMacLqiAdjust_t ZMacLqiAdjustMode( ZMacLqiAdjust_t mode )
    462          {
    463            if ( mode != LQI_ADJ_GET )
    464            {
    465              lqiAdjMode = mode;
    466            }
    467            return ( lqiAdjMode );
    468          }
    469          
    470          /********************************************************************************************************
    471           * @fn      ZMacLqiAdjust
    472           *
    473           * @brief   Adjust LQI according to correlation value
    474           *
    475           * @notes - the IEEE 802.15.4 specification provides some general statements on
    476           *          the subject of LQI. Section 6.7.8: "The minimum and maximum LQI values
    477           *          (0x00 and 0xFF) should be associated with the lowest and highest IEEE
    478           *          802.15.4 signals detectable by the receiver, and LQ values should be
    479           *          uniformly distributed between these two limits." Section E.2.3: "The
    480           *          LQI (see 6.7.8) measures the received energy and/or SNR for each
    481           *          received packet. When energy level and SNR information are combined,
    482           *          they can indicate whether a corrupt packet resulted from low signal
    483           *          strength or from high signal strength plus interference."
    484           *        - LQI Adjustment Mode1 provided below is a simple algorithm to use the
    485           *          packet correlation value (related to SNR) to scale incoming LQI value
    486           *          (related to signal strength) to 'derate' noisy packets.
    487           *        - LQI Adjustment Mode2 provided below is a location for a developer to
    488           *          implement their own proprietary LQI adjustment algorithm.
    489           *
    490           * @param   corr - packet correlation value
    491           * @param   lqi  - ptr to link quality (scaled rssi)
    492           *
    493           * @return  *lqi - adjusted link quality
    494           ********************************************************************************************************/
    495          static void ZMacLqiAdjust( uint8 corr, uint8 *lqi )
    496          {
    497            if ( lqiAdjMode != LQI_ADJ_OFF )
    498            {
    499              uint16 adjLqi = *lqi;
    500          
    501              // Keep correlation within theoretical limits
    502              if ( corr < LQI_CORR_MIN )
    503              {
    504                 corr = LQI_CORR_MIN;
    505              }
    506              else if ( corr > LQI_CORR_MAX )
    507              {
    508                 corr = LQI_CORR_MAX;
    509              }
    510          
    511              if ( lqiAdjMode == LQI_ADJ_MODE1 )
    512              {
    513                /* MODE1 - linear scaling of incoming LQI with a "correlation percentage"
    514                           which is computed from the incoming correlation value between
    515                           theorectical minimum/maximum values. This is a very simple way
    516                           of 'derating' the incoming LQI as correlation value drops. */
    517                adjLqi = (adjLqi * (corr - LQI_CORR_MIN)) / (LQI_CORR_MAX - LQI_CORR_MIN);
    518              }
    519              else if ( lqiAdjMode == LQI_ADJ_MODE2 )
    520              {
    521                /* MODE2 - location for developer to implement a proprietary algorithm */
    522              }
    523          
    524              // Replace incoming LQI with scaled value
    525              *lqi = (adjLqi > 255) ? 255 : (uint8)adjLqi;
    526            }
    527          }

Errors: 1
Warnings: none
